<?xml version="1.0" encoding="UTF-8"?>
<testsuite xmlns:xsi="http://www.w3.org/2001/XMLSchema-instance" xsi:noNamespaceSchemaLocation="https://maven.apache.org/surefire/maven-surefire-plugin/xsd/surefire-test-report-3.0.xsd" version="3.0" name="br.com.espacovista.controller.PrintControllerIntegrationTest" time="3.121" tests="2" errors="0" skipped="0" failures="0">
  <properties>
[...]
</properties>
  <testcase name="postToPrint_withValidRequest_shouldReturn200" classname="br.com.espacovista.controller.PrintControllerIntegrationTest" time="2.935">
    <system-out><![CDATA[10:49:14.872 [main] DEBUG org.eclipse.jetty.http.PreEncodedHttpField -- HttpField encoders loaded: [org.eclipse.jetty.http.Http1FieldPreEncoder@78e89bfe]
10:49:14.954 [main] DEBUG org.eclipse.jetty.util.component.ContainerLifeCycle -- QueuedThreadPool[qtp810672306]@3051e0b2{STOPPED,8<=0<=250,i=0,r=-1,t=-3198131ms,q=0}[NO_TRY] added {org.eclipse.jetty.util.thread.ThreadPoolBudget@31e72cbc,POJO}
10:49:14.961 [main] DEBUG org.eclipse.jetty.util.component.ContainerLifeCycle -- Server@67e28be3{STOPPED}[11.0.20,sto=0] added {QueuedThreadPool[JettyServerThreadPool]@3051e0b2{STOPPED,8<=0<=250,i=0,r=-1,t=-3198145ms,q=0}[NO_TRY],AUTO}
10:49:14.972 [main] DEBUG org.eclipse.jetty.util.component.ContainerLifeCycle -- Server@67e28be3{STOPPED}[11.0.20,sto=0] added {AttributeContainerMap@15dd5ac2{size=0},AUTO}
10:49:14.972 [main] DEBUG org.eclipse.jetty.util.component.ContainerLifeCycle -- Server@67e28be3{STOPPED}[11.0.20,sto=0] added {LowResourceMonitor@486bc9a4{STOPPED},AUTO}
10:49:14.980 [main] DEBUG org.eclipse.jetty.util.component.ContainerLifeCycle -- Server@67e28be3{STOPPED}[11.0.20,sto=0] added {StatisticsHandler@37b72ea{STOPPED,r=0,d=0},MANAGED}
10:49:14.980 [main] DEBUG org.eclipse.jetty.util.component.ContainerLifeCycle -- AttributeContainerMap@15dd5ac2{size=1} added {true,POJO}
10:49:15.011 [main] DEBUG org.eclipse.jetty.util.component.ContainerLifeCycle -- o.e.j.s.ServletContextHandler@5136207f{/,null,STOPPED} added {org.eclipse.jetty.server.session.SessionHandler648303898==dftMaxIdleSec=-1,MANAGED}
10:49:15.011 [main] DEBUG org.eclipse.jetty.util.component.ContainerLifeCycle -- org.eclipse.jetty.server.session.SessionHandler648303898==dftMaxIdleSec=-1 added {ServletHandler@69da0b12{STOPPED},MANAGED}
10:49:15.033 [main] DEBUG org.eclipse.jetty.util.component.ContainerLifeCycle -- o.e.j.s.ServletContextHandler@5136207f{/,null,STOPPED} added {ServletContainerInitializerStarter@3900fa71{STOPPED},MANAGED}
10:49:15.033 [main] DEBUG org.eclipse.jetty.util.component.ContainerLifeCycle -- ServletContainerInitializerStarter@3900fa71{STOPPED} added {ContainerInitializer{org.eclipse.jetty.websocket.server.config.JettyWebSocketServletContainerInitializer,interested=[],applicable=[],annotated=[]},MANAGED}
10:49:15.042 [main] DEBUG org.eclipse.jetty.util.component.ContainerLifeCycle -- o.e.j.s.ServletContextHandler@5136207f{/,null,STOPPED} added {org.eclipse.jetty.server.session.SessionHandler418299920==dftMaxIdleSec=-1,MANAGED}
10:49:15.042 [main] DEBUG org.eclipse.jetty.util.component.ContainerLifeCycle -- org.eclipse.jetty.server.session.SessionHandler418299920==dftMaxIdleSec=-1 added {ServletHandler@69da0b12{STOPPED},MANAGED}
10:49:15.042 [main] DEBUG org.eclipse.jetty.util.component.ContainerLifeCycle -- ServletHandler@69da0b12{STOPPED} added {io.javalin.jetty.JavalinJettyServlet-b016b4e==io.javalin.jetty.JavalinJettyServlet@23d44d92{jsp=null,order=-1,inst=false,async=true,src=EMBEDDED:null,STOPPED},AUTO}
10:49:15.051 [main] DEBUG org.eclipse.jetty.util.component.ContainerLifeCycle -- ServletHandler@69da0b12{STOPPED} added {[/*]=>io.javalin.jetty.JavalinJettyServlet-b016b4e,POJO}
10:49:15.051 [main] DEBUG org.eclipse.jetty.util.component.ContainerLifeCycle -- StatisticsHandler@37b72ea{STOPPED,r=0,d=0} added {o.e.j.s.ServletContextHandler@5136207f{/,null,STOPPED},MANAGED}
10:49:15.072 [main] DEBUG org.eclipse.jetty.util.component.ContainerLifeCycle -- HttpConnectionFactory@44841b43[HTTP/1.1] added {HttpConfiguration@7c75db8b{32768/8192,8192/8192,https://:0,[]},POJO}
10:49:15.074 [main] DEBUG org.eclipse.jetty.util.component.ContainerLifeCycle -- ServerConnector@7c1c5936{null, ()}{0.0.0.0:0} added {QueuedThreadPool[JettyServerThreadPool]@3051e0b2{STOPPED,8<=0<=250,i=0,r=-1,t=-3198251ms,q=0}[NO_TRY],AUTO}
10:49:15.081 [main] DEBUG org.eclipse.jetty.util.component.ContainerLifeCycle -- ServerConnector@7c1c5936{null, ()}{0.0.0.0:0} added {ScheduledExecutorScheduler@38018b62{STOPPED},AUTO}
10:49:15.090 [main] DEBUG org.eclipse.jetty.util.component.ContainerLifeCycle -- Server@67e28be3{STOPPED}[11.0.20,sto=0] added {LogarithmicArrayByteBufferPool@6e8a9c30{minBufferCapacity=0, maxBufferCapacity=65536, maxQueueLength=-1, factor=4096},POJO}
10:49:15.090 [main] DEBUG org.eclipse.jetty.util.component.ContainerLifeCycle -- ServerConnector@7c1c5936{null, ()}{0.0.0.0:0} added {LogarithmicArrayByteBufferPool@6e8a9c30{minBufferCapacity=0, maxBufferCapacity=65536, maxQueueLength=-1, factor=4096},UNMANAGED}
10:49:15.090 [main] DEBUG org.eclipse.jetty.util.component.ContainerLifeCycle -- ServerConnector@7c1c5936{null, ()}{0.0.0.0:0} added {org.eclipse.jetty.io.LogarithmicArrayByteBufferPool$LogarithmicRetainablePool@5d01ea21{min=0,max=65536,buckets=17,heap=0/-1,direct=0/-1},POJO}
10:49:15.090 [main] DEBUG org.eclipse.jetty.util.component.ContainerLifeCycle -- ServerConnector@7c1c5936{null, ()}{0.0.0.0:0} added {org.eclipse.jetty.server.AbstractConnector$1@2216effc,POJO}
10:49:15.090 [main] DEBUG org.eclipse.jetty.util.component.ContainerLifeCycle -- ServerConnector@7c1c5936{null, (http/1.1)}{0.0.0.0:0} added {HttpConnectionFactory@44841b43[HTTP/1.1],AUTO}
10:49:15.090 [main] DEBUG org.eclipse.jetty.server.AbstractConnector -- ServerConnector@7c1c5936{HTTP/1.1, (http/1.1)}{0.0.0.0:0} added HttpConnectionFactory@44841b43[HTTP/1.1]
10:49:15.096 [main] DEBUG org.eclipse.jetty.util.component.ContainerLifeCycle -- ServerConnector@7c1c5936{HTTP/1.1, (http/1.1)}{0.0.0.0:0} added {SelectorManager@ServerConnector@7c1c5936{HTTP/1.1, (http/1.1)}{0.0.0.0:0},MANAGED}
10:49:15.096 [main] DEBUG org.eclipse.jetty.util.component.ContainerLifeCycle -- Server@67e28be3{STOPPED}[11.0.20,sto=0] added {ServerConnector@7c1c5936{HTTP/1.1, (http/1.1)}{0.0.0.0:0},AUTO}
10:49:15.100 [main] INFO io.javalin.Javalin -- Starting Javalin ...
10:49:15.100 [main] DEBUG org.eclipse.jetty.util.component.AbstractLifeCycle -- STARTING Server@67e28be3{STOPPED}[11.0.20,sto=0]
10:49:15.102 [main] DEBUG org.eclipse.jetty.util.component.ContainerLifeCycle -- Server@67e28be3{STARTING}[11.0.20,sto=0] added {ErrorHandler@63716833{STOPPED},AUTO}
10:49:15.102 [main] INFO org.eclipse.jetty.server.Server -- jetty-11.0.20; built: 2024-01-29T21:04:22.394Z; git: 922f8dc188f7011e60d0361de585fd4ac4d63064; jvm 21.0.7+8-LTS-245
10:49:15.131 [main] DEBUG org.eclipse.jetty.server.AbstractConnector -- Could not configure SO_REUSEPORT to false on sun.nio.ch.ServerSocketChannelImpl[unbound]
java.lang.UnsupportedOperationException: 'SO_REUSEPORT' not supported
	at java.base/sun.nio.ch.ServerSocketChannelImpl.setOption(ServerSocketChannelImpl.java:219)
	at org.eclipse.jetty.server.ServerConnector.setSocketOption(ServerConnector.java:355)
	at org.eclipse.jetty.server.ServerConnector.openAcceptChannel(ServerConnector.java:336)
	at org.eclipse.jetty.server.ServerConnector.open(ServerConnector.java:304)
	at org.eclipse.jetty.server.Server.lambda$doStart$0(Server.java:402)
	at java.base/java.util.stream.ForEachOps$ForEachOp$OfRef.accept(ForEachOps.java:184)
	at java.base/java.util.stream.ReferencePipeline$3$1.accept(ReferencePipeline.java:197)
	at java.base/java.util.stream.ReferencePipeline$2$1.accept(ReferencePipeline.java:179)
	at java.base/java.util.Spliterators$ArraySpliterator.forEachRemaining(Spliterators.java:1024)
	at java.base/java.util.stream.AbstractPipeline.copyInto(AbstractPipeline.java:509)
	at java.base/java.util.stream.AbstractPipeline.wrapAndCopyInto(AbstractPipeline.java:499)
	at java.base/java.util.stream.ForEachOps$ForEachOp.evaluateSequential(ForEachOps.java:151)
	at java.base/java.util.stream.ForEachOps$ForEachOp$OfRef.evaluateSequential(ForEachOps.java:174)
	at java.base/java.util.stream.AbstractPipeline.evaluate(AbstractPipeline.java:234)
	at java.base/java.util.stream.ReferencePipeline.forEach(ReferencePipeline.java:596)
	at org.eclipse.jetty.server.Server.doStart(Server.java:398)
	at org.eclipse.jetty.util.component.AbstractLifeCycle.start(AbstractLifeCycle.java:93)
	at io.javalin.jetty.JettyServer.start(JettyServer.kt:93)
	at io.javalin.Javalin.start(Javalin.java:123)
	at br.com.espacovista.controller.PrintControllerIntegrationTest.setUp(PrintControllerIntegrationTest.java:40)
	at java.base/jdk.internal.reflect.DirectMethodHandleAccessor.invoke(DirectMethodHandleAccessor.java:103)
	at java.base/java.lang.reflect.Method.invoke(Method.java:580)
	at org.junit.platform.commons.util.ReflectionUtils.invokeMethod(ReflectionUtils.java:728)
	at org.junit.jupiter.engine.execution.MethodInvocation.proceed(MethodInvocation.java:60)
	at org.junit.jupiter.engine.execution.InvocationInterceptorChain$ValidatingInvocation.proceed(InvocationInterceptorChain.java:131)
	at org.junit.jupiter.engine.extension.TimeoutExtension.intercept(TimeoutExtension.java:156)
	at org.junit.jupiter.engine.extension.TimeoutExtension.interceptLifecycleMethod(TimeoutExtension.java:128)
	at org.junit.jupiter.engine.extension.TimeoutExtension.interceptBeforeEachMethod(TimeoutExtension.java:78)
	at org.junit.jupiter.engine.execution.InterceptingExecutableInvoker$ReflectiveInterceptorCall.lambda$ofVoidMethod$0(InterceptingExecutableInvoker.java:103)
	at org.junit.jupiter.engine.execution.InterceptingExecutableInvoker.lambda$invoke$0(InterceptingExecutableInvoker.java:93)
	at org.junit.jupiter.engine.execution.InvocationInterceptorChain$InterceptedInvocation.proceed(InvocationInterceptorChain.java:106)
	at org.junit.jupiter.engine.execution.InvocationInterceptorChain.proceed(InvocationInterceptorChain.java:64)
	at org.junit.jupiter.engine.execution.InvocationInterceptorChain.chainAndInvoke(InvocationInterceptorChain.java:45)
	at org.junit.jupiter.engine.execution.InvocationInterceptorChain.invoke(InvocationInterceptorChain.java:37)
	at org.junit.jupiter.engine.execution.InterceptingExecutableInvoker.invoke(InterceptingExecutableInvoker.java:92)
	at org.junit.jupiter.engine.execution.InterceptingExecutableInvoker.invoke(InterceptingExecutableInvoker.java:86)
	at org.junit.jupiter.engine.descriptor.ClassBasedTestDescriptor.invokeMethodInExtensionContext(ClassBasedTestDescriptor.java:521)
	at org.junit.jupiter.engine.descriptor.ClassBasedTestDescriptor.lambda$synthesizeBeforeEachMethodAdapter$23(ClassBasedTestDescriptor.java:506)
	at org.junit.jupiter.engine.descriptor.TestMethodTestDescriptor.lambda$invokeBeforeEachMethods$3(TestMethodTestDescriptor.java:175)
	at org.junit.jupiter.engine.descriptor.TestMethodTestDescriptor.lambda$invokeBeforeMethodsOrCallbacksUntilExceptionOccurs$6(TestMethodTestDescriptor.java:203)
	at org.junit.platform.engine.support.hierarchical.ThrowableCollector.execute(ThrowableCollector.java:73)
	at org.junit.jupiter.engine.descriptor.TestMethodTestDescriptor.invokeBeforeMethodsOrCallbacksUntilExceptionOccurs(TestMethodTestDescriptor.java:203)
	at org.junit.jupiter.engine.descriptor.TestMethodTestDescriptor.invokeBeforeEachMethods(TestMethodTestDescriptor.java:172)
	at org.junit.jupiter.engine.descriptor.TestMethodTestDescriptor.execute(TestMethodTestDescriptor.java:135)
	at org.junit.jupiter.engine.descriptor.TestMethodTestDescriptor.execute(TestMethodTestDescriptor.java:69)
	at org.junit.platform.engine.support.hierarchical.NodeTestTask.lambda$executeRecursively$6(NodeTestTask.java:151)
	at org.junit.platform.engine.support.hierarchical.ThrowableCollector.execute(ThrowableCollector.java:73)
	at org.junit.platform.engine.support.hierarchical.NodeTestTask.lambda$executeRecursively$8(NodeTestTask.java:141)
	at org.junit.platform.engine.support.hierarchical.Node.around(Node.java:137)
	at org.junit.platform.engine.support.hierarchical.NodeTestTask.lambda$executeRecursively$9(NodeTestTask.java:139)
	at org.junit.platform.engine.support.hierarchical.ThrowableCollector.execute(ThrowableCollector.java:73)
	at org.junit.platform.engine.support.hierarchical.NodeTestTask.executeRecursively(NodeTestTask.java:138)
	at org.junit.platform.engine.support.hierarchical.NodeTestTask.execute(NodeTestTask.java:95)
	at java.base/java.util.ArrayList.forEach(ArrayList.java:1596)
	at org.junit.platform.engine.support.hierarchical.SameThreadHierarchicalTestExecutorService.invokeAll(SameThreadHierarchicalTestExecutorService.java:41)
	at org.junit.platform.engine.support.hierarchical.NodeTestTask.lambda$executeRecursively$6(NodeTestTask.java:155)
	at org.junit.platform.engine.support.hierarchical.ThrowableCollector.execute(ThrowableCollector.java:73)
	at org.junit.platform.engine.support.hierarchical.NodeTestTask.lambda$executeRecursively$8(NodeTestTask.java:141)
	at org.junit.platform.engine.support.hierarchical.Node.around(Node.java:137)
	at org.junit.platform.engine.support.hierarchical.NodeTestTask.lambda$executeRecursively$9(NodeTestTask.java:139)
	at org.junit.platform.engine.support.hierarchical.ThrowableCollector.execute(ThrowableCollector.java:73)
	at org.junit.platform.engine.support.hierarchical.NodeTestTask.executeRecursively(NodeTestTask.java:138)
	at org.junit.platform.engine.support.hierarchical.NodeTestTask.execute(NodeTestTask.java:95)
	at java.base/java.util.ArrayList.forEach(ArrayList.java:1596)
	at org.junit.platform.engine.support.hierarchical.SameThreadHierarchicalTestExecutorService.invokeAll(SameThreadHierarchicalTestExecutorService.java:41)
	at org.junit.platform.engine.support.hierarchical.NodeTestTask.lambda$executeRecursively$6(NodeTestTask.java:155)
	at org.junit.platform.engine.support.hierarchical.ThrowableCollector.execute(ThrowableCollector.java:73)
	at org.junit.platform.engine.support.hierarchical.NodeTestTask.lambda$executeRecursively$8(NodeTestTask.java:141)
	at org.junit.platform.engine.support.hierarchical.Node.around(Node.java:137)
	at org.junit.platform.engine.support.hierarchical.NodeTestTask.lambda$executeRecursively$9(NodeTestTask.java:139)
	at org.junit.platform.engine.support.hierarchical.ThrowableCollector.execute(ThrowableCollector.java:73)
	at org.junit.platform.engine.support.hierarchical.NodeTestTask.executeRecursively(NodeTestTask.java:138)
	at org.junit.platform.engine.support.hierarchical.NodeTestTask.execute(NodeTestTask.java:95)
	at org.junit.platform.engine.support.hierarchical.SameThreadHierarchicalTestExecutorService.submit(SameThreadHierarchicalTestExecutorService.java:35)
	at org.junit.platform.engine.support.hierarchical.HierarchicalTestExecutor.execute(HierarchicalTestExecutor.java:57)
	at org.junit.platform.engine.support.hierarchical.HierarchicalTestEngine.execute(HierarchicalTestEngine.java:54)
	at org.junit.platform.launcher.core.EngineExecutionOrchestrator.execute(EngineExecutionOrchestrator.java:198)
	at org.junit.platform.launcher.core.EngineExecutionOrchestrator.execute(EngineExecutionOrchestrator.java:169)
	at org.junit.platform.launcher.core.EngineExecutionOrchestrator.execute(EngineExecutionOrchestrator.java:93)
	at org.junit.platform.launcher.core.EngineExecutionOrchestrator.lambda$execute$0(EngineExecutionOrchestrator.java:58)
	at org.junit.platform.launcher.core.EngineExecutionOrchestrator.withInterceptedStreams(EngineExecutionOrchestrator.java:141)
	at org.junit.platform.launcher.core.EngineExecutionOrchestrator.execute(EngineExecutionOrchestrator.java:57)
	at org.junit.platform.launcher.core.DefaultLauncher.execute(DefaultLauncher.java:103)
	at org.junit.platform.launcher.core.DefaultLauncher.execute(DefaultLauncher.java:85)
	at org.junit.platform.launcher.core.DelegatingLauncher.execute(DelegatingLauncher.java:47)
	at org.apache.maven.surefire.junitplatform.LazyLauncher.execute(LazyLauncher.java:56)
	at org.apache.maven.surefire.junitplatform.JUnitPlatformProvider.execute(JUnitPlatformProvider.java:184)
	at org.apache.maven.surefire.junitplatform.JUnitPlatformProvider.invokeAllTests(JUnitPlatformProvider.java:148)
	at org.apache.maven.surefire.junitplatform.JUnitPlatformProvider.invoke(JUnitPlatformProvider.java:122)
	at org.apache.maven.surefire.booter.ForkedBooter.runSuitesInProcess(ForkedBooter.java:385)
	at org.apache.maven.surefire.booter.ForkedBooter.execute(ForkedBooter.java:162)
	at org.apache.maven.surefire.booter.ForkedBooter.run(ForkedBooter.java:507)
	at org.apache.maven.surefire.booter.ForkedBooter.main(ForkedBooter.java:495)
10:49:15.145 [main] DEBUG org.eclipse.jetty.util.component.ContainerLifeCycle -- ServerConnector@7c1c5936{HTTP/1.1, (http/1.1)}{0.0.0.0:53844} added {sun.nio.ch.ServerSocketChannelImpl[/[0:0:0:0:0:0:0:0]:53844],POJO}
10:49:15.145 [main] DEBUG org.eclipse.jetty.server.handler.AbstractHandler -- starting Server@67e28be3{STARTING}[11.0.20,sto=0]
10:49:15.145 [main] DEBUG org.eclipse.jetty.util.component.AbstractLifeCycle -- STARTING QueuedThreadPool[JettyServerThreadPool]@3051e0b2{STOPPED,8<=0<=250,i=0,r=-1,t=-3198320ms,q=0}[NO_TRY]
10:49:15.150 [main] DEBUG org.eclipse.jetty.util.thread.ReservedThreadExecutor -- ReservedThreadExecutor@39008c9f{reserved=0/12,pending=0}
10:49:15.152 [main] DEBUG org.eclipse.jetty.util.component.ContainerLifeCycle -- QueuedThreadPool[JettyServerThreadPool]@3051e0b2{STARTING,8<=0<=250,i=0,r=-1,t=-3198323ms,q=0}[ReservedThreadExecutor@39008c9f{reserved=0/12,pending=0}] added {ReservedThreadExecutor@39008c9f{reserved=0/12,pending=0},AUTO}
10:49:15.152 [main] DEBUG org.eclipse.jetty.util.component.AbstractLifeCycle -- STARTING ReservedThreadExecutor@39008c9f{reserved=0/12,pending=0}
10:49:15.152 [main] DEBUG org.eclipse.jetty.util.component.AbstractLifeCycle -- STARTED @2362ms ReservedThreadExecutor@39008c9f{reserved=0/12,pending=0}
10:49:15.161 [main] DEBUG org.eclipse.jetty.util.thread.QueuedThreadPool -- Starting Thread[#35,JettyServerThreadPool-35,5,main]
10:49:15.161 [main] DEBUG org.eclipse.jetty.util.thread.QueuedThreadPool -- Starting Thread[#36,JettyServerThreadPool-36,5,main]
10:49:15.161 [main] DEBUG org.eclipse.jetty.util.thread.QueuedThreadPool -- Starting Thread[#37,JettyServerThreadPool-37,5,main]
10:49:15.161 [JettyServerThreadPool-35] DEBUG org.eclipse.jetty.util.thread.QueuedThreadPool -- Runner started for QueuedThreadPool[JettyServerThreadPool]@3051e0b2{STARTING,8<=3<=250,i=3,r=-1,t=59999ms,q=0}[ReservedThreadExecutor@39008c9f{reserved=0/12,pending=0}]
10:49:15.161 [main] DEBUG org.eclipse.jetty.util.thread.QueuedThreadPool -- Starting Thread[#38,JettyServerThreadPool-38,5,main]
10:49:15.161 [JettyServerThreadPool-36] DEBUG org.eclipse.jetty.util.thread.QueuedThreadPool -- Runner started for QueuedThreadPool[JettyServerThreadPool]@3051e0b2{STARTING,8<=4<=250,i=4,r=-1,t=59999ms,q=0}[ReservedThreadExecutor@39008c9f{reserved=0/12,pending=0}]
10:49:15.161 [main] DEBUG org.eclipse.jetty.util.thread.QueuedThreadPool -- Starting Thread[#39,JettyServerThreadPool-39,5,main]
10:49:15.161 [JettyServerThreadPool-37] DEBUG org.eclipse.jetty.util.thread.QueuedThreadPool -- Runner started for QueuedThreadPool[JettyServerThreadPool]@3051e0b2{STARTING,8<=5<=250,i=5,r=-1,t=59999ms,q=0}[ReservedThreadExecutor@39008c9f{reserved=0/12,pending=0}]
10:49:15.161 [main] DEBUG org.eclipse.jetty.util.thread.QueuedThreadPool -- Starting Thread[#40,JettyServerThreadPool-40,5,main]
10:49:15.161 [JettyServerThreadPool-38] DEBUG org.eclipse.jetty.util.thread.QueuedThreadPool -- Runner started for QueuedThreadPool[JettyServerThreadPool]@3051e0b2{STARTING,8<=6<=250,i=6,r=-1,t=59999ms,q=0}[ReservedThreadExecutor@39008c9f{reserved=0/12,pending=0}]
10:49:15.161 [main] DEBUG org.eclipse.jetty.util.thread.QueuedThreadPool -- Starting Thread[#41,JettyServerThreadPool-41,5,main]
10:49:15.161 [JettyServerThreadPool-39] DEBUG org.eclipse.jetty.util.thread.QueuedThreadPool -- Runner started for QueuedThreadPool[JettyServerThreadPool]@3051e0b2{STARTING,8<=7<=250,i=7,r=-1,t=59999ms,q=0}[ReservedThreadExecutor@39008c9f{reserved=0/12,pending=0}]
10:49:15.161 [main] DEBUG org.eclipse.jetty.util.thread.QueuedThreadPool -- Starting Thread[#42,JettyServerThreadPool-42,5,main]
10:49:15.161 [JettyServerThreadPool-40] DEBUG org.eclipse.jetty.util.thread.QueuedThreadPool -- Runner started for QueuedThreadPool[JettyServerThreadPool]@3051e0b2{STARTING,8<=8<=250,i=8,r=-1,t=59999ms,q=0}[ReservedThreadExecutor@39008c9f{reserved=0/12,pending=0}]
10:49:15.161 [main] DEBUG org.eclipse.jetty.util.component.AbstractLifeCycle -- STARTED @2372ms QueuedThreadPool[JettyServerThreadPool]@3051e0b2{STARTED,8<=8<=250,i=8,r=-1,t=59999ms,q=0}[ReservedThreadExecutor@39008c9f{reserved=0/12,pending=0}]
10:49:15.161 [main] DEBUG org.eclipse.jetty.util.component.AbstractLifeCycle -- STARTING AttributeContainerMap@15dd5ac2{size=1}
10:49:15.161 [JettyServerThreadPool-41] DEBUG org.eclipse.jetty.util.thread.QueuedThreadPool -- Runner started for QueuedThreadPool[JettyServerThreadPool]@3051e0b2{STARTED,8<=8<=250,i=8,r=-1,t=59999ms,q=0}[ReservedThreadExecutor@39008c9f{reserved=0/12,pending=0}]
10:49:15.161 [JettyServerThreadPool-42] DEBUG org.eclipse.jetty.util.thread.QueuedThreadPool -- Runner started for QueuedThreadPool[JettyServerThreadPool]@3051e0b2{STARTED,8<=8<=250,i=8,r=-1,t=59999ms,q=0}[ReservedThreadExecutor@39008c9f{reserved=0/12,pending=0}]
10:49:15.161 [main] DEBUG org.eclipse.jetty.util.component.AbstractLifeCycle -- STARTED @2373ms AttributeContainerMap@15dd5ac2{size=1}
10:49:15.161 [main] DEBUG org.eclipse.jetty.util.component.AbstractLifeCycle -- STARTING LowResourceMonitor@486bc9a4{STOPPED}
10:49:15.170 [main] DEBUG org.eclipse.jetty.util.component.AbstractLifeCycle -- STARTING LRMScheduler@4aaae508{STOPPED}
10:49:15.170 [main] DEBUG org.eclipse.jetty.util.component.AbstractLifeCycle -- STARTED @2375ms LRMScheduler@4aaae508{STARTED}
10:49:15.176 [main] DEBUG org.eclipse.jetty.util.component.AbstractLifeCycle -- STARTED @2381ms LowResourceMonitor@486bc9a4{STARTED}
10:49:15.176 [main] DEBUG org.eclipse.jetty.util.component.AbstractLifeCycle -- STARTING StatisticsHandler@37b72ea{STOPPED,r=0,d=0}
10:49:15.176 [main] DEBUG org.eclipse.jetty.server.handler.AbstractHandler -- starting StatisticsHandler@37b72ea{STARTING,r=0,d=0}
10:49:15.176 [main] DEBUG org.eclipse.jetty.util.component.AbstractLifeCycle -- STARTING o.e.j.s.ServletContextHandler@5136207f{/,null,STOPPED}
10:49:15.176 [main] DEBUG org.eclipse.jetty.util.DecoratedObjectFactory -- Adding Decorator: org.eclipse.jetty.util.DeprecationWarning@713064e8
10:49:15.180 [main] DEBUG org.eclipse.jetty.util.component.AbstractLifeCycle -- STARTING ServletContainerInitializerStarter@3900fa71{STOPPED}
10:49:15.180 [main] DEBUG org.eclipse.jetty.servlet.ServletContextHandler -- Starting SCIs
10:49:15.180 [main] DEBUG org.eclipse.jetty.util.component.AbstractLifeCycle -- STARTING ContainerInitializer{org.eclipse.jetty.websocket.server.config.JettyWebSocketServletContainerInitializer,interested=[],applicable=[],annotated=[]}
10:49:15.181 [main] DEBUG org.eclipse.jetty.util.component.AbstractLifeCycle -- STARTING InflaterPool@30e6a763{STOPPED,size=-1,capacity=250}
10:49:15.181 [main] DEBUG org.eclipse.jetty.util.component.ContainerLifeCycle -- InflaterPool@30e6a763{STARTING,size=0,capacity=250} added {Pool@4c48fe92[inUse=0,size=0,max=250,closed=false],POJO}
10:49:15.181 [main] DEBUG org.eclipse.jetty.util.component.AbstractLifeCycle -- STARTED @2389ms InflaterPool@30e6a763{STARTED,size=0,capacity=250}
10:49:15.181 [main] DEBUG org.eclipse.jetty.util.component.ContainerLifeCycle -- Server@67e28be3{STARTING}[11.0.20,sto=0] added {InflaterPool@30e6a763{STARTED,size=0,capacity=250},MANAGED}
10:49:15.181 [main] DEBUG org.eclipse.jetty.util.component.AbstractLifeCycle -- STARTING DeflaterPool@7c29adc8{STOPPED,size=-1,capacity=250}
10:49:15.181 [main] DEBUG org.eclipse.jetty.util.component.ContainerLifeCycle -- DeflaterPool@7c29adc8{STARTING,size=0,capacity=250} added {Pool@4b2e3e8f[inUse=0,size=0,max=250,closed=false],POJO}
10:49:15.181 [main] DEBUG org.eclipse.jetty.util.component.AbstractLifeCycle -- STARTED @2391ms DeflaterPool@7c29adc8{STARTED,size=0,capacity=250}
10:49:15.181 [main] DEBUG org.eclipse.jetty.util.component.ContainerLifeCycle -- Server@67e28be3{STARTING}[11.0.20,sto=0] added {DeflaterPool@7c29adc8{STARTED,size=0,capacity=250},MANAGED}
10:49:15.208 [main] DEBUG org.eclipse.jetty.util.component.ContainerLifeCycle -- WebSocketServerComponents@61e7bf2f{STOPPED} added {InflaterPool@30e6a763{STARTED,size=0,capacity=250},UNMANAGED}
10:49:15.208 [main] DEBUG org.eclipse.jetty.util.component.ContainerLifeCycle -- WebSocketServerComponents@61e7bf2f{STOPPED} added {DeflaterPool@7c29adc8{STARTED,size=0,capacity=250},UNMANAGED}
10:49:15.208 [main] DEBUG org.eclipse.jetty.util.component.ContainerLifeCycle -- WebSocketServerComponents@61e7bf2f{STOPPED} added {LogarithmicArrayByteBufferPool@6e8a9c30{minBufferCapacity=0, maxBufferCapacity=65536, maxQueueLength=-1, factor=4096},POJO}
10:49:15.208 [main] DEBUG org.eclipse.jetty.util.component.ContainerLifeCycle -- WebSocketServerComponents@61e7bf2f{STOPPED} added {org.eclipse.jetty.websocket.core.WebSocketExtensionRegistry@1a28b346,POJO}
10:49:15.208 [main] DEBUG org.eclipse.jetty.util.component.ContainerLifeCycle -- WebSocketServerComponents@61e7bf2f{STOPPED} added {org.eclipse.jetty.util.DecoratedObjectFactory[decorators=1],POJO}
10:49:15.208 [main] DEBUG org.eclipse.jetty.util.component.ContainerLifeCycle -- WebSocketServerComponents@61e7bf2f{STOPPED} added {QueuedThreadPool[JettyServerThreadPool]@3051e0b2{STARTED,8<=8<=250,i=8,r=-1,t=59958ms,q=0}[ReservedThreadExecutor@39008c9f{reserved=0/12,pending=0}],UNMANAGED}
10:49:15.208 [main] DEBUG org.eclipse.jetty.util.component.ContainerLifeCycle -- o.e.j.s.ServletContextHandler@5136207f{/,null,STARTING} added {WebSocketServerComponents@61e7bf2f{STOPPED},MANAGED}
10:49:15.208 [main] DEBUG org.eclipse.jetty.util.component.AbstractLifeCycle -- STARTING WebSocketServerComponents@61e7bf2f{STOPPED}
10:49:15.208 [main] DEBUG org.eclipse.jetty.util.component.AbstractLifeCycle -- STARTED @2414ms WebSocketServerComponents@61e7bf2f{STARTED}
10:49:15.211 [main] DEBUG org.eclipse.jetty.util.component.ContainerLifeCycle -- o.e.j.s.ServletContextHandler@5136207f{/,null,STARTING} added {WebSocketServerComponentsCleanupListener,POJO}
10:49:15.236 [main] DEBUG org.eclipse.jetty.util.component.ContainerLifeCycle -- JettyWebSocketServerContainer@6bbe50c9{STOPPED} added {JettyServerFrameHandlerFactory@3c46dcbe{STOPPED},AUTO}
10:49:15.236 [main] DEBUG org.eclipse.jetty.util.component.ContainerLifeCycle -- JettyWebSocketServerContainer@6bbe50c9{STOPPED} added {SessionTracker@68577ba8{STOPPED},AUTO}
10:49:15.236 [main] DEBUG org.eclipse.jetty.util.component.ContainerLifeCycle -- o.e.j.s.ServletContextHandler@5136207f{/,null,STARTING} added {JettyWebSocketServerContainer@6bbe50c9{STOPPED},MANAGED}
10:49:15.236 [main] DEBUG org.eclipse.jetty.util.component.AbstractLifeCycle -- STARTING JettyWebSocketServerContainer@6bbe50c9{STOPPED}
10:49:15.236 [main] DEBUG org.eclipse.jetty.util.component.AbstractLifeCycle -- STARTING JettyServerFrameHandlerFactory@3c46dcbe{STOPPED}
10:49:15.236 [main] DEBUG org.eclipse.jetty.util.component.AbstractLifeCycle -- STARTED @2442ms JettyServerFrameHandlerFactory@3c46dcbe{STARTED}
10:49:15.236 [main] DEBUG org.eclipse.jetty.util.component.AbstractLifeCycle -- STARTING SessionTracker@68577ba8{STOPPED}
10:49:15.236 [main] DEBUG org.eclipse.jetty.util.component.AbstractLifeCycle -- STARTED @2442ms SessionTracker@68577ba8{STARTED}
10:49:15.236 [main] DEBUG org.eclipse.jetty.util.component.AbstractLifeCycle -- STARTED @2442ms JettyWebSocketServerContainer@6bbe50c9{STARTED}
10:49:15.238 [main] DEBUG org.eclipse.jetty.util.component.ContainerLifeCycle -- o.e.j.s.ServletContextHandler@5136207f{/,null,STARTING} added {JettyWebSocketServerContainerCleanupListener,POJO}
10:49:15.238 [main] DEBUG org.eclipse.jetty.websocket.server.config.JettyWebSocketServletContainerInitializer -- initialize JettyWebSocketServerContainer@6bbe50c9{STARTED} WebSocketServerComponents@61e7bf2f{STARTED}
10:49:15.238 [main] DEBUG org.eclipse.jetty.websocket.server.config.JettyWebSocketServletContainerInitializer -- onStartup JettyWebSocketServerContainer@6bbe50c9{STARTED}
10:49:15.238 [main] DEBUG org.eclipse.jetty.servlet.ServletContainerInitializerHolder -- ServletContainerInitializer org.eclipse.jetty.websocket.server.config.JettyWebSocketServletContainerInitializer called in 59ms
10:49:15.238 [main] DEBUG org.eclipse.jetty.util.component.AbstractLifeCycle -- STARTED @2444ms ContainerInitializer{org.eclipse.jetty.websocket.server.config.JettyWebSocketServletContainerInitializer,interested=[],applicable=[],annotated=[]}
10:49:15.240 [main] DEBUG org.eclipse.jetty.util.component.AbstractLifeCycle -- STARTED @2444ms ServletContainerInitializerStarter@3900fa71{STARTED}
10:49:15.241 [main] DEBUG org.eclipse.jetty.server.handler.AbstractHandler -- starting o.e.j.s.ServletContextHandler@5136207f{/,null,STARTING}
10:49:15.243 [main] DEBUG org.eclipse.jetty.util.component.AbstractLifeCycle -- STARTING org.eclipse.jetty.server.session.SessionHandler418299920==dftMaxIdleSec=-1
10:49:15.243 [main] DEBUG org.eclipse.jetty.util.component.ContainerLifeCycle -- org.eclipse.jetty.server.session.SessionHandler418299920==dftMaxIdleSec=-1 added {org.eclipse.jetty.server.session.DefaultSessionCache@2eb917d0[evict=-1,removeUnloadable=false,saveOnCreate=false,saveOnInactiveEvict=false],AUTO}
10:49:15.243 [main] DEBUG org.eclipse.jetty.util.component.ContainerLifeCycle -- org.eclipse.jetty.server.session.DefaultSessionCache@2eb917d0[evict=-1,removeUnloadable=false,saveOnCreate=false,saveOnInactiveEvict=false] added {org.eclipse.jetty.server.session.NullSessionDataStore@6c806c8b[passivating=false,graceSec=3600],AUTO}
10:49:15.243 [main] DEBUG org.eclipse.jetty.util.component.AbstractLifeCycle -- STARTING DefaultSessionIdManager@14d8444b{STOPPED}[worker=null]
10:49:15.251 [main] DEBUG org.eclipse.jetty.util.component.ContainerLifeCycle -- DefaultSessionIdManager@14d8444b{STARTING}[worker=node0] added {HouseKeeper@16a49a5d{STOPPED}[interval=600000, ownscheduler=false],MANAGED}
10:49:15.261 [main] INFO org.eclipse.jetty.server.session.DefaultSessionIdManager -- Session workerName=node0
10:49:15.261 [main] DEBUG org.eclipse.jetty.util.component.AbstractLifeCycle -- STARTING HouseKeeper@16a49a5d{STOPPED}[interval=600000, ownscheduler=false]
10:49:15.261 [main] DEBUG org.eclipse.jetty.util.component.AbstractLifeCycle -- STARTING ScheduledExecutorScheduler@31d6f3fe{STOPPED}
10:49:15.261 [main] DEBUG org.eclipse.jetty.util.component.AbstractLifeCycle -- STARTED @2466ms ScheduledExecutorScheduler@31d6f3fe{STARTED}
10:49:15.261 [main] DEBUG org.eclipse.jetty.server.session.HouseKeeper -- node0 using own scheduler for scavenging
10:49:15.261 [main] DEBUG org.eclipse.jetty.server.session.HouseKeeper -- node0 scavenging every 600000ms
10:49:15.261 [main] DEBUG org.eclipse.jetty.util.component.AbstractLifeCycle -- STARTED @2468ms HouseKeeper@16a49a5d{STARTED}[interval=600000, ownscheduler=true]
10:49:15.261 [main] DEBUG org.eclipse.jetty.util.component.AbstractLifeCycle -- STARTED @2468ms DefaultSessionIdManager@14d8444b{STARTED}[worker=node0]
10:49:15.261 [main] DEBUG org.eclipse.jetty.util.component.ContainerLifeCycle -- Server@67e28be3{STARTING}[11.0.20,sto=0] added {DefaultSessionIdManager@14d8444b{STARTED}[worker=node0],MANAGED}
10:49:15.261 [main] DEBUG org.eclipse.jetty.util.component.ContainerLifeCycle -- org.eclipse.jetty.server.session.SessionHandler418299920==dftMaxIdleSec=-1 added {DefaultSessionIdManager@14d8444b{STARTED}[worker=node0],UNMANAGED}
10:49:15.261 [main] DEBUG org.eclipse.jetty.util.component.AbstractLifeCycle -- STARTING ScheduledExecutorScheduler@165e389b{STOPPED}
10:49:15.261 [main] DEBUG org.eclipse.jetty.util.component.AbstractLifeCycle -- STARTED @2469ms ScheduledExecutorScheduler@165e389b{STARTED}
10:49:15.261 [main] DEBUG org.eclipse.jetty.server.handler.AbstractHandler -- starting org.eclipse.jetty.server.session.SessionHandler418299920==dftMaxIdleSec=-1
10:49:15.261 [main] DEBUG org.eclipse.jetty.util.component.AbstractLifeCycle -- STARTING ServletHandler@69da0b12{STOPPED}
10:49:15.261 [main] DEBUG org.eclipse.jetty.servlet.ServletHandler -- Path=/*[EMBEDDED:null] mapped to servlet=io.javalin.jetty.JavalinJettyServlet-b016b4e[EMBEDDED:null]
10:49:15.271 [main] DEBUG org.eclipse.jetty.http.pathmap.ServletPathSpec -- Creating ServletPathSpec[/*] (group: PREFIX_GLOB, prefix: "", suffix: "null")
10:49:15.272 [main] DEBUG org.eclipse.jetty.http.pathmap.PathMappings -- Added MappedResource[pathSpec=ServletPathSpec@9457a78e{/*},resource=MappedServlet5524b72f{/*->io.javalin.jetty.JavalinJettyServlet-b016b4e==io.javalin.jetty.JavalinJettyServlet@23d44d92{jsp=null,order=-1,inst=false,async=true,src=EMBEDDED:null,STOPPED}}] to PathMappings[size=1]
10:49:15.272 [main] DEBUG org.eclipse.jetty.servlet.ServletHandler -- filterNameMap={} pathFilters=[] servletFilterMap={} servletPathMap=PathMappings[size=1] servletNameMap={io.javalin.jetty.JavalinJettyServlet-b016b4e=MappedServlet64f16277{null->io.javalin.jetty.JavalinJettyServlet-b016b4e==io.javalin.jetty.JavalinJettyServlet@23d44d92{jsp=null,order=-1,inst=false,async=true,src=EMBEDDED:null,STOPPED}}}
10:49:15.272 [main] DEBUG org.eclipse.jetty.servlet.ServletHandler -- Adding Default404Servlet to ServletHandler@69da0b12{STARTING}
10:49:15.272 [main] DEBUG org.eclipse.jetty.util.component.ContainerLifeCycle -- ServletHandler@69da0b12{STARTING} added {org.eclipse.jetty.servlet.ServletHandler$Default404Servlet-4e6f2bb5==org.eclipse.jetty.servlet.ServletHandler$Default404Servlet@b7968cf8{jsp=null,order=-1,inst=false,async=true,src=EMBEDDED:null,STOPPED},AUTO}
10:49:15.272 [main] DEBUG org.eclipse.jetty.util.component.ContainerLifeCycle -- ServletHandler@69da0b12{STARTING} added {[/]=>org.eclipse.jetty.servlet.ServletHandler$Default404Servlet-4e6f2bb5,POJO}
10:49:15.272 [main] DEBUG org.eclipse.jetty.servlet.ServletHandler -- Path=/*[EMBEDDED:null] mapped to servlet=io.javalin.jetty.JavalinJettyServlet-b016b4e[EMBEDDED:null]
10:49:15.272 [main] DEBUG org.eclipse.jetty.http.pathmap.ServletPathSpec -- Creating ServletPathSpec[/*] (group: PREFIX_GLOB, prefix: "", suffix: "null")
10:49:15.272 [main] DEBUG org.eclipse.jetty.http.pathmap.PathMappings -- Added MappedResource[pathSpec=ServletPathSpec@9457a78e{/*},resource=MappedServlet35e8316e{/*->io.javalin.jetty.JavalinJettyServlet-b016b4e==io.javalin.jetty.JavalinJettyServlet@23d44d92{jsp=null,order=-1,inst=false,async=true,src=EMBEDDED:null,STOPPED}}] to PathMappings[size=1]
10:49:15.272 [main] DEBUG org.eclipse.jetty.servlet.ServletHandler -- Path=/[EMBEDDED:null] mapped to servlet=org.eclipse.jetty.servlet.ServletHandler$Default404Servlet-4e6f2bb5[EMBEDDED:null]
10:49:15.272 [main] DEBUG org.eclipse.jetty.http.pathmap.PathMappings -- Added MappedResource[pathSpec=ServletPathSpec@9457dcb7{/},resource=MappedServlet26d96e5{/->org.eclipse.jetty.servlet.ServletHandler$Default404Servlet-4e6f2bb5==org.eclipse.jetty.servlet.ServletHandler$Default404Servlet@b7968cf8{jsp=null,order=-1,inst=false,async=true,src=EMBEDDED:null,STOPPED}}] to PathMappings[size=2]
10:49:15.272 [main] DEBUG org.eclipse.jetty.servlet.ServletHandler -- filterNameMap={} pathFilters=[] servletFilterMap={} servletPathMap=PathMappings[size=2] servletNameMap={io.javalin.jetty.JavalinJettyServlet-b016b4e=MappedServlet336880df{null->io.javalin.jetty.JavalinJettyServlet-b016b4e==io.javalin.jetty.JavalinJettyServlet@23d44d92{jsp=null,order=-1,inst=false,async=true,src=EMBEDDED:null,STOPPED}}, org.eclipse.jetty.servlet.ServletHandler$Default404Servlet-4e6f2bb5=MappedServlet1846579f{null->org.eclipse.jetty.servlet.ServletHandler$Default404Servlet-4e6f2bb5==org.eclipse.jetty.servlet.ServletHandler$Default404Servlet@b7968cf8{jsp=null,order=-1,inst=false,async=true,src=EMBEDDED:null,STOPPED}}}
10:49:15.272 [main] DEBUG org.eclipse.jetty.servlet.ServletHandler -- Path=/*[EMBEDDED:null] mapped to servlet=io.javalin.jetty.JavalinJettyServlet-b016b4e[EMBEDDED:null]
10:49:15.272 [main] DEBUG org.eclipse.jetty.http.pathmap.ServletPathSpec -- Creating ServletPathSpec[/*] (group: PREFIX_GLOB, prefix: "", suffix: "null")
10:49:15.272 [main] DEBUG org.eclipse.jetty.http.pathmap.PathMappings -- Added MappedResource[pathSpec=ServletPathSpec@9457a78e{/*},resource=MappedServlet6cd166b8{/*->io.javalin.jetty.JavalinJettyServlet-b016b4e==io.javalin.jetty.JavalinJettyServlet@23d44d92{jsp=null,order=-1,inst=false,async=true,src=EMBEDDED:null,STOPPED}}] to PathMappings[size=1]
10:49:15.272 [main] DEBUG org.eclipse.jetty.servlet.ServletHandler -- Path=/[EMBEDDED:null] mapped to servlet=org.eclipse.jetty.servlet.ServletHandler$Default404Servlet-4e6f2bb5[EMBEDDED:null]
10:49:15.272 [main] DEBUG org.eclipse.jetty.http.pathmap.PathMappings -- Added MappedResource[pathSpec=ServletPathSpec@9457dcb7{/},resource=MappedServlet2650f79{/->org.eclipse.jetty.servlet.ServletHandler$Default404Servlet-4e6f2bb5==org.eclipse.jetty.servlet.ServletHandler$Default404Servlet@b7968cf8{jsp=null,order=-1,inst=false,async=true,src=EMBEDDED:null,STOPPED}}] to PathMappings[size=2]
10:49:15.272 [main] DEBUG org.eclipse.jetty.servlet.ServletHandler -- filterNameMap={} pathFilters=[] servletFilterMap={} servletPathMap=PathMappings[size=2] servletNameMap={io.javalin.jetty.JavalinJettyServlet-b016b4e=MappedServlet336880df{null->io.javalin.jetty.JavalinJettyServlet-b016b4e==io.javalin.jetty.JavalinJettyServlet@23d44d92{jsp=null,order=-1,inst=false,async=true,src=EMBEDDED:null,STOPPED}}, org.eclipse.jetty.servlet.ServletHandler$Default404Servlet-4e6f2bb5=MappedServlet1846579f{null->org.eclipse.jetty.servlet.ServletHandler$Default404Servlet-4e6f2bb5==org.eclipse.jetty.servlet.ServletHandler$Default404Servlet@b7968cf8{jsp=null,order=-1,inst=false,async=true,src=EMBEDDED:null,STOPPED}}}
10:49:15.272 [main] DEBUG org.eclipse.jetty.server.handler.AbstractHandler -- starting ServletHandler@69da0b12{STARTING}
10:49:15.272 [main] DEBUG org.eclipse.jetty.util.component.AbstractLifeCycle -- STARTED @2480ms ServletHandler@69da0b12{STARTED}
10:49:15.272 [main] DEBUG org.eclipse.jetty.util.component.AbstractLifeCycle -- STARTING org.eclipse.jetty.server.session.DefaultSessionCache@2eb917d0[evict=-1,removeUnloadable=false,saveOnCreate=false,saveOnInactiveEvict=false]
10:49:15.272 [main] DEBUG org.eclipse.jetty.util.component.AbstractLifeCycle -- STARTING org.eclipse.jetty.server.session.NullSessionDataStore@6c806c8b[passivating=false,graceSec=3600]
10:49:15.272 [main] DEBUG org.eclipse.jetty.util.component.AbstractLifeCycle -- STARTED @2480ms org.eclipse.jetty.server.session.NullSessionDataStore@6c806c8b[passivating=false,graceSec=3600]
10:49:15.272 [main] DEBUG org.eclipse.jetty.util.component.AbstractLifeCycle -- STARTED @2480ms org.eclipse.jetty.server.session.DefaultSessionCache@2eb917d0[evict=-1,removeUnloadable=false,saveOnCreate=false,saveOnInactiveEvict=false]
10:49:15.272 [main] DEBUG org.eclipse.jetty.util.component.AbstractLifeCycle -- STARTED @2480ms org.eclipse.jetty.server.session.SessionHandler418299920==dftMaxIdleSec=-1
10:49:15.272 [main] DEBUG org.eclipse.jetty.util.component.AbstractLifeCycle -- STARTING io.javalin.jetty.JavalinJettyServlet-b016b4e==io.javalin.jetty.JavalinJettyServlet@23d44d92{jsp=null,order=-1,inst=false,async=true,src=EMBEDDED:null,STOPPED}
10:49:15.300 [main] DEBUG org.eclipse.jetty.util.component.AbstractLifeCycle -- STARTED @2504ms io.javalin.jetty.JavalinJettyServlet-b016b4e==io.javalin.jetty.JavalinJettyServlet@23d44d92{jsp=null,order=-1,inst=false,async=true,src=EMBEDDED:null,STARTED}
10:49:15.301 [main] DEBUG org.eclipse.jetty.servlet.ServletHolder -- Servlet.init null for io.javalin.jetty.JavalinJettyServlet-b016b4e
10:49:15.303 [main] DEBUG org.eclipse.jetty.http.pathmap.PathMappings -- Added MappedResource[pathSpec=ServletPathSpec@9457dcb7{/},resource=CreatorNegotiator@3ab6678b{org.eclipse.jetty.websocket.server.JettyWebSocketServlet$WrappedJettyCreator@7a904f32,JettyServerFrameHandlerFactory@3c46dcbe{STARTED}}] to PathMappings[size=1]
10:49:15.303 [main] DEBUG org.eclipse.jetty.util.component.AbstractLifeCycle -- STARTING org.eclipse.jetty.servlet.ServletHandler$Default404Servlet-4e6f2bb5==org.eclipse.jetty.servlet.ServletHandler$Default404Servlet@b7968cf8{jsp=null,order=-1,inst=false,async=true,src=EMBEDDED:null,STOPPED}
10:49:15.303 [main] DEBUG org.eclipse.jetty.util.component.AbstractLifeCycle -- STARTED @2511ms org.eclipse.jetty.servlet.ServletHandler$Default404Servlet-4e6f2bb5==org.eclipse.jetty.servlet.ServletHandler$Default404Servlet@b7968cf8{jsp=null,order=-1,inst=false,async=true,src=EMBEDDED:null,STARTED}
10:49:15.303 [main] INFO org.eclipse.jetty.server.handler.ContextHandler -- Started o.e.j.s.ServletContextHandler@5136207f{/,null,AVAILABLE}
10:49:15.303 [main] DEBUG org.eclipse.jetty.util.component.AbstractLifeCycle -- STARTED @2511ms o.e.j.s.ServletContextHandler@5136207f{/,null,AVAILABLE}
10:49:15.303 [main] DEBUG org.eclipse.jetty.util.component.AbstractLifeCycle -- STARTED @2512ms StatisticsHandler@37b72ea{STARTED,r=0,d=0}
10:49:15.303 [main] DEBUG org.eclipse.jetty.util.component.AbstractLifeCycle -- STARTING ErrorHandler@63716833{STOPPED}
10:49:15.303 [main] DEBUG org.eclipse.jetty.server.handler.AbstractHandler -- starting ErrorHandler@63716833{STARTING}
10:49:15.303 [main] DEBUG org.eclipse.jetty.util.component.AbstractLifeCycle -- STARTED @2512ms ErrorHandler@63716833{STARTED}
10:49:15.303 [main] DEBUG org.eclipse.jetty.util.component.AbstractLifeCycle -- STARTING ServerConnector@7c1c5936{HTTP/1.1, (http/1.1)}{0.0.0.0:53844}
10:49:15.313 [main] DEBUG org.eclipse.jetty.util.component.AbstractLifeCycle -- STARTING ScheduledExecutorScheduler@38018b62{STOPPED}
10:49:15.313 [main] DEBUG org.eclipse.jetty.util.component.AbstractLifeCycle -- STARTED @2519ms ScheduledExecutorScheduler@38018b62{STARTED}
10:49:15.313 [main] DEBUG org.eclipse.jetty.util.component.AbstractLifeCycle -- STARTING HttpConnectionFactory@44841b43[HTTP/1.1]
10:49:15.313 [main] DEBUG org.eclipse.jetty.util.component.AbstractLifeCycle -- STARTED @2519ms HttpConnectionFactory@44841b43[HTTP/1.1]
10:49:15.313 [main] DEBUG org.eclipse.jetty.util.component.AbstractLifeCycle -- STARTING SelectorManager@ServerConnector@7c1c5936{HTTP/1.1, (http/1.1)}{0.0.0.0:53844}
10:49:15.320 [main] DEBUG org.eclipse.jetty.util.component.ContainerLifeCycle -- AdaptiveExecutionStrategy@6794ac0b/SelectorProducer@7be71476/IDLE/p=false/QueuedThreadPool[JettyServerThreadPool]@3051e0b2{STARTED,8<=8<=250,i=8,r=-1,t=59847ms,q=0}[ReservedThreadExecutor@39008c9f{reserved=0/12,pending=0}][pc=0,pic=0,pec=0,epc=0]@2025-08-11T10:49:15.321083-03:00 added {SelectorProducer@7be71476,POJO}
10:49:15.321 [main] DEBUG org.eclipse.jetty.util.component.ContainerLifeCycle -- AdaptiveExecutionStrategy@6794ac0b/SelectorProducer@7be71476/IDLE/p=false/QueuedThreadPool[JettyServerThreadPool]@3051e0b2{STARTED,8<=8<=250,i=8,r=-1,t=59845ms,q=0}[ReservedThreadExecutor@39008c9f{reserved=0/12,pending=0}][pc=0,pic=0,pec=0,epc=0]@2025-08-11T10:49:15.3225535-03:00 added {QueuedThreadPool[JettyServerThreadPool]@3051e0b2{STARTED,8<=8<=250,i=8,r=-1,t=59845ms,q=0}[ReservedThreadExecutor@39008c9f{reserved=0/12,pending=0}],UNMANAGED}
10:49:15.322 [main] DEBUG org.eclipse.jetty.util.thread.strategy.AdaptiveExecutionStrategy -- AdaptiveExecutionStrategy@6794ac0b/SelectorProducer@7be71476/IDLE/p=false/QueuedThreadPool[JettyServerThreadPool]@3051e0b2{STARTED,8<=8<=250,i=8,r=-1,t=59845ms,q=0}[ReservedThreadExecutor@39008c9f{reserved=0/12,pending=0}][pc=0,pic=0,pec=0,epc=0]@2025-08-11T10:49:15.3225535-03:00 created
10:49:15.322 [main] DEBUG org.eclipse.jetty.util.component.ContainerLifeCycle -- ManagedSelector@5cb5bb88{STOPPED} id=0 keys=-1 selected=-1 updates=0 added {AdaptiveExecutionStrategy@6794ac0b/SelectorProducer@7be71476/IDLE/p=false/QueuedThreadPool[JettyServerThreadPool]@3051e0b2{STARTED,8<=8<=250,i=8,r=-1,t=59845ms,q=0}[ReservedThreadExecutor@39008c9f{reserved=0/12,pending=0}][pc=0,pic=0,pec=0,epc=0]@2025-08-11T10:49:15.3225535-03:00,MANAGED}
10:49:15.322 [main] DEBUG org.eclipse.jetty.util.component.ContainerLifeCycle -- SelectorManager@ServerConnector@7c1c5936{HTTP/1.1, (http/1.1)}{0.0.0.0:53844} added {ManagedSelector@5cb5bb88{STOPPED} id=0 keys=-1 selected=-1 updates=0,AUTO}
10:49:15.322 [main] DEBUG org.eclipse.jetty.util.component.ContainerLifeCycle -- AdaptiveExecutionStrategy@17b6d426/SelectorProducer@5580d62f/IDLE/p=false/QueuedThreadPool[JettyServerThreadPool]@3051e0b2{STARTED,8<=8<=250,i=8,r=-1,t=59844ms,q=0}[ReservedThreadExecutor@39008c9f{reserved=0/12,pending=0}][pc=0,pic=0,pec=0,epc=0]@2025-08-11T10:49:15.3225535-03:00 added {SelectorProducer@5580d62f,POJO}
10:49:15.322 [main] DEBUG org.eclipse.jetty.util.component.ContainerLifeCycle -- AdaptiveExecutionStrategy@17b6d426/SelectorProducer@5580d62f/IDLE/p=false/QueuedThreadPool[JettyServerThreadPool]@3051e0b2{STARTED,8<=8<=250,i=8,r=-1,t=59844ms,q=0}[ReservedThreadExecutor@39008c9f{reserved=0/12,pending=0}][pc=0,pic=0,pec=0,epc=0]@2025-08-11T10:49:15.3225535-03:00 added {QueuedThreadPool[JettyServerThreadPool]@3051e0b2{STARTED,8<=8<=250,i=8,r=-1,t=59844ms,q=0}[ReservedThreadExecutor@39008c9f{reserved=0/12,pending=0}],UNMANAGED}
10:49:15.322 [main] DEBUG org.eclipse.jetty.util.thread.strategy.AdaptiveExecutionStrategy -- AdaptiveExecutionStrategy@17b6d426/SelectorProducer@5580d62f/IDLE/p=false/QueuedThreadPool[JettyServerThreadPool]@3051e0b2{STARTED,8<=8<=250,i=8,r=-1,t=59843ms,q=0}[ReservedThreadExecutor@39008c9f{reserved=0/12,pending=0}][pc=0,pic=0,pec=0,epc=0]@2025-08-11T10:49:15.3225535-03:00 created
10:49:15.322 [main] DEBUG org.eclipse.jetty.util.component.ContainerLifeCycle -- ManagedSelector@16872c4d{STOPPED} id=1 keys=-1 selected=-1 updates=0 added {AdaptiveExecutionStrategy@17b6d426/SelectorProducer@5580d62f/IDLE/p=false/QueuedThreadPool[JettyServerThreadPool]@3051e0b2{STARTED,8<=8<=250,i=8,r=-1,t=59843ms,q=0}[ReservedThreadExecutor@39008c9f{reserved=0/12,pending=0}][pc=0,pic=0,pec=0,epc=0]@2025-08-11T10:49:15.3225535-03:00,MANAGED}
10:49:15.322 [main] DEBUG org.eclipse.jetty.util.component.ContainerLifeCycle -- SelectorManager@ServerConnector@7c1c5936{HTTP/1.1, (http/1.1)}{0.0.0.0:53844} added {ManagedSelector@16872c4d{STOPPED} id=1 keys=-1 selected=-1 updates=0,AUTO}
10:49:15.322 [main] DEBUG org.eclipse.jetty.util.component.ContainerLifeCycle -- AdaptiveExecutionStrategy@671facee/SelectorProducer@46a953cf/IDLE/p=false/QueuedThreadPool[JettyServerThreadPool]@3051e0b2{STARTED,8<=8<=250,i=8,r=-1,t=59843ms,q=0}[ReservedThreadExecutor@39008c9f{reserved=0/12,pending=0}][pc=0,pic=0,pec=0,epc=0]@2025-08-11T10:49:15.3225535-03:00 added {SelectorProducer@46a953cf,POJO}
10:49:15.322 [main] DEBUG org.eclipse.jetty.util.component.ContainerLifeCycle -- AdaptiveExecutionStrategy@671facee/SelectorProducer@46a953cf/IDLE/p=false/QueuedThreadPool[JettyServerThreadPool]@3051e0b2{STARTED,8<=8<=250,i=8,r=-1,t=59842ms,q=0}[ReservedThreadExecutor@39008c9f{reserved=0/12,pending=0}][pc=0,pic=0,pec=0,epc=0]@2025-08-11T10:49:15.3225535-03:00 added {QueuedThreadPool[JettyServerThreadPool]@3051e0b2{STARTED,8<=8<=250,i=8,r=-1,t=59842ms,q=0}[ReservedThreadExecutor@39008c9f{reserved=0/12,pending=0}],UNMANAGED}
10:49:15.322 [main] DEBUG org.eclipse.jetty.util.thread.strategy.AdaptiveExecutionStrategy -- AdaptiveExecutionStrategy@671facee/SelectorProducer@46a953cf/IDLE/p=false/QueuedThreadPool[JettyServerThreadPool]@3051e0b2{STARTED,8<=8<=250,i=8,r=-1,t=59842ms,q=0}[ReservedThreadExecutor@39008c9f{reserved=0/12,pending=0}][pc=0,pic=0,pec=0,epc=0]@2025-08-11T10:49:15.3225535-03:00 created
10:49:15.322 [main] DEBUG org.eclipse.jetty.util.component.ContainerLifeCycle -- ManagedSelector@154bd49b{STOPPED} id=2 keys=-1 selected=-1 updates=0 added {AdaptiveExecutionStrategy@671facee/SelectorProducer@46a953cf/IDLE/p=false/QueuedThreadPool[JettyServerThreadPool]@3051e0b2{STARTED,8<=8<=250,i=8,r=-1,t=59842ms,q=0}[ReservedThreadExecutor@39008c9f{reserved=0/12,pending=0}][pc=0,pic=0,pec=0,epc=0]@2025-08-11T10:49:15.3225535-03:00,MANAGED}
10:49:15.322 [main] DEBUG org.eclipse.jetty.util.component.ContainerLifeCycle -- SelectorManager@ServerConnector@7c1c5936{HTTP/1.1, (http/1.1)}{0.0.0.0:53844} added {ManagedSelector@154bd49b{STOPPED} id=2 keys=-1 selected=-1 updates=0,AUTO}
10:49:15.322 [main] DEBUG org.eclipse.jetty.util.component.ContainerLifeCycle -- AdaptiveExecutionStrategy@3a01773b/SelectorProducer@20e3c449/IDLE/p=false/QueuedThreadPool[JettyServerThreadPool]@3051e0b2{STARTED,8<=8<=250,i=8,r=-1,t=59841ms,q=0}[ReservedThreadExecutor@39008c9f{reserved=0/12,pending=0}][pc=0,pic=0,pec=0,epc=0]@2025-08-11T10:49:15.3225535-03:00 added {SelectorProducer@20e3c449,POJO}
10:49:15.322 [main] DEBUG org.eclipse.jetty.util.component.ContainerLifeCycle -- AdaptiveExecutionStrategy@3a01773b/SelectorProducer@20e3c449/IDLE/p=false/QueuedThreadPool[JettyServerThreadPool]@3051e0b2{STARTED,8<=8<=250,i=8,r=-1,t=59841ms,q=0}[ReservedThreadExecutor@39008c9f{reserved=0/12,pending=0}][pc=0,pic=0,pec=0,epc=0]@2025-08-11T10:49:15.3225535-03:00 added {QueuedThreadPool[JettyServerThreadPool]@3051e0b2{STARTED,8<=8<=250,i=8,r=-1,t=59841ms,q=0}[ReservedThreadExecutor@39008c9f{reserved=0/12,pending=0}],UNMANAGED}
10:49:15.322 [main] DEBUG org.eclipse.jetty.util.thread.strategy.AdaptiveExecutionStrategy -- AdaptiveExecutionStrategy@3a01773b/SelectorProducer@20e3c449/IDLE/p=false/QueuedThreadPool[JettyServerThreadPool]@3051e0b2{STARTED,8<=8<=250,i=8,r=-1,t=59841ms,q=0}[ReservedThreadExecutor@39008c9f{reserved=0/12,pending=0}][pc=0,pic=0,pec=0,epc=0]@2025-08-11T10:49:15.3225535-03:00 created
10:49:15.322 [main] DEBUG org.eclipse.jetty.util.component.ContainerLifeCycle -- ManagedSelector@2c58dcb1{STOPPED} id=3 keys=-1 selected=-1 updates=0 added {AdaptiveExecutionStrategy@3a01773b/SelectorProducer@20e3c449/IDLE/p=false/QueuedThreadPool[JettyServerThreadPool]@3051e0b2{STARTED,8<=8<=250,i=8,r=-1,t=59841ms,q=0}[ReservedThreadExecutor@39008c9f{reserved=0/12,pending=0}][pc=0,pic=0,pec=0,epc=0]@2025-08-11T10:49:15.3225535-03:00,MANAGED}
10:49:15.322 [main] DEBUG org.eclipse.jetty.util.component.ContainerLifeCycle -- SelectorManager@ServerConnector@7c1c5936{HTTP/1.1, (http/1.1)}{0.0.0.0:53844} added {ManagedSelector@2c58dcb1{STOPPED} id=3 keys=-1 selected=-1 updates=0,AUTO}
10:49:15.322 [main] DEBUG org.eclipse.jetty.util.component.ContainerLifeCycle -- AdaptiveExecutionStrategy@67fc2aad/SelectorProducer@56f521c6/IDLE/p=false/QueuedThreadPool[JettyServerThreadPool]@3051e0b2{STARTED,8<=8<=250,i=8,r=-1,t=59840ms,q=0}[ReservedThreadExecutor@39008c9f{reserved=0/12,pending=0}][pc=0,pic=0,pec=0,epc=0]@2025-08-11T10:49:15.3225535-03:00 added {SelectorProducer@56f521c6,POJO}
10:49:15.322 [main] DEBUG org.eclipse.jetty.util.component.ContainerLifeCycle -- AdaptiveExecutionStrategy@67fc2aad/SelectorProducer@56f521c6/IDLE/p=false/QueuedThreadPool[JettyServerThreadPool]@3051e0b2{STARTED,8<=8<=250,i=8,r=-1,t=59840ms,q=0}[ReservedThreadExecutor@39008c9f{reserved=0/12,pending=0}][pc=0,pic=0,pec=0,epc=0]@2025-08-11T10:49:15.3225535-03:00 added {QueuedThreadPool[JettyServerThreadPool]@3051e0b2{STARTED,8<=8<=250,i=8,r=-1,t=59840ms,q=0}[ReservedThreadExecutor@39008c9f{reserved=0/12,pending=0}],UNMANAGED}
10:49:15.322 [main] DEBUG org.eclipse.jetty.util.thread.strategy.AdaptiveExecutionStrategy -- AdaptiveExecutionStrategy@67fc2aad/SelectorProducer@56f521c6/IDLE/p=false/QueuedThreadPool[JettyServerThreadPool]@3051e0b2{STARTED,8<=8<=250,i=8,r=-1,t=59840ms,q=0}[ReservedThreadExecutor@39008c9f{reserved=0/12,pending=0}][pc=0,pic=0,pec=0,epc=0]@2025-08-11T10:49:15.3225535-03:00 created
10:49:15.322 [main] DEBUG org.eclipse.jetty.util.component.ContainerLifeCycle -- ManagedSelector@680a66dd{STOPPED} id=4 keys=-1 selected=-1 updates=0 added {AdaptiveExecutionStrategy@67fc2aad/SelectorProducer@56f521c6/IDLE/p=false/QueuedThreadPool[JettyServerThreadPool]@3051e0b2{STARTED,8<=8<=250,i=8,r=-1,t=59840ms,q=0}[ReservedThreadExecutor@39008c9f{reserved=0/12,pending=0}][pc=0,pic=0,pec=0,epc=0]@2025-08-11T10:49:15.3225535-03:00,MANAGED}
10:49:15.322 [main] DEBUG org.eclipse.jetty.util.component.ContainerLifeCycle -- SelectorManager@ServerConnector@7c1c5936{HTTP/1.1, (http/1.1)}{0.0.0.0:53844} added {ManagedSelector@680a66dd{STOPPED} id=4 keys=-1 selected=-1 updates=0,AUTO}
10:49:15.322 [main] DEBUG org.eclipse.jetty.util.component.ContainerLifeCycle -- AdaptiveExecutionStrategy@2dd8239/SelectorProducer@472698d/IDLE/p=false/QueuedThreadPool[JettyServerThreadPool]@3051e0b2{STARTED,8<=8<=250,i=8,r=-1,t=59839ms,q=0}[ReservedThreadExecutor@39008c9f{reserved=0/12,pending=0}][pc=0,pic=0,pec=0,epc=0]@2025-08-11T10:49:15.3225535-03:00 added {SelectorProducer@472698d,POJO}
10:49:15.322 [main] DEBUG org.eclipse.jetty.util.component.ContainerLifeCycle -- AdaptiveExecutionStrategy@2dd8239/SelectorProducer@472698d/IDLE/p=false/QueuedThreadPool[JettyServerThreadPool]@3051e0b2{STARTED,8<=8<=250,i=8,r=-1,t=59839ms,q=0}[ReservedThreadExecutor@39008c9f{reserved=0/12,pending=0}][pc=0,pic=0,pec=0,epc=0]@2025-08-11T10:49:15.3225535-03:00 added {QueuedThreadPool[JettyServerThreadPool]@3051e0b2{STARTED,8<=8<=250,i=8,r=-1,t=59839ms,q=0}[ReservedThreadExecutor@39008c9f{reserved=0/12,pending=0}],UNMANAGED}
10:49:15.322 [main] DEBUG org.eclipse.jetty.util.thread.strategy.AdaptiveExecutionStrategy -- AdaptiveExecutionStrategy@2dd8239/SelectorProducer@472698d/IDLE/p=false/QueuedThreadPool[JettyServerThreadPool]@3051e0b2{STARTED,8<=8<=250,i=8,r=-1,t=59839ms,q=0}[ReservedThreadExecutor@39008c9f{reserved=0/12,pending=0}][pc=0,pic=0,pec=0,epc=0]@2025-08-11T10:49:15.3225535-03:00 created
10:49:15.322 [main] DEBUG org.eclipse.jetty.util.component.ContainerLifeCycle -- ManagedSelector@7b7683d4{STOPPED} id=5 keys=-1 selected=-1 updates=0 added {AdaptiveExecutionStrategy@2dd8239/SelectorProducer@472698d/IDLE/p=false/QueuedThreadPool[JettyServerThreadPool]@3051e0b2{STARTED,8<=8<=250,i=8,r=-1,t=59838ms,q=0}[ReservedThreadExecutor@39008c9f{reserved=0/12,pending=0}][pc=0,pic=0,pec=0,epc=0]@2025-08-11T10:49:15.3225535-03:00,MANAGED}
10:49:15.322 [main] DEBUG org.eclipse.jetty.util.component.ContainerLifeCycle -- SelectorManager@ServerConnector@7c1c5936{HTTP/1.1, (http/1.1)}{0.0.0.0:53844} added {ManagedSelector@7b7683d4{STOPPED} id=5 keys=-1 selected=-1 updates=0,AUTO}
10:49:15.322 [main] DEBUG org.eclipse.jetty.util.component.AbstractLifeCycle -- STARTING ManagedSelector@5cb5bb88{STOPPED} id=0 keys=-1 selected=-1 updates=0
10:49:15.322 [main] DEBUG org.eclipse.jetty.util.component.AbstractLifeCycle -- STARTING AdaptiveExecutionStrategy@6794ac0b/SelectorProducer@7be71476/IDLE/p=false/QueuedThreadPool[JettyServerThreadPool]@3051e0b2{STARTED,8<=8<=250,i=8,r=-1,t=59838ms,q=0}[ReservedThreadExecutor@39008c9f{reserved=0/12,pending=0}][pc=0,pic=0,pec=0,epc=0]@2025-08-11T10:49:15.3225535-03:00
10:49:15.330 [main] DEBUG org.eclipse.jetty.util.component.AbstractLifeCycle -- STARTED @2534ms AdaptiveExecutionStrategy@6794ac0b/SelectorProducer@7be71476/IDLE/p=false/QueuedThreadPool[JettyServerThreadPool]@3051e0b2{STARTED,8<=8<=250,i=8,r=-1,t=59838ms,q=0}[ReservedThreadExecutor@39008c9f{reserved=0/12,pending=0}][pc=0,pic=0,pec=0,epc=0]@2025-08-11T10:49:15.3302582-03:00
10:49:15.411 [main] DEBUG org.eclipse.jetty.util.thread.QueuedThreadPool -- queue org.eclipse.jetty.io.ManagedSelector$$Lambda/0x000001e326300000@7d199c68 startThread=0
10:49:15.411 [JettyServerThreadPool-35] DEBUG org.eclipse.jetty.util.thread.QueuedThreadPool -- run org.eclipse.jetty.io.ManagedSelector$$Lambda/0x000001e326300000@7d199c68 in QueuedThreadPool[JettyServerThreadPool]@3051e0b2{STARTED,8<=8<=250,i=7,r=-1,t=59756ms,q=0}[ReservedThreadExecutor@39008c9f{reserved=0/12,pending=0}]
10:49:15.411 [JettyServerThreadPool-35] DEBUG org.eclipse.jetty.util.thread.strategy.AdaptiveExecutionStrategy -- AdaptiveExecutionStrategy@6794ac0b/SelectorProducer@7be71476/IDLE/p=false/QueuedThreadPool[JettyServerThreadPool]@3051e0b2{STARTED,8<=8<=250,i=7,r=-1,t=59756ms,q=0}[ReservedThreadExecutor@39008c9f{reserved=0/12,pending=0}][pc=0,pic=0,pec=0,epc=0]@2025-08-11T10:49:15.4111407-03:00 tryProduce false
10:49:15.411 [JettyServerThreadPool-35] DEBUG org.eclipse.jetty.io.ManagedSelector -- updateable 0
10:49:15.411 [JettyServerThreadPool-35] DEBUG org.eclipse.jetty.io.ManagedSelector -- updates 0
10:49:15.411 [JettyServerThreadPool-35] DEBUG org.eclipse.jetty.io.ManagedSelector -- Selector sun.nio.ch.WEPollSelectorImpl@4e07b57e waiting with 0 keys
10:49:15.411 [main] DEBUG org.eclipse.jetty.io.ManagedSelector -- Queued change lazy=false org.eclipse.jetty.io.ManagedSelector$Start@6ba30587 on ManagedSelector@5cb5bb88{STARTING} id=0 keys=0 selected=0 updates=0
10:49:15.411 [main] DEBUG org.eclipse.jetty.io.ManagedSelector -- Wakeup on submit ManagedSelector@5cb5bb88{STARTING} id=0 keys=0 selected=0 updates=1
10:49:15.413 [JettyServerThreadPool-35] DEBUG org.eclipse.jetty.io.ManagedSelector -- Selector sun.nio.ch.WEPollSelectorImpl@4e07b57e woken with none selected
10:49:15.413 [JettyServerThreadPool-35] DEBUG org.eclipse.jetty.io.ManagedSelector -- Selector sun.nio.ch.WEPollSelectorImpl@4e07b57e woken up from select, 0/0/0 selected
10:49:15.413 [JettyServerThreadPool-35] DEBUG org.eclipse.jetty.io.ManagedSelector -- Selector sun.nio.ch.WEPollSelectorImpl@4e07b57e processing 0 keys, 1 updates
10:49:15.413 [JettyServerThreadPool-35] DEBUG org.eclipse.jetty.io.ManagedSelector -- updateable 1
10:49:15.413 [JettyServerThreadPool-35] DEBUG org.eclipse.jetty.io.ManagedSelector -- update org.eclipse.jetty.io.ManagedSelector$Start@6ba30587
10:49:15.413 [JettyServerThreadPool-35] DEBUG org.eclipse.jetty.io.ManagedSelector -- updates 0
10:49:15.413 [JettyServerThreadPool-35] DEBUG org.eclipse.jetty.io.ManagedSelector -- Selector sun.nio.ch.WEPollSelectorImpl@4e07b57e waiting with 0 keys
10:49:15.413 [main] DEBUG org.eclipse.jetty.util.component.AbstractLifeCycle -- STARTED @2619ms ManagedSelector@5cb5bb88{STARTED} id=0 keys=0 selected=0 updates=0
10:49:15.413 [main] DEBUG org.eclipse.jetty.util.component.AbstractLifeCycle -- STARTING ManagedSelector@16872c4d{STOPPED} id=1 keys=-1 selected=-1 updates=0
10:49:15.413 [main] DEBUG org.eclipse.jetty.util.component.AbstractLifeCycle -- STARTING AdaptiveExecutionStrategy@17b6d426/SelectorProducer@5580d62f/IDLE/p=false/QueuedThreadPool[JettyServerThreadPool]@3051e0b2{STARTED,8<=8<=250,i=7,r=-1,t=59752ms,q=0}[ReservedThreadExecutor@39008c9f{reserved=0/12,pending=0}][pc=0,pic=0,pec=0,epc=0]@2025-08-11T10:49:15.4139397-03:00
10:49:15.413 [main] DEBUG org.eclipse.jetty.util.component.AbstractLifeCycle -- STARTED @2620ms AdaptiveExecutionStrategy@17b6d426/SelectorProducer@5580d62f/IDLE/p=false/QueuedThreadPool[JettyServerThreadPool]@3051e0b2{STARTED,8<=8<=250,i=7,r=-1,t=59752ms,q=0}[ReservedThreadExecutor@39008c9f{reserved=0/12,pending=0}][pc=0,pic=0,pec=0,epc=0]@2025-08-11T10:49:15.4139397-03:00
10:49:15.413 [main] DEBUG org.eclipse.jetty.util.thread.QueuedThreadPool -- queue org.eclipse.jetty.io.ManagedSelector$$Lambda/0x000001e326300000@643c334a startThread=0
10:49:15.413 [JettyServerThreadPool-36] DEBUG org.eclipse.jetty.util.thread.QueuedThreadPool -- run org.eclipse.jetty.io.ManagedSelector$$Lambda/0x000001e326300000@643c334a in QueuedThreadPool[JettyServerThreadPool]@3051e0b2{STARTED,8<=8<=250,i=6,r=-1,t=59749ms,q=0}[ReservedThreadExecutor@39008c9f{reserved=0/12,pending=0}]
10:49:15.413 [main] DEBUG org.eclipse.jetty.io.ManagedSelector -- Queued change lazy=false org.eclipse.jetty.io.ManagedSelector$Start@5d5160e6 on ManagedSelector@16872c4d{STARTING} id=1 keys=0 selected=0 updates=0
10:49:15.413 [JettyServerThreadPool-36] DEBUG org.eclipse.jetty.util.thread.strategy.AdaptiveExecutionStrategy -- AdaptiveExecutionStrategy@17b6d426/SelectorProducer@5580d62f/IDLE/p=false/QueuedThreadPool[JettyServerThreadPool]@3051e0b2{STARTED,8<=8<=250,i=6,r=-1,t=59748ms,q=0}[ReservedThreadExecutor@39008c9f{reserved=0/12,pending=0}][pc=0,pic=0,pec=0,epc=0]@2025-08-11T10:49:15.4139397-03:00 tryProduce false
10:49:15.413 [JettyServerThreadPool-36] DEBUG org.eclipse.jetty.io.ManagedSelector -- updateable 1
10:49:15.413 [JettyServerThreadPool-36] DEBUG org.eclipse.jetty.io.ManagedSelector -- update org.eclipse.jetty.io.ManagedSelector$Start@5d5160e6
10:49:15.420 [JettyServerThreadPool-36] DEBUG org.eclipse.jetty.io.ManagedSelector -- updates 0
10:49:15.420 [JettyServerThreadPool-36] DEBUG org.eclipse.jetty.io.ManagedSelector -- Selector sun.nio.ch.WEPollSelectorImpl@6afbd1bd waiting with 0 keys
10:49:15.420 [main] DEBUG org.eclipse.jetty.util.component.AbstractLifeCycle -- STARTED @2624ms ManagedSelector@16872c4d{STARTED} id=1 keys=0 selected=0 updates=0
10:49:15.420 [main] DEBUG org.eclipse.jetty.util.component.AbstractLifeCycle -- STARTING ManagedSelector@154bd49b{STOPPED} id=2 keys=-1 selected=-1 updates=0
10:49:15.420 [main] DEBUG org.eclipse.jetty.util.component.AbstractLifeCycle -- STARTING AdaptiveExecutionStrategy@671facee/SelectorProducer@46a953cf/IDLE/p=false/QueuedThreadPool[JettyServerThreadPool]@3051e0b2{STARTED,8<=8<=250,i=6,r=-1,t=59747ms,q=0}[ReservedThreadExecutor@39008c9f{reserved=0/12,pending=0}][pc=0,pic=0,pec=0,epc=0]@2025-08-11T10:49:15.4202326-03:00
10:49:15.420 [main] DEBUG org.eclipse.jetty.util.component.AbstractLifeCycle -- STARTED @2625ms AdaptiveExecutionStrategy@671facee/SelectorProducer@46a953cf/IDLE/p=false/QueuedThreadPool[JettyServerThreadPool]@3051e0b2{STARTED,8<=8<=250,i=6,r=-1,t=59747ms,q=0}[ReservedThreadExecutor@39008c9f{reserved=0/12,pending=0}][pc=0,pic=0,pec=0,epc=0]@2025-08-11T10:49:15.4202326-03:00
10:49:15.422 [main] DEBUG org.eclipse.jetty.util.thread.QueuedThreadPool -- queue org.eclipse.jetty.io.ManagedSelector$$Lambda/0x000001e326300000@2eadc9f6 startThread=0
10:49:15.422 [JettyServerThreadPool-37] DEBUG org.eclipse.jetty.util.thread.QueuedThreadPool -- run org.eclipse.jetty.io.ManagedSelector$$Lambda/0x000001e326300000@2eadc9f6 in QueuedThreadPool[JettyServerThreadPool]@3051e0b2{STARTED,8<=8<=250,i=5,r=-1,t=59743ms,q=0}[ReservedThreadExecutor@39008c9f{reserved=0/12,pending=0}]
10:49:15.422 [main] DEBUG org.eclipse.jetty.io.ManagedSelector -- Queued change lazy=false org.eclipse.jetty.io.ManagedSelector$Start@2903c6ff on ManagedSelector@154bd49b{STARTING} id=2 keys=0 selected=0 updates=0
10:49:15.422 [JettyServerThreadPool-37] DEBUG org.eclipse.jetty.util.thread.strategy.AdaptiveExecutionStrategy -- AdaptiveExecutionStrategy@671facee/SelectorProducer@46a953cf/IDLE/p=false/QueuedThreadPool[JettyServerThreadPool]@3051e0b2{STARTED,8<=8<=250,i=5,r=-1,t=59743ms,q=0}[ReservedThreadExecutor@39008c9f{reserved=0/12,pending=0}][pc=0,pic=0,pec=0,epc=0]@2025-08-11T10:49:15.4228529-03:00 tryProduce false
10:49:15.422 [JettyServerThreadPool-37] DEBUG org.eclipse.jetty.io.ManagedSelector -- updateable 1
10:49:15.422 [JettyServerThreadPool-37] DEBUG org.eclipse.jetty.io.ManagedSelector -- update org.eclipse.jetty.io.ManagedSelector$Start@2903c6ff
10:49:15.422 [JettyServerThreadPool-37] DEBUG org.eclipse.jetty.io.ManagedSelector -- updates 0
10:49:15.422 [JettyServerThreadPool-37] DEBUG org.eclipse.jetty.io.ManagedSelector -- Selector sun.nio.ch.WEPollSelectorImpl@7342bdca waiting with 0 keys
10:49:15.422 [main] DEBUG org.eclipse.jetty.util.component.AbstractLifeCycle -- STARTED @2630ms ManagedSelector@154bd49b{STARTED} id=2 keys=0 selected=0 updates=0
10:49:15.422 [main] DEBUG org.eclipse.jetty.util.component.AbstractLifeCycle -- STARTING ManagedSelector@2c58dcb1{STOPPED} id=3 keys=-1 selected=-1 updates=0
10:49:15.422 [main] DEBUG org.eclipse.jetty.util.component.AbstractLifeCycle -- STARTING AdaptiveExecutionStrategy@3a01773b/SelectorProducer@20e3c449/IDLE/p=false/QueuedThreadPool[JettyServerThreadPool]@3051e0b2{STARTED,8<=8<=250,i=5,r=-1,t=59742ms,q=0}[ReservedThreadExecutor@39008c9f{reserved=0/12,pending=0}][pc=0,pic=0,pec=0,epc=0]@2025-08-11T10:49:15.4228529-03:00
10:49:15.422 [main] DEBUG org.eclipse.jetty.util.component.AbstractLifeCycle -- STARTED @2630ms AdaptiveExecutionStrategy@3a01773b/SelectorProducer@20e3c449/IDLE/p=false/QueuedThreadPool[JettyServerThreadPool]@3051e0b2{STARTED,8<=8<=250,i=5,r=-1,t=59741ms,q=0}[ReservedThreadExecutor@39008c9f{reserved=0/12,pending=0}][pc=0,pic=0,pec=0,epc=0]@2025-08-11T10:49:15.4228529-03:00
10:49:15.422 [main] DEBUG org.eclipse.jetty.util.thread.QueuedThreadPool -- queue org.eclipse.jetty.io.ManagedSelector$$Lambda/0x000001e326300000@61af1510 startThread=0
10:49:15.422 [JettyServerThreadPool-38] DEBUG org.eclipse.jetty.util.thread.QueuedThreadPool -- run org.eclipse.jetty.io.ManagedSelector$$Lambda/0x000001e326300000@61af1510 in QueuedThreadPool[JettyServerThreadPool]@3051e0b2{STARTED,8<=8<=250,i=4,r=-1,t=59739ms,q=0}[ReservedThreadExecutor@39008c9f{reserved=0/12,pending=0}]
10:49:15.422 [main] DEBUG org.eclipse.jetty.io.ManagedSelector -- Queued change lazy=false org.eclipse.jetty.io.ManagedSelector$Start@37af1f93 on ManagedSelector@2c58dcb1{STARTING} id=3 keys=0 selected=0 updates=0
10:49:15.422 [JettyServerThreadPool-38] DEBUG org.eclipse.jetty.util.thread.strategy.AdaptiveExecutionStrategy -- AdaptiveExecutionStrategy@3a01773b/SelectorProducer@20e3c449/IDLE/p=false/QueuedThreadPool[JettyServerThreadPool]@3051e0b2{STARTED,8<=8<=250,i=4,r=-1,t=59739ms,q=0}[ReservedThreadExecutor@39008c9f{reserved=0/12,pending=0}][pc=0,pic=0,pec=0,epc=0]@2025-08-11T10:49:15.4228529-03:00 tryProduce false
10:49:15.422 [JettyServerThreadPool-38] DEBUG org.eclipse.jetty.io.ManagedSelector -- updateable 1
10:49:15.422 [JettyServerThreadPool-38] DEBUG org.eclipse.jetty.io.ManagedSelector -- update org.eclipse.jetty.io.ManagedSelector$Start@37af1f93
10:49:15.422 [JettyServerThreadPool-38] DEBUG org.eclipse.jetty.io.ManagedSelector -- updates 0
10:49:15.422 [JettyServerThreadPool-38] DEBUG org.eclipse.jetty.io.ManagedSelector -- Selector sun.nio.ch.WEPollSelectorImpl@63a2486b waiting with 0 keys
10:49:15.422 [main] DEBUG org.eclipse.jetty.util.component.AbstractLifeCycle -- STARTED @2634ms ManagedSelector@2c58dcb1{STARTED} id=3 keys=0 selected=0 updates=0
10:49:15.422 [main] DEBUG org.eclipse.jetty.util.component.AbstractLifeCycle -- STARTING ManagedSelector@680a66dd{STOPPED} id=4 keys=-1 selected=-1 updates=0
10:49:15.422 [main] DEBUG org.eclipse.jetty.util.component.AbstractLifeCycle -- STARTING AdaptiveExecutionStrategy@67fc2aad/SelectorProducer@56f521c6/IDLE/p=false/QueuedThreadPool[JettyServerThreadPool]@3051e0b2{STARTED,8<=8<=250,i=4,r=-1,t=59738ms,q=0}[ReservedThreadExecutor@39008c9f{reserved=0/12,pending=0}][pc=0,pic=0,pec=0,epc=0]@2025-08-11T10:49:15.4228529-03:00
10:49:15.430 [main] DEBUG org.eclipse.jetty.util.component.AbstractLifeCycle -- STARTED @2634ms AdaptiveExecutionStrategy@67fc2aad/SelectorProducer@56f521c6/IDLE/p=false/QueuedThreadPool[JettyServerThreadPool]@3051e0b2{STARTED,8<=8<=250,i=4,r=-1,t=59737ms,q=0}[ReservedThreadExecutor@39008c9f{reserved=0/12,pending=0}][pc=0,pic=0,pec=0,epc=0]@2025-08-11T10:49:15.4303117-03:00
10:49:15.432 [main] DEBUG org.eclipse.jetty.util.thread.QueuedThreadPool -- queue org.eclipse.jetty.io.ManagedSelector$$Lambda/0x000001e326300000@778d82e9 startThread=0
10:49:15.432 [JettyServerThreadPool-39] DEBUG org.eclipse.jetty.util.thread.QueuedThreadPool -- run org.eclipse.jetty.io.ManagedSelector$$Lambda/0x000001e326300000@778d82e9 in QueuedThreadPool[JettyServerThreadPool]@3051e0b2{STARTED,8<=8<=250,i=3,r=-1,t=59733ms,q=0}[ReservedThreadExecutor@39008c9f{reserved=0/12,pending=0}]
10:49:15.435 [main] DEBUG org.eclipse.jetty.io.ManagedSelector -- Queued change lazy=false org.eclipse.jetty.io.ManagedSelector$Start@408e96d9 on ManagedSelector@680a66dd{STARTING} id=4 keys=0 selected=0 updates=0
10:49:15.435 [JettyServerThreadPool-39] DEBUG org.eclipse.jetty.util.thread.strategy.AdaptiveExecutionStrategy -- AdaptiveExecutionStrategy@67fc2aad/SelectorProducer@56f521c6/IDLE/p=false/QueuedThreadPool[JettyServerThreadPool]@3051e0b2{STARTED,8<=8<=250,i=3,r=-1,t=59733ms,q=0}[ReservedThreadExecutor@39008c9f{reserved=0/12,pending=0}][pc=0,pic=0,pec=0,epc=0]@2025-08-11T10:49:15.4350069-03:00 tryProduce false
10:49:15.435 [JettyServerThreadPool-39] DEBUG org.eclipse.jetty.io.ManagedSelector -- updateable 1
10:49:15.435 [JettyServerThreadPool-39] DEBUG org.eclipse.jetty.io.ManagedSelector -- update org.eclipse.jetty.io.ManagedSelector$Start@408e96d9
10:49:15.435 [JettyServerThreadPool-39] DEBUG org.eclipse.jetty.io.ManagedSelector -- updates 0
10:49:15.435 [JettyServerThreadPool-39] DEBUG org.eclipse.jetty.io.ManagedSelector -- Selector sun.nio.ch.WEPollSelectorImpl@60f8433c waiting with 0 keys
10:49:15.435 [main] DEBUG org.eclipse.jetty.util.component.AbstractLifeCycle -- STARTED @2640ms ManagedSelector@680a66dd{STARTED} id=4 keys=0 selected=0 updates=0
10:49:15.435 [main] DEBUG org.eclipse.jetty.util.component.AbstractLifeCycle -- STARTING ManagedSelector@7b7683d4{STOPPED} id=5 keys=-1 selected=-1 updates=0
10:49:15.435 [main] DEBUG org.eclipse.jetty.util.component.AbstractLifeCycle -- STARTING AdaptiveExecutionStrategy@2dd8239/SelectorProducer@472698d/IDLE/p=false/QueuedThreadPool[JettyServerThreadPool]@3051e0b2{STARTED,8<=8<=250,i=3,r=-1,t=59732ms,q=0}[ReservedThreadExecutor@39008c9f{reserved=0/12,pending=0}][pc=0,pic=0,pec=0,epc=0]@2025-08-11T10:49:15.4350069-03:00
10:49:15.435 [main] DEBUG org.eclipse.jetty.util.component.AbstractLifeCycle -- STARTED @2640ms AdaptiveExecutionStrategy@2dd8239/SelectorProducer@472698d/IDLE/p=false/QueuedThreadPool[JettyServerThreadPool]@3051e0b2{STARTED,8<=8<=250,i=3,r=-1,t=59731ms,q=0}[ReservedThreadExecutor@39008c9f{reserved=0/12,pending=0}][pc=0,pic=0,pec=0,epc=0]@2025-08-11T10:49:15.4350069-03:00
10:49:15.435 [main] DEBUG org.eclipse.jetty.util.thread.QueuedThreadPool -- queue org.eclipse.jetty.io.ManagedSelector$$Lambda/0x000001e326300000@59901c4d startThread=0
10:49:15.435 [JettyServerThreadPool-40] DEBUG org.eclipse.jetty.util.thread.QueuedThreadPool -- run org.eclipse.jetty.io.ManagedSelector$$Lambda/0x000001e326300000@59901c4d in QueuedThreadPool[JettyServerThreadPool]@3051e0b2{STARTED,8<=8<=250,i=2,r=-1,t=59728ms,q=0}[ReservedThreadExecutor@39008c9f{reserved=0/12,pending=0}]
10:49:15.435 [main] DEBUG org.eclipse.jetty.io.ManagedSelector -- Queued change lazy=false org.eclipse.jetty.io.ManagedSelector$Start@168cd36b on ManagedSelector@7b7683d4{STARTING} id=5 keys=0 selected=0 updates=0
10:49:15.435 [JettyServerThreadPool-40] DEBUG org.eclipse.jetty.util.thread.strategy.AdaptiveExecutionStrategy -- AdaptiveExecutionStrategy@2dd8239/SelectorProducer@472698d/IDLE/p=false/QueuedThreadPool[JettyServerThreadPool]@3051e0b2{STARTED,8<=8<=250,i=2,r=-1,t=59728ms,q=0}[ReservedThreadExecutor@39008c9f{reserved=0/12,pending=0}][pc=0,pic=0,pec=0,epc=0]@2025-08-11T10:49:15.4350069-03:00 tryProduce false
10:49:15.435 [JettyServerThreadPool-40] DEBUG org.eclipse.jetty.io.ManagedSelector -- updateable 1
10:49:15.435 [JettyServerThreadPool-40] DEBUG org.eclipse.jetty.io.ManagedSelector -- update org.eclipse.jetty.io.ManagedSelector$Start@168cd36b
10:49:15.440 [JettyServerThreadPool-40] DEBUG org.eclipse.jetty.io.ManagedSelector -- updates 0
10:49:15.440 [JettyServerThreadPool-40] DEBUG org.eclipse.jetty.io.ManagedSelector -- Selector sun.nio.ch.WEPollSelectorImpl@1596afd5 waiting with 0 keys
10:49:15.440 [main] DEBUG org.eclipse.jetty.util.component.AbstractLifeCycle -- STARTED @2644ms ManagedSelector@7b7683d4{STARTED} id=5 keys=0 selected=0 updates=0
10:49:15.440 [main] DEBUG org.eclipse.jetty.util.component.AbstractLifeCycle -- STARTED @2644ms SelectorManager@ServerConnector@7c1c5936{HTTP/1.1, (http/1.1)}{0.0.0.0:53844}
10:49:15.442 [main] DEBUG org.eclipse.jetty.util.component.ContainerLifeCycle -- ServerConnector@7c1c5936{HTTP/1.1, (http/1.1)}{0.0.0.0:53844} added {acceptor-0@10cd6753,POJO}
10:49:15.442 [main] DEBUG org.eclipse.jetty.util.thread.QueuedThreadPool -- queue acceptor-0@10cd6753 startThread=0
10:49:15.442 [main] INFO org.eclipse.jetty.server.AbstractConnector -- Started ServerConnector@7c1c5936{HTTP/1.1, (http/1.1)}{0.0.0.0:53844}
10:49:15.442 [JettyServerThreadPool-41] DEBUG org.eclipse.jetty.util.thread.QueuedThreadPool -- run acceptor-0@10cd6753 in QueuedThreadPool[JettyServerThreadPool]@3051e0b2{STARTED,8<=8<=250,i=1,r=-1,t=59723ms,q=0}[ReservedThreadExecutor@39008c9f{reserved=0/12,pending=0}]
10:49:15.442 [main] DEBUG org.eclipse.jetty.util.component.AbstractLifeCycle -- STARTED @2648ms ServerConnector@7c1c5936{HTTP/1.1, (http/1.1)}{0.0.0.0:53844}
10:49:15.442 [main] INFO org.eclipse.jetty.server.Server -- Started Server@67e28be3{STARTING}[11.0.20,sto=0] @2649ms
10:49:15.442 [main] DEBUG org.eclipse.jetty.util.component.AbstractLifeCycle -- STARTED @2649ms Server@67e28be3{STARTED}[11.0.20,sto=0]
10:49:15.442 [main] INFO io.javalin.Javalin -- 
       __                  ___           _____
      / /___ __   ______ _/ (_)___      / ___/
 __  / / __ `/ | / / __ `/ / / __ \    / __ \
/ /_/ / /_/ /| |/ / /_/ / / / / / /   / /_/ /
\____/\__,_/ |___/\__,_/_/_/_/ /_/    \____/

       https://javalin.io/documentation

10:49:15.448 [main] INFO io.javalin.Javalin -- Javalin started in 512ms \o/
10:49:15.462 [main] INFO io.javalin.Javalin -- Listening on http://localhost:53844/
10:49:15.494 [main] INFO io.javalin.Javalin -- You are running Javalin 6.1.3 (released March 2, 2024. Your Javalin version is 526 days old. Consider checking for a newer version.).
10:49:15.981 [JettyServerThreadPool-41-acceptor-0@10cd6753-ServerConnector@7c1c5936{HTTP/1.1, (http/1.1)}{0.0.0.0:53844}] DEBUG org.eclipse.jetty.io.ManagedSelector -- Queued change lazy=false Accept@1f7a8d3e[java.nio.channels.SocketChannel[connected local=/127.0.0.1:53844 remote=/127.0.0.1:53848]] on ManagedSelector@16872c4d{STARTED} id=1 keys=0 selected=0 updates=0
10:49:15.984 [JettyServerThreadPool-41-acceptor-0@10cd6753-ServerConnector@7c1c5936{HTTP/1.1, (http/1.1)}{0.0.0.0:53844}] DEBUG org.eclipse.jetty.io.ManagedSelector -- Wakeup on submit ManagedSelector@16872c4d{STARTED} id=1 keys=0 selected=0 updates=1
10:49:15.984 [JettyServerThreadPool-36] DEBUG org.eclipse.jetty.io.ManagedSelector -- Selector sun.nio.ch.WEPollSelectorImpl@6afbd1bd woken with none selected
10:49:15.984 [JettyServerThreadPool-36] DEBUG org.eclipse.jetty.io.ManagedSelector -- Selector sun.nio.ch.WEPollSelectorImpl@6afbd1bd woken up from select, 0/0/0 selected
10:49:15.984 [JettyServerThreadPool-36] DEBUG org.eclipse.jetty.io.ManagedSelector -- Selector sun.nio.ch.WEPollSelectorImpl@6afbd1bd processing 0 keys, 1 updates
10:49:15.984 [JettyServerThreadPool-36] DEBUG org.eclipse.jetty.io.ManagedSelector -- updateable 1
10:49:15.984 [JettyServerThreadPool-36] DEBUG org.eclipse.jetty.io.ManagedSelector -- update Accept@1f7a8d3e[java.nio.channels.SocketChannel[connected local=/127.0.0.1:53844 remote=/127.0.0.1:53848]]
10:49:15.984 [JettyServerThreadPool-36] DEBUG org.eclipse.jetty.util.thread.QueuedThreadPool -- queue Accept@1f7a8d3e[java.nio.channels.SocketChannel[connected local=/127.0.0.1:53844 remote=/127.0.0.1:53848]] startThread=0
10:49:15.986 [JettyServerThreadPool-36] DEBUG org.eclipse.jetty.io.ManagedSelector -- updates 0
10:49:15.986 [JettyServerThreadPool-36] DEBUG org.eclipse.jetty.io.ManagedSelector -- Selector sun.nio.ch.WEPollSelectorImpl@6afbd1bd waiting with 1 keys
10:49:15.984 [JettyServerThreadPool-42] DEBUG org.eclipse.jetty.util.thread.QueuedThreadPool -- run Accept@1f7a8d3e[java.nio.channels.SocketChannel[connected local=/127.0.0.1:53844 remote=/127.0.0.1:53848]] in QueuedThreadPool[JettyServerThreadPool]@3051e0b2{STARTED,8<=8<=250,i=0,r=-1,t=59182ms,q=0}[ReservedThreadExecutor@39008c9f{reserved=0/12,pending=0}]
10:49:16.002 [JettyServerThreadPool-42] DEBUG org.eclipse.jetty.io.IdleTimeout -- Setting idle timeout 0 -> 30000 on SocketChannelEndPoint@154e1583[{l=/127.0.0.1:53844,r=/127.0.0.1:53848,OPEN,fill=-,flush=-,to=10/30000}{io=0/0,kio=0,kro=0}]->[<null>]
10:49:16.002 [JettyServerThreadPool-42] DEBUG org.eclipse.jetty.io.IdleTimeout -- SocketChannelEndPoint@154e1583[{l=/127.0.0.1:53844,r=/127.0.0.1:53848,OPEN,fill=-,flush=-,to=11/30000}{io=0/0,kio=0,kro=0}]->[<null>] idle timeout check, elapsed: 11 ms, remaining: 29989 ms
10:49:16.060 [JettyServerThreadPool-42] DEBUG org.eclipse.jetty.server.HttpChannel -- new HttpChannelOverHttp@670c05e9{s=HttpChannelState@5b669d1f{s=IDLE rs=BLOCKING os=OPEN is=IDLE awp=false se=false i=true al=0},r=0,c=false/false,a=IDLE,uri=null,age=0} -> SocketChannelEndPoint@154e1583[{l=/127.0.0.1:53844,r=/127.0.0.1:53848,OPEN,fill=-,flush=-,to=63/30000}{io=0/0,kio=0,kro=0}]->[<null>],null,HttpChannelState@5b669d1f{s=IDLE rs=BLOCKING os=OPEN is=IDLE awp=false se=false i=true al=0}
10:49:16.072 [JettyServerThreadPool-42] DEBUG org.eclipse.jetty.server.HttpConnection -- New HTTP Connection HttpConnection@512e09c9::SocketChannelEndPoint@154e1583[{l=/127.0.0.1:53844,r=/127.0.0.1:53848,OPEN,fill=-,flush=-,to=79/30000}{io=0/0,kio=0,kro=0}]->[<null>]
10:49:16.072 [JettyServerThreadPool-42] DEBUG org.eclipse.jetty.io.ManagedSelector -- Queued change lazy=true org.eclipse.jetty.io.ManagedSelector$$Lambda/0x000001e3263ba828@7114dae2 on ManagedSelector@16872c4d{STARTED} id=1 keys=1 selected=0 updates=0
10:49:16.072 [JettyServerThreadPool-42] DEBUG org.eclipse.jetty.io.AbstractEndPoint -- onOpen SocketChannelEndPoint@154e1583[{l=/127.0.0.1:53844,r=/127.0.0.1:53848,OPEN,fill=-,flush=-,to=82/30000}{io=0/0,kio=0,kro=0}]->[HttpConnection@512e09c9[p=HttpParser{s=START,0 of -1},g=HttpGenerator@554875cf{s=START}]=>HttpChannelOverHttp@670c05e9{s=HttpChannelState@5b669d1f{s=IDLE rs=BLOCKING os=OPEN is=IDLE awp=false se=false i=true al=0},r=0,c=false/false,a=IDLE,uri=null,age=0}]
10:49:16.072 [JettyServerThreadPool-42] DEBUG org.eclipse.jetty.io.AbstractConnection -- onOpen HttpConnection@512e09c9::SocketChannelEndPoint@154e1583[{l=/127.0.0.1:53844,r=/127.0.0.1:53848,OPEN,fill=-,flush=-,to=82/30000}{io=0/0,kio=0,kro=0}]->[HttpConnection@512e09c9[p=HttpParser{s=START,0 of -1},g=HttpGenerator@554875cf{s=START}]=>HttpChannelOverHttp@670c05e9{s=HttpChannelState@5b669d1f{s=IDLE rs=BLOCKING os=OPEN is=IDLE awp=false se=false i=true al=0},r=0,c=false/false,a=IDLE,uri=null,age=0}]
10:49:16.072 [JettyServerThreadPool-42] DEBUG org.eclipse.jetty.io.AbstractConnection -- fillInterested HttpConnection@512e09c9::SocketChannelEndPoint@154e1583[{l=/127.0.0.1:53844,r=/127.0.0.1:53848,OPEN,fill=-,flush=-,to=82/30000}{io=0/0,kio=0,kro=0}]->[HttpConnection@512e09c9[p=HttpParser{s=START,0 of -1},g=HttpGenerator@554875cf{s=START}]=>HttpChannelOverHttp@670c05e9{s=HttpChannelState@5b669d1f{s=IDLE rs=BLOCKING os=OPEN is=IDLE awp=false se=false i=true al=0},r=0,c=false/false,a=IDLE,uri=null,age=0}]
10:49:16.072 [JettyServerThreadPool-42] DEBUG org.eclipse.jetty.io.FillInterest -- interested FillInterest@5942e740{ReadCallback@24567ada{HttpConnection@512e09c9::SocketChannelEndPoint@154e1583[{l=/127.0.0.1:53844,r=/127.0.0.1:53848,OPEN,fill=FI,flush=-,to=0/30000}{io=0/0,kio=0,kro=0}]->[HttpConnection@512e09c9[p=HttpParser{s=START,0 of -1},g=HttpGenerator@554875cf{s=START}]=>HttpChannelOverHttp@670c05e9{s=HttpChannelState@5b669d1f{s=IDLE rs=BLOCKING os=OPEN is=IDLE awp=false se=false i=true al=0},r=0,c=false/false,a=IDLE,uri=null,age=0}]}}
10:49:16.072 [JettyServerThreadPool-42] DEBUG org.eclipse.jetty.io.SelectableChannelEndPoint -- changeInterests p=false 0->1 for SocketChannelEndPoint@154e1583[{l=/127.0.0.1:53844,r=/127.0.0.1:53848,OPEN,fill=FI,flush=-,to=0/30000}{io=0/1,kio=0,kro=0}]->[HttpConnection@512e09c9[p=HttpParser{s=START,0 of -1},g=HttpGenerator@554875cf{s=START}]=>HttpChannelOverHttp@670c05e9{s=HttpChannelState@5b669d1f{s=IDLE rs=BLOCKING os=OPEN is=IDLE awp=false se=false i=true al=0},r=0,c=false/false,a=IDLE,uri=null,age=0}]
[...]
10:49:16.501 [main] DEBUG org.eclipse.jetty.util.Pool -- Closing Pool@3af7d855[inUse=0,size=0,max=250,closed=false]
10:49:16.501 [main] DEBUG org.eclipse.jetty.util.component.AbstractLifeCycle -- STOPPED DeflaterPool@6fa13e6{STOPPED,size=-1,capacity=250}
10:49:16.501 [main] DEBUG org.eclipse.jetty.util.component.AbstractLifeCycle -- STOPPING InflaterPool@6535117e{STARTED,size=0,capacity=250}
10:49:16.501 [main] DEBUG org.eclipse.jetty.util.Pool -- Closing Pool@1d1cbd0f[inUse=0,size=0,max=250,closed=false]
10:49:16.501 [main] DEBUG org.eclipse.jetty.util.component.AbstractLifeCycle -- STOPPED InflaterPool@6535117e{STOPPED,size=-1,capacity=250}
10:49:16.501 [main] DEBUG org.eclipse.jetty.util.component.AbstractLifeCycle -- STOPPING ErrorHandler@52ff99cd{STARTED}
10:49:16.501 [main] DEBUG org.eclipse.jetty.server.handler.AbstractHandler -- stopping ErrorHandler@52ff99cd{STOPPING}
10:49:16.501 [main] DEBUG org.eclipse.jetty.util.component.AbstractLifeCycle -- STOPPED ErrorHandler@52ff99cd{STOPPED}
10:49:16.501 [main] DEBUG org.eclipse.jetty.util.component.AbstractLifeCycle -- STOPPING StatisticsHandler@765ffb14{STARTED,r=0,d=0}
10:49:16.501 [main] DEBUG org.eclipse.jetty.server.handler.AbstractHandler -- stopping StatisticsHandler@765ffb14{STOPPING,r=0,d=0}
10:49:16.501 [main] DEBUG org.eclipse.jetty.util.component.AbstractLifeCycle -- STOPPING o.e.j.s.ServletContextHandler@57562473{/,null,AVAILABLE}
10:49:16.501 [main] DEBUG org.eclipse.jetty.util.component.AbstractLifeCycle -- STOPPING WebSocketServerComponents@446626a7{STARTED}
10:49:16.501 [main] DEBUG org.eclipse.jetty.util.component.AbstractLifeCycle -- STOPPED WebSocketServerComponents@446626a7{STOPPED}
10:49:16.501 [main] DEBUG org.eclipse.jetty.util.component.AbstractLifeCycle -- STOPPING JettyWebSocketServerContainer@cda6019{STARTED}
10:49:16.501 [main] DEBUG org.eclipse.jetty.util.component.AbstractLifeCycle -- STOPPING SessionTracker@4012d5bc{STARTED}
10:49:16.501 [main] DEBUG org.eclipse.jetty.util.component.AbstractLifeCycle -- STOPPED SessionTracker@4012d5bc{STOPPED}
10:49:16.501 [main] DEBUG org.eclipse.jetty.util.component.AbstractLifeCycle -- STOPPING JettyServerFrameHandlerFactory@797c3c3b{STARTED}
10:49:16.501 [main] DEBUG org.eclipse.jetty.util.component.AbstractLifeCycle -- STOPPED JettyServerFrameHandlerFactory@797c3c3b{STOPPED}
10:49:16.501 [main] DEBUG org.eclipse.jetty.util.component.AbstractLifeCycle -- STOPPED JettyWebSocketServerContainer@cda6019{STOPPED}
10:49:16.501 [main] DEBUG org.eclipse.jetty.server.handler.AbstractHandler -- stopping o.e.j.s.ServletContextHandler@57562473{/,null,STOPPED}
10:49:16.501 [main] DEBUG org.eclipse.jetty.util.component.AbstractLifeCycle -- STOPPING org.eclipse.jetty.server.session.SessionHandler1249890505==dftMaxIdleSec=-1
10:49:16.501 [main] DEBUG org.eclipse.jetty.server.session.DefaultSessionCache -- Shutdown sessions, invalidating = false
10:49:16.501 [main] DEBUG org.eclipse.jetty.util.component.AbstractLifeCycle -- STOPPING org.eclipse.jetty.server.session.DefaultSessionCache@1cf0cacc[evict=-1,removeUnloadable=false,saveOnCreate=false,saveOnInactiveEvict=false]
10:49:16.501 [main] DEBUG org.eclipse.jetty.util.component.AbstractLifeCycle -- STOPPING org.eclipse.jetty.server.session.NullSessionDataStore@4f5b08d[passivating=false,graceSec=3600]
10:49:16.501 [main] DEBUG org.eclipse.jetty.util.component.AbstractLifeCycle -- STOPPED org.eclipse.jetty.server.session.NullSessionDataStore@4f5b08d[passivating=false,graceSec=3600]
10:49:16.501 [main] DEBUG org.eclipse.jetty.util.component.AbstractLifeCycle -- STOPPED org.eclipse.jetty.server.session.DefaultSessionCache@1cf0cacc[evict=-1,removeUnloadable=false,saveOnCreate=false,saveOnInactiveEvict=false]
10:49:16.501 [main] DEBUG org.eclipse.jetty.util.component.AbstractLifeCycle -- STOPPING ScheduledExecutorScheduler@4601203a{STARTED}
10:49:16.501 [main] DEBUG org.eclipse.jetty.util.component.AbstractLifeCycle -- STOPPED ScheduledExecutorScheduler@4601203a{STOPPED}
10:49:16.501 [main] DEBUG org.eclipse.jetty.server.handler.AbstractHandler -- stopping org.eclipse.jetty.server.session.SessionHandler1249890505==dftMaxIdleSec=-1
10:49:16.501 [main] DEBUG org.eclipse.jetty.util.component.AbstractLifeCycle -- STOPPING ServletHandler@424de326{STARTED}
10:49:16.501 [main] DEBUG org.eclipse.jetty.server.handler.AbstractHandler -- stopping ServletHandler@424de326{STOPPING}
10:49:16.501 [main] DEBUG org.eclipse.jetty.util.component.AbstractLifeCycle -- STOPPING org.eclipse.jetty.servlet.ServletHandler$Default404Servlet-4b039c6d==org.eclipse.jetty.servlet.ServletHandler$Default404Servlet@bdb45fd{jsp=null,order=-1,inst=false,async=true,src=EMBEDDED:null,STARTED}
10:49:16.501 [main] DEBUG org.eclipse.jetty.util.component.AbstractLifeCycle -- STOPPED org.eclipse.jetty.servlet.ServletHandler$Default404Servlet-4b039c6d==org.eclipse.jetty.servlet.ServletHandler$Default404Servlet@bdb45fd{jsp=null,order=-1,inst=false,async=true,src=EMBEDDED:null,STOPPED}
10:49:16.501 [main] DEBUG org.eclipse.jetty.util.component.AbstractLifeCycle -- STOPPING io.javalin.jetty.JavalinJettyServlet-18578491==io.javalin.jetty.JavalinJettyServlet@229c054b{jsp=null,order=-1,inst=true,async=true,src=EMBEDDED:null,STARTED}
10:49:16.501 [main] DEBUG org.eclipse.jetty.util.component.AbstractLifeCycle -- STOPPED io.javalin.jetty.JavalinJettyServlet-18578491==io.javalin.jetty.JavalinJettyServlet@229c054b{jsp=null,order=-1,inst=false,async=true,src=EMBEDDED:null,STOPPED}
10:49:16.501 [main] DEBUG org.eclipse.jetty.servlet.ServletHandler -- Path=/*[EMBEDDED:null] mapped to servlet=io.javalin.jetty.JavalinJettyServlet-18578491[EMBEDDED:null]
10:49:16.501 [main] DEBUG org.eclipse.jetty.http.pathmap.ServletPathSpec -- Creating ServletPathSpec[/*] (group: PREFIX_GLOB, prefix: "", suffix: "null")
10:49:16.501 [main] DEBUG org.eclipse.jetty.http.pathmap.PathMappings -- Added MappedResource[pathSpec=ServletPathSpec@9457a78e{/*},resource=MappedServlet26c89563{/*->io.javalin.jetty.JavalinJettyServlet-18578491==io.javalin.jetty.JavalinJettyServlet@229c054b{jsp=null,order=-1,inst=false,async=true,src=EMBEDDED:null,STOPPED}}] to PathMappings[size=1]
10:49:16.501 [main] DEBUG org.eclipse.jetty.servlet.ServletHandler -- filterNameMap={} pathFilters=[] servletFilterMap={} servletPathMap=PathMappings[size=1] servletNameMap={io.javalin.jetty.JavalinJettyServlet-18578491=MappedServlet3bd6ba24{null->io.javalin.jetty.JavalinJettyServlet-18578491==io.javalin.jetty.JavalinJettyServlet@229c054b{jsp=null,order=-1,inst=false,async=true,src=EMBEDDED:null,STOPPED}}}
10:49:16.501 [main] DEBUG org.eclipse.jetty.util.component.AbstractLifeCycle -- STOPPED ServletHandler@424de326{STOPPED}
10:49:16.501 [main] DEBUG org.eclipse.jetty.util.component.AbstractLifeCycle -- STOPPED org.eclipse.jetty.server.session.SessionHandler1249890505==dftMaxIdleSec=-1
10:49:16.501 [main] DEBUG org.eclipse.jetty.util.component.AbstractLifeCycle -- STOPPING ServletContainerInitializerStarter@4bc33720{STARTED}
10:49:16.501 [main] DEBUG org.eclipse.jetty.util.component.AbstractLifeCycle -- STOPPING ContainerInitializer{org.eclipse.jetty.websocket.server.config.JettyWebSocketServletContainerInitializer,interested=[],applicable=[],annotated=[]}
10:49:16.501 [main] DEBUG org.eclipse.jetty.util.component.AbstractLifeCycle -- STOPPED ContainerInitializer{org.eclipse.jetty.websocket.server.config.JettyWebSocketServletContainerInitializer,interested=[],applicable=[],annotated=[]}
10:49:16.501 [main] DEBUG org.eclipse.jetty.util.component.AbstractLifeCycle -- STOPPED ServletContainerInitializerStarter@4bc33720{STOPPED}
10:49:16.501 [main] INFO org.eclipse.jetty.server.handler.ContextHandler -- Stopped o.e.j.s.ServletContextHandler@57562473{/,null,STOPPED}
10:49:16.501 [main] DEBUG org.eclipse.jetty.util.component.AbstractLifeCycle -- STOPPED o.e.j.s.ServletContextHandler@57562473{/,null,STOPPED}
10:49:16.501 [main] DEBUG org.eclipse.jetty.util.component.AbstractLifeCycle -- STOPPED StatisticsHandler@765ffb14{STOPPED,r=0,d=0}
10:49:16.501 [main] DEBUG org.eclipse.jetty.util.component.AbstractLifeCycle -- STOPPING LowResourceMonitor@2975a9e{STARTED}
10:49:16.501 [main] DEBUG org.eclipse.jetty.util.component.AbstractLifeCycle -- STOPPING LRMScheduler@7f93dd4e{STARTED}
10:49:16.501 [main] DEBUG org.eclipse.jetty.util.component.AbstractLifeCycle -- STOPPED LRMScheduler@7f93dd4e{STOPPED}
10:49:16.501 [main] DEBUG org.eclipse.jetty.util.component.AbstractLifeCycle -- STOPPED LowResourceMonitor@2975a9e{STOPPED}
10:49:16.501 [main] DEBUG org.eclipse.jetty.util.component.AbstractLifeCycle -- STOPPING AttributeContainerMap@4cbc2e3b{size=1}
10:49:16.501 [main] DEBUG org.eclipse.jetty.util.component.AbstractLifeCycle -- STOPPED AttributeContainerMap@4cbc2e3b{size=1}
10:49:16.501 [main] DEBUG org.eclipse.jetty.util.component.AbstractLifeCycle -- STOPPING QueuedThreadPool[JettyServerThreadPool]@48a0c8aa{STARTED,8<=9<=250,i=8,r=-1,t=59971ms,q=0}[ReservedThreadExecutor@44032fde{reserved=1/12,pending=0}]
10:49:16.501 [main] DEBUG org.eclipse.jetty.util.thread.QueuedThreadPool -- Stopping QueuedThreadPool[JettyServerThreadPool]@48a0c8aa{STOPPING,8<=9<=250,i=8,r=-1,t=59971ms,q=0}[ReservedThreadExecutor@44032fde{reserved=1/12,pending=0}]
10:49:16.501 [main] DEBUG org.eclipse.jetty.util.component.AbstractLifeCycle -- STOPPING ReservedThreadExecutor@44032fde{reserved=1/12,pending=0}
10:49:16.501 [main] DEBUG org.eclipse.jetty.util.component.AbstractLifeCycle -- STOPPED ReservedThreadExecutor@44032fde{reserved=-1/12,pending=0}
10:49:16.501 [JettyServerThreadPool-61] DEBUG org.eclipse.jetty.util.thread.ReservedThreadExecutor -- ReservedThread@1172ec35{RESERVED,thread=Thread[#61,JettyServerThreadPool-61,5,main]} task=STOP ReservedThreadExecutor@44032fde{reserved=-1/12,pending=0}
10:49:16.501 [main] DEBUG org.eclipse.jetty.util.thread.QueuedThreadPool -- Waiting for Thread[#56,JettyServerThreadPool-56,5,main] for 2499
10:49:16.501 [JettyServerThreadPool-61] DEBUG org.eclipse.jetty.util.thread.ReservedThreadExecutor -- ReservedThread@1172ec35{RESERVED,thread=Thread[#61,JettyServerThreadPool-61,5,main]} exited ReservedThreadExecutor@44032fde{reserved=-1/12,pending=0}
10:49:16.501 [JettyServerThreadPool-59] DEBUG org.eclipse.jetty.util.thread.QueuedThreadPool -- run org.eclipse.jetty.util.thread.QueuedThreadPool$$Lambda/0x000001e3262a6cd0@348d1aa3 in QueuedThreadPool[JettyServerThreadPool]@48a0c8aa{STOPPING,8<=0<=250,i=8,r=-1,t=59970ms,q=0}[NO_TRY]
10:49:16.501 [JettyServerThreadPool-57] DEBUG org.eclipse.jetty.util.thread.QueuedThreadPool -- run org.eclipse.jetty.util.thread.QueuedThreadPool$$Lambda/0x000001e3262a6cd0@348d1aa3 in QueuedThreadPool[JettyServerThreadPool]@48a0c8aa{STOPPING,8<=0<=250,i=8,r=-1,t=59970ms,q=0}[NO_TRY]
10:49:16.501 [JettyServerThreadPool-61] DEBUG org.eclipse.jetty.util.thread.QueuedThreadPool -- ran ReservedThread@1172ec35{RESERVED,thread=null} in QueuedThreadPool[JettyServerThreadPool]@48a0c8aa{STOPPING,8<=0<=250,i=8,r=-1,t=59970ms,q=0}[NO_TRY]
10:49:16.501 [JettyServerThreadPool-60] DEBUG org.eclipse.jetty.util.thread.QueuedThreadPool -- run org.eclipse.jetty.util.thread.QueuedThreadPool$$Lambda/0x000001e3262a6cd0@348d1aa3 in QueuedThreadPool[JettyServerThreadPool]@48a0c8aa{STOPPING,8<=0<=250,i=8,r=-1,t=59970ms,q=0}[NO_TRY]
10:49:16.501 [JettyServerThreadPool-59] DEBUG org.eclipse.jetty.util.thread.QueuedThreadPool -- ran org.eclipse.jetty.util.thread.QueuedThreadPool$$Lambda/0x000001e3262a6cd0@348d1aa3 in QueuedThreadPool[JettyServerThreadPool]@48a0c8aa{STOPPING,8<=0<=250,i=8,r=-1,t=59970ms,q=0}[NO_TRY]
10:49:16.501 [JettyServerThreadPool-57] DEBUG org.eclipse.jetty.util.thread.QueuedThreadPool -- ran org.eclipse.jetty.util.thread.QueuedThreadPool$$Lambda/0x000001e3262a6cd0@348d1aa3 in QueuedThreadPool[JettyServerThreadPool]@48a0c8aa{STOPPING,8<=0<=250,i=8,r=-1,t=59970ms,q=0}[NO_TRY]
10:49:16.504 [JettyServerThreadPool-61] DEBUG org.eclipse.jetty.util.thread.QueuedThreadPool -- Evict skipped, no excess threads QueuedThreadPool[JettyServerThreadPool]@48a0c8aa{STOPPING,8<=0<=250,i=9,r=-1,t=59970ms,q=0}[NO_TRY]
10:49:16.504 [JettyServerThreadPool-59] DEBUG org.eclipse.jetty.util.thread.QueuedThreadPool -- Evict skipped, no excess threads QueuedThreadPool[JettyServerThreadPool]@48a0c8aa{STOPPING,8<=0<=250,i=11,r=-1,t=59970ms,q=0}[NO_TRY]
10:49:16.504 [JettyServerThreadPool-60] DEBUG org.eclipse.jetty.util.thread.QueuedThreadPool -- ran org.eclipse.jetty.util.thread.QueuedThreadPool$$Lambda/0x000001e3262a6cd0@348d1aa3 in QueuedThreadPool[JettyServerThreadPool]@48a0c8aa{STOPPING,8<=0<=250,i=9,r=-1,t=59970ms,q=0}[NO_TRY]
10:49:16.504 [JettyServerThreadPool-61] DEBUG org.eclipse.jetty.util.thread.QueuedThreadPool -- Thread[#61,JettyServerThreadPool-61,5,main] exited for QueuedThreadPool[JettyServerThreadPool]@48a0c8aa{STOPPING,8<=0<=250,i=11,r=-1,t=59970ms,q=0}[NO_TRY]
10:49:16.504 [JettyServerThreadPool-54] DEBUG org.eclipse.jetty.util.thread.QueuedThreadPool -- run org.eclipse.jetty.util.thread.QueuedThreadPool$$Lambda/0x000001e3262a6cd0@348d1aa3 in QueuedThreadPool[JettyServerThreadPool]@48a0c8aa{STOPPING,8<=0<=250,i=11,r=-1,t=59970ms,q=0}[NO_TRY]
10:49:16.504 [JettyServerThreadPool-60] DEBUG org.eclipse.jetty.util.thread.QueuedThreadPool -- Evict skipped, no excess threads QueuedThreadPool[JettyServerThreadPool]@48a0c8aa{STOPPING,8<=0<=250,i=12,r=-1,t=59970ms,q=0}[NO_TRY]
10:49:16.504 [JettyServerThreadPool-58] DEBUG org.eclipse.jetty.util.thread.QueuedThreadPool -- run org.eclipse.jetty.util.thread.QueuedThreadPool$$Lambda/0x000001e3262a6cd0@348d1aa3 in QueuedThreadPool[JettyServerThreadPool]@48a0c8aa{STOPPING,8<=0<=250,i=9,r=-1,t=59970ms,q=0}[NO_TRY]
10:49:16.504 [JettyServerThreadPool-60] DEBUG org.eclipse.jetty.util.thread.QueuedThreadPool -- Thread[#60,JettyServerThreadPool-60,5,main] exited for QueuedThreadPool[JettyServerThreadPool]@48a0c8aa{STOPPING,8<=0<=250,i=12,r=-1,t=59970ms,q=0}[NO_TRY]
10:49:16.504 [JettyServerThreadPool-56] DEBUG org.eclipse.jetty.util.thread.QueuedThreadPool -- run org.eclipse.jetty.util.thread.QueuedThreadPool$$Lambda/0x000001e3262a6cd0@348d1aa3 in QueuedThreadPool[JettyServerThreadPool]@48a0c8aa{STOPPING,8<=0<=250,i=9,r=-1,t=59970ms,q=0}[NO_TRY]
10:49:16.504 [JettyServerThreadPool-58] DEBUG org.eclipse.jetty.util.thread.QueuedThreadPool -- ran org.eclipse.jetty.util.thread.QueuedThreadPool$$Lambda/0x000001e3262a6cd0@348d1aa3 in QueuedThreadPool[JettyServerThreadPool]@48a0c8aa{STOPPING,8<=0<=250,i=12,r=-1,t=59970ms,q=0}[NO_TRY]
10:49:16.504 [JettyServerThreadPool-57] DEBUG org.eclipse.jetty.util.thread.QueuedThreadPool -- Evict skipped, no excess threads QueuedThreadPool[JettyServerThreadPool]@48a0c8aa{STOPPING,8<=0<=250,i=11,r=-1,t=59970ms,q=0}[NO_TRY]
10:49:16.504 [JettyServerThreadPool-58] DEBUG org.eclipse.jetty.util.thread.QueuedThreadPool -- Evict skipped, no excess threads QueuedThreadPool[JettyServerThreadPool]@48a0c8aa{STOPPING,8<=0<=250,i=13,r=-1,t=59970ms,q=0}[NO_TRY]
10:49:16.504 [JettyServerThreadPool-69] DEBUG org.eclipse.jetty.util.thread.QueuedThreadPool -- run org.eclipse.jetty.util.thread.QueuedThreadPool$$Lambda/0x000001e3262a6cd0@348d1aa3 in QueuedThreadPool[JettyServerThreadPool]@48a0c8aa{STOPPING,8<=0<=250,i=11,r=-1,t=59970ms,q=0}[NO_TRY]
10:49:16.504 [JettyServerThreadPool-58] DEBUG org.eclipse.jetty.util.thread.QueuedThreadPool -- Thread[#58,JettyServerThreadPool-58,5,main] exited for QueuedThreadPool[JettyServerThreadPool]@48a0c8aa{STOPPING,8<=0<=250,i=13,r=-1,t=59970ms,q=0}[NO_TRY]
10:49:16.504 [JettyServerThreadPool-57] DEBUG org.eclipse.jetty.util.thread.QueuedThreadPool -- Thread[#57,JettyServerThreadPool-57,5,main] exited for QueuedThreadPool[JettyServerThreadPool]@48a0c8aa{STOPPING,8<=0<=250,i=13,r=-1,t=59970ms,q=0}[NO_TRY]
10:49:16.504 [JettyServerThreadPool-55] DEBUG org.eclipse.jetty.util.thread.QueuedThreadPool -- run org.eclipse.jetty.util.thread.QueuedThreadPool$$Lambda/0x000001e3262a6cd0@348d1aa3 in QueuedThreadPool[JettyServerThreadPool]@48a0c8aa{STOPPING,8<=0<=250,i=11,r=-1,t=59970ms,q=0}[NO_TRY]
10:49:16.504 [JettyServerThreadPool-69] DEBUG org.eclipse.jetty.util.thread.QueuedThreadPool -- ran org.eclipse.jetty.util.thread.QueuedThreadPool$$Lambda/0x000001e3262a6cd0@348d1aa3 in QueuedThreadPool[JettyServerThreadPool]@48a0c8aa{STOPPING,8<=0<=250,i=13,r=-1,t=59970ms,q=0}[NO_TRY]
10:49:16.504 [JettyServerThreadPool-59] DEBUG org.eclipse.jetty.util.thread.QueuedThreadPool -- Thread[#59,JettyServerThreadPool-59,5,main] exited for QueuedThreadPool[JettyServerThreadPool]@48a0c8aa{STOPPING,8<=0<=250,i=11,r=-1,t=59970ms,q=0}[NO_TRY]
10:49:16.504 [JettyServerThreadPool-69] DEBUG org.eclipse.jetty.util.thread.QueuedThreadPool -- Evict skipped, no excess threads QueuedThreadPool[JettyServerThreadPool]@48a0c8aa{STOPPING,8<=0<=250,i=14,r=-1,t=59970ms,q=0}[NO_TRY]
10:49:16.504 [JettyServerThreadPool-55] DEBUG org.eclipse.jetty.util.thread.QueuedThreadPool -- ran org.eclipse.jetty.util.thread.QueuedThreadPool$$Lambda/0x000001e3262a6cd0@348d1aa3 in QueuedThreadPool[JettyServerThreadPool]@48a0c8aa{STOPPING,8<=0<=250,i=14,r=-1,t=59970ms,q=0}[NO_TRY]
10:49:16.504 [JettyServerThreadPool-54] DEBUG org.eclipse.jetty.util.thread.QueuedThreadPool -- ran org.eclipse.jetty.util.thread.QueuedThreadPool$$Lambda/0x000001e3262a6cd0@348d1aa3 in QueuedThreadPool[JettyServerThreadPool]@48a0c8aa{STOPPING,8<=0<=250,i=12,r=-1,t=59970ms,q=0}[NO_TRY]
10:49:16.504 [JettyServerThreadPool-55] DEBUG org.eclipse.jetty.util.thread.QueuedThreadPool -- Evict skipped, no excess threads QueuedThreadPool[JettyServerThreadPool]@48a0c8aa{STOPPING,8<=0<=250,i=15,r=-1,t=59970ms,q=0}[NO_TRY]
10:49:16.504 [JettyServerThreadPool-56] DEBUG org.eclipse.jetty.util.thread.QueuedThreadPool -- ran org.eclipse.jetty.util.thread.QueuedThreadPool$$Lambda/0x000001e3262a6cd0@348d1aa3 in QueuedThreadPool[JettyServerThreadPool]@48a0c8aa{STOPPING,8<=0<=250,i=12,r=-1,t=59970ms,q=0}[NO_TRY]
10:49:16.504 [JettyServerThreadPool-54] DEBUG org.eclipse.jetty.util.thread.QueuedThreadPool -- Evict skipped, no excess threads QueuedThreadPool[JettyServerThreadPool]@48a0c8aa{STOPPING,8<=0<=250,i=16,r=-1,t=59970ms,q=0}[NO_TRY]
10:49:16.504 [JettyServerThreadPool-69] DEBUG org.eclipse.jetty.util.thread.QueuedThreadPool -- Thread[#69,JettyServerThreadPool-69,5,main] exited for QueuedThreadPool[JettyServerThreadPool]@48a0c8aa{STOPPING,8<=0<=250,i=15,r=-1,t=59970ms,q=0}[NO_TRY]
10:49:16.504 [JettyServerThreadPool-54] DEBUG org.eclipse.jetty.util.thread.QueuedThreadPool -- Thread[#54,JettyServerThreadPool-54,5,main] exited for QueuedThreadPool[JettyServerThreadPool]@48a0c8aa{STOPPING,8<=0<=250,i=17,r=-1,t=59970ms,q=0}[NO_TRY]
10:49:16.504 [JettyServerThreadPool-56] DEBUG org.eclipse.jetty.util.thread.QueuedThreadPool -- Evict skipped, no excess threads QueuedThreadPool[JettyServerThreadPool]@48a0c8aa{STOPPING,8<=0<=250,i=17,r=-1,t=59970ms,q=0}[NO_TRY]
10:49:16.504 [JettyServerThreadPool-55] DEBUG org.eclipse.jetty.util.thread.QueuedThreadPool -- Thread[#55,JettyServerThreadPool-55,5,main] exited for QueuedThreadPool[JettyServerThreadPool]@48a0c8aa{STOPPING,8<=0<=250,i=16,r=-1,t=59970ms,q=0}[NO_TRY]
10:49:16.504 [JettyServerThreadPool-56] DEBUG org.eclipse.jetty.util.thread.QueuedThreadPool -- Thread[#56,JettyServerThreadPool-56,5,main] exited for QueuedThreadPool[JettyServerThreadPool]@48a0c8aa{STOPPING,8<=0<=250,i=17,r=-1,t=59969ms,q=0}[NO_TRY]
10:49:16.505 [main] DEBUG org.eclipse.jetty.util.thread.QueuedThreadPool -- Waiting for Thread[#54,JettyServerThreadPool-54,5,] for 2498
10:49:16.505 [main] DEBUG org.eclipse.jetty.util.component.AbstractLifeCycle -- STOPPED QueuedThreadPool[JettyServerThreadPool]@48a0c8aa{STOPPED,8<=0<=250,i=17,r=-1,t=59969ms,q=0}[NO_TRY]
10:49:16.505 [main] DEBUG org.eclipse.jetty.util.component.AbstractLifeCycle -- STOPPED Server@3722c145{STOPPED}[11.0.20,sto=0]
10:49:16.505 [main] INFO io.javalin.Javalin -- Javalin has stopped
]]></system-out>
  </testcase>
</testsuite>