<?xml version="1.0" encoding="UTF-8"?>
<testsuite xmlns:xsi="http://www.w3.org/2001/XMLSchema-instance" xsi:noNamespaceSchemaLocation="https://maven.apache.org/surefire/maven-surefire-plugin/xsd/surefire-test-report-3.0.xsd" version="3.0" name="br.com.espacovista.controller.PrintControllerIntegrationTest" time="4.455" tests="2" errors="0" skipped="0" failures="0">
  <properties>
[...]
</properties>
  <testcase name="postToPrint_withValidRequest_shouldReturn200" classname="br.com.espacovista.controller.PrintControllerIntegrationTest" time="4.152">
    <system-out><![CDATA[09:34:39.082 [main] DEBUG org.eclipse.jetty.http.PreEncodedHttpField -- HttpField encoders loaded: [org.eclipse.jetty.http.Http1FieldPreEncoder@6b474074]
09:34:39.263 [main] DEBUG org.eclipse.jetty.util.component.ContainerLifeCycle -- QueuedThreadPool[qtp1410186665]@540dbda9{STOPPED,8<=0<=250,i=0,r=-1,t=-62126066ms,q=0}[NO_TRY] added {org.eclipse.jetty.util.thread.ThreadPoolBudget@7f829c76,POJO}
09:34:39.270 [main] DEBUG org.eclipse.jetty.util.component.ContainerLifeCycle -- Server@58a4a74d{STOPPED}[11.0.20,sto=0] added {QueuedThreadPool[JettyServerThreadPool]@540dbda9{STOPPED,8<=0<=250,i=0,r=-1,t=-62126083ms,q=0}[NO_TRY],AUTO}
09:34:39.281 [main] DEBUG org.eclipse.jetty.util.component.ContainerLifeCycle -- Server@58a4a74d{STOPPED}[11.0.20,sto=0] added {AttributeContainerMap@421a4ee1{size=0},AUTO}
09:34:39.289 [main] DEBUG org.eclipse.jetty.util.component.ContainerLifeCycle -- Server@58a4a74d{STOPPED}[11.0.20,sto=0] added {LowResourceMonitor@5b4d25e7{STOPPED},AUTO}
09:34:39.297 [main] DEBUG org.eclipse.jetty.util.component.ContainerLifeCycle -- Server@58a4a74d{STOPPED}[11.0.20,sto=0] added {StatisticsHandler@12958360{STOPPED,r=0,d=0},MANAGED}
09:34:39.297 [main] DEBUG org.eclipse.jetty.util.component.ContainerLifeCycle -- AttributeContainerMap@421a4ee1{size=1} added {true,POJO}
09:34:39.328 [main] DEBUG org.eclipse.jetty.util.component.ContainerLifeCycle -- o.e.j.s.ServletContextHandler@bb9ab64{/,null,STOPPED} added {org.eclipse.jetty.server.session.SessionHandler173197870==dftMaxIdleSec=-1,MANAGED}
09:34:39.328 [main] DEBUG org.eclipse.jetty.util.component.ContainerLifeCycle -- org.eclipse.jetty.server.session.SessionHandler173197870==dftMaxIdleSec=-1 added {ServletHandler@507d20bb{STOPPED},MANAGED}
09:34:39.344 [main] DEBUG org.eclipse.jetty.util.component.ContainerLifeCycle -- o.e.j.s.ServletContextHandler@bb9ab64{/,null,STOPPED} added {ServletContainerInitializerStarter@39e67516{STOPPED},MANAGED}
09:34:39.360 [main] DEBUG org.eclipse.jetty.util.component.ContainerLifeCycle -- ServletContainerInitializerStarter@39e67516{STOPPED} added {ContainerInitializer{org.eclipse.jetty.websocket.server.config.JettyWebSocketServletContainerInitializer,interested=[],applicable=[],annotated=[]},MANAGED}
09:34:39.360 [main] DEBUG org.eclipse.jetty.util.component.ContainerLifeCycle -- o.e.j.s.ServletContextHandler@bb9ab64{/,null,STOPPED} added {org.eclipse.jetty.server.session.SessionHandler1468192631==dftMaxIdleSec=-1,MANAGED}
09:34:39.360 [main] DEBUG org.eclipse.jetty.util.component.ContainerLifeCycle -- org.eclipse.jetty.server.session.SessionHandler1468192631==dftMaxIdleSec=-1 added {ServletHandler@507d20bb{STOPPED},MANAGED}
09:34:39.360 [main] DEBUG org.eclipse.jetty.util.component.ContainerLifeCycle -- ServletHandler@507d20bb{STOPPED} added {io.javalin.jetty.JavalinJettyServlet-7ae9a33a==io.javalin.jetty.JavalinJettyServlet@5cd9fbac{jsp=null,order=-1,inst=false,async=true,src=EMBEDDED:null,STOPPED},AUTO}
09:34:39.360 [main] DEBUG org.eclipse.jetty.util.component.ContainerLifeCycle -- ServletHandler@507d20bb{STOPPED} added {[/*]=>io.javalin.jetty.JavalinJettyServlet-7ae9a33a,POJO}
09:34:39.360 [main] DEBUG org.eclipse.jetty.util.component.ContainerLifeCycle -- StatisticsHandler@12958360{STOPPED,r=0,d=0} added {o.e.j.s.ServletContextHandler@bb9ab64{/,null,STOPPED},MANAGED}
09:34:39.409 [main] DEBUG org.eclipse.jetty.util.component.ContainerLifeCycle -- HttpConnectionFactory@598260a6[HTTP/1.1] added {HttpConfiguration@58b67519{32768/8192,8192/8192,https://:0,[]},POJO}
09:34:39.425 [main] DEBUG org.eclipse.jetty.util.component.ContainerLifeCycle -- ServerConnector@270b6b5e{null, ()}{0.0.0.0:0} added {QueuedThreadPool[JettyServerThreadPool]@540dbda9{STOPPED,8<=0<=250,i=0,r=-1,t=-62126230ms,q=0}[NO_TRY],AUTO}
09:34:39.425 [main] DEBUG org.eclipse.jetty.util.component.ContainerLifeCycle -- ServerConnector@270b6b5e{null, ()}{0.0.0.0:0} added {ScheduledExecutorScheduler@138caeca{STOPPED},AUTO}
09:34:39.441 [main] DEBUG org.eclipse.jetty.util.component.ContainerLifeCycle -- Server@58a4a74d{STOPPED}[11.0.20,sto=0] added {LogarithmicArrayByteBufferPool@66153688{minBufferCapacity=0, maxBufferCapacity=65536, maxQueueLength=-1, factor=4096},POJO}
09:34:39.441 [main] DEBUG org.eclipse.jetty.util.component.ContainerLifeCycle -- ServerConnector@270b6b5e{null, ()}{0.0.0.0:0} added {LogarithmicArrayByteBufferPool@66153688{minBufferCapacity=0, maxBufferCapacity=65536, maxQueueLength=-1, factor=4096},UNMANAGED}
09:34:39.441 [main] DEBUG org.eclipse.jetty.util.component.ContainerLifeCycle -- ServerConnector@270b6b5e{null, ()}{0.0.0.0:0} added {org.eclipse.jetty.io.LogarithmicArrayByteBufferPool$LogarithmicRetainablePool@455824ad{min=0,max=65536,buckets=17,heap=0/-1,direct=0/-1},POJO}
09:34:39.441 [main] DEBUG org.eclipse.jetty.util.component.ContainerLifeCycle -- ServerConnector@270b6b5e{null, ()}{0.0.0.0:0} added {org.eclipse.jetty.server.AbstractConnector$1@37864b77,POJO}
09:34:39.441 [main] DEBUG org.eclipse.jetty.util.component.ContainerLifeCycle -- ServerConnector@270b6b5e{null, (http/1.1)}{0.0.0.0:0} added {HttpConnectionFactory@598260a6[HTTP/1.1],AUTO}
09:34:39.441 [main] DEBUG org.eclipse.jetty.server.AbstractConnector -- ServerConnector@270b6b5e{HTTP/1.1, (http/1.1)}{0.0.0.0:0} added HttpConnectionFactory@598260a6[HTTP/1.1]
09:34:39.441 [main] DEBUG org.eclipse.jetty.util.component.ContainerLifeCycle -- ServerConnector@270b6b5e{HTTP/1.1, (http/1.1)}{0.0.0.0:0} added {SelectorManager@ServerConnector@270b6b5e{HTTP/1.1, (http/1.1)}{0.0.0.0:0},MANAGED}
09:34:39.441 [main] DEBUG org.eclipse.jetty.util.component.ContainerLifeCycle -- Server@58a4a74d{STOPPED}[11.0.20,sto=0] added {ServerConnector@270b6b5e{HTTP/1.1, (http/1.1)}{0.0.0.0:0},AUTO}
09:34:39.441 [main] INFO io.javalin.Javalin -- Starting Javalin ...
09:34:39.457 [main] DEBUG org.eclipse.jetty.util.component.AbstractLifeCycle -- STARTING Server@58a4a74d{STOPPED}[11.0.20,sto=0]
09:34:39.457 [main] DEBUG org.eclipse.jetty.util.component.ContainerLifeCycle -- Server@58a4a74d{STARTING}[11.0.20,sto=0] added {ErrorHandler@128c502c{STOPPED},AUTO}
09:34:39.457 [main] INFO org.eclipse.jetty.server.Server -- jetty-11.0.20; built: 2024-01-29T21:04:22.394Z; git: 922f8dc188f7011e60d0361de585fd4ac4d63064; jvm 21.0.7+8-LTS-245
09:34:39.492 [main] DEBUG org.eclipse.jetty.server.AbstractConnector -- Could not configure SO_REUSEPORT to false on sun.nio.ch.ServerSocketChannelImpl[unbound]
java.lang.UnsupportedOperationException: 'SO_REUSEPORT' not supported
	at java.base/sun.nio.ch.ServerSocketChannelImpl.setOption(ServerSocketChannelImpl.java:219)
	at org.eclipse.jetty.server.ServerConnector.setSocketOption(ServerConnector.java:355)
	at org.eclipse.jetty.server.ServerConnector.openAcceptChannel(ServerConnector.java:336)
	at org.eclipse.jetty.server.ServerConnector.open(ServerConnector.java:304)
	at org.eclipse.jetty.server.Server.lambda$doStart$0(Server.java:402)
	at java.base/java.util.stream.ForEachOps$ForEachOp$OfRef.accept(ForEachOps.java:184)
	at java.base/java.util.stream.ReferencePipeline$3$1.accept(ReferencePipeline.java:197)
	at java.base/java.util.stream.ReferencePipeline$2$1.accept(ReferencePipeline.java:179)
	at java.base/java.util.Spliterators$ArraySpliterator.forEachRemaining(Spliterators.java:1024)
	at java.base/java.util.stream.AbstractPipeline.copyInto(AbstractPipeline.java:509)
	at java.base/java.util.stream.AbstractPipeline.wrapAndCopyInto(AbstractPipeline.java:499)
	at java.base/java.util.stream.ForEachOps$ForEachOp.evaluateSequential(ForEachOps.java:151)
	at java.base/java.util.stream.ForEachOps$ForEachOp$OfRef.evaluateSequential(ForEachOps.java:174)
	at java.base/java.util.stream.AbstractPipeline.evaluate(AbstractPipeline.java:234)
	at java.base/java.util.stream.ReferencePipeline.forEach(ReferencePipeline.java:596)
	at org.eclipse.jetty.server.Server.doStart(Server.java:398)
	at org.eclipse.jetty.util.component.AbstractLifeCycle.start(AbstractLifeCycle.java:93)
	at io.javalin.jetty.JettyServer.start(JettyServer.kt:93)
	at io.javalin.Javalin.start(Javalin.java:123)
	at br.com.espacovista.controller.PrintControllerIntegrationTest.setUp(PrintControllerIntegrationTest.java:40)
	at java.base/jdk.internal.reflect.DirectMethodHandleAccessor.invoke(DirectMethodHandleAccessor.java:103)
	at java.base/java.lang.reflect.Method.invoke(Method.java:580)
	at org.junit.platform.commons.util.ReflectionUtils.invokeMethod(ReflectionUtils.java:728)
	at org.junit.jupiter.engine.execution.MethodInvocation.proceed(MethodInvocation.java:60)
	at org.junit.jupiter.engine.execution.InvocationInterceptorChain$ValidatingInvocation.proceed(InvocationInterceptorChain.java:131)
	at org.junit.jupiter.engine.extension.TimeoutExtension.intercept(TimeoutExtension.java:156)
	at org.junit.jupiter.engine.extension.TimeoutExtension.interceptLifecycleMethod(TimeoutExtension.java:128)
	at org.junit.jupiter.engine.extension.TimeoutExtension.interceptBeforeEachMethod(TimeoutExtension.java:78)
	at org.junit.jupiter.engine.execution.InterceptingExecutableInvoker$ReflectiveInterceptorCall.lambda$ofVoidMethod$0(InterceptingExecutableInvoker.java:103)
	at org.junit.jupiter.engine.execution.InterceptingExecutableInvoker.lambda$invoke$0(InterceptingExecutableInvoker.java:93)
	at org.junit.jupiter.engine.execution.InvocationInterceptorChain$InterceptedInvocation.proceed(InvocationInterceptorChain.java:106)
	at org.junit.jupiter.engine.execution.InvocationInterceptorChain.proceed(InvocationInterceptorChain.java:64)
	at org.junit.jupiter.engine.execution.InvocationInterceptorChain.chainAndInvoke(InvocationInterceptorChain.java:45)
	at org.junit.jupiter.engine.execution.InvocationInterceptorChain.invoke(InvocationInterceptorChain.java:37)
	at org.junit.jupiter.engine.execution.InterceptingExecutableInvoker.invoke(InterceptingExecutableInvoker.java:92)
	at org.junit.jupiter.engine.execution.InterceptingExecutableInvoker.invoke(InterceptingExecutableInvoker.java:86)
	at org.junit.jupiter.engine.descriptor.ClassBasedTestDescriptor.invokeMethodInExtensionContext(ClassBasedTestDescriptor.java:521)
	at org.junit.jupiter.engine.descriptor.ClassBasedTestDescriptor.lambda$synthesizeBeforeEachMethodAdapter$23(ClassBasedTestDescriptor.java:506)
	at org.junit.jupiter.engine.descriptor.TestMethodTestDescriptor.lambda$invokeBeforeEachMethods$3(TestMethodTestDescriptor.java:175)
	at org.junit.jupiter.engine.descriptor.TestMethodTestDescriptor.lambda$invokeBeforeMethodsOrCallbacksUntilExceptionOccurs$6(TestMethodTestDescriptor.java:203)
	at org.junit.platform.engine.support.hierarchical.ThrowableCollector.execute(ThrowableCollector.java:73)
	at org.junit.jupiter.engine.descriptor.TestMethodTestDescriptor.invokeBeforeMethodsOrCallbacksUntilExceptionOccurs(TestMethodTestDescriptor.java:203)
	at org.junit.jupiter.engine.descriptor.TestMethodTestDescriptor.invokeBeforeEachMethods(TestMethodTestDescriptor.java:172)
	at org.junit.jupiter.engine.descriptor.TestMethodTestDescriptor.execute(TestMethodTestDescriptor.java:135)
	at org.junit.jupiter.engine.descriptor.TestMethodTestDescriptor.execute(TestMethodTestDescriptor.java:69)
	at org.junit.platform.engine.support.hierarchical.NodeTestTask.lambda$executeRecursively$6(NodeTestTask.java:151)
	at org.junit.platform.engine.support.hierarchical.ThrowableCollector.execute(ThrowableCollector.java:73)
	at org.junit.platform.engine.support.hierarchical.NodeTestTask.lambda$executeRecursively$8(NodeTestTask.java:141)
	at org.junit.platform.engine.support.hierarchical.Node.around(Node.java:137)
	at org.junit.platform.engine.support.hierarchical.NodeTestTask.lambda$executeRecursively$9(NodeTestTask.java:139)
	at org.junit.platform.engine.support.hierarchical.ThrowableCollector.execute(ThrowableCollector.java:73)
	at org.junit.platform.engine.support.hierarchical.NodeTestTask.executeRecursively(NodeTestTask.java:138)
	at org.junit.platform.engine.support.hierarchical.NodeTestTask.execute(NodeTestTask.java:95)
	at java.base/java.util.ArrayList.forEach(ArrayList.java:1596)
	at org.junit.platform.engine.support.hierarchical.SameThreadHierarchicalTestExecutorService.invokeAll(SameThreadHierarchicalTestExecutorService.java:41)
	at org.junit.platform.engine.support.hierarchical.NodeTestTask.lambda$executeRecursively$6(NodeTestTask.java:155)
	at org.junit.platform.engine.support.hierarchical.ThrowableCollector.execute(ThrowableCollector.java:73)
	at org.junit.platform.engine.support.hierarchical.NodeTestTask.lambda$executeRecursively$8(NodeTestTask.java:141)
	at org.junit.platform.engine.support.hierarchical.Node.around(Node.java:137)
	at org.junit.platform.engine.support.hierarchical.NodeTestTask.lambda$executeRecursively$9(NodeTestTask.java:139)
	at org.junit.platform.engine.support.hierarchical.ThrowableCollector.execute(ThrowableCollector.java:73)
	at org.junit.platform.engine.support.hierarchical.NodeTestTask.executeRecursively(NodeTestTask.java:138)
	at org.junit.platform.engine.support.hierarchical.NodeTestTask.execute(NodeTestTask.java:95)
	at java.base/java.util.ArrayList.forEach(ArrayList.java:1596)
	at org.junit.platform.engine.support.hierarchical.SameThreadHierarchicalTestExecutorService.invokeAll(SameThreadHierarchicalTestExecutorService.java:41)
	at org.junit.platform.engine.support.hierarchical.NodeTestTask.lambda$executeRecursively$6(NodeTestTask.java:155)
	at org.junit.platform.engine.support.hierarchical.ThrowableCollector.execute(ThrowableCollector.java:73)
	at org.junit.platform.engine.support.hierarchical.NodeTestTask.lambda$executeRecursively$8(NodeTestTask.java:141)
	at org.junit.platform.engine.support.hierarchical.Node.around(Node.java:137)
	at org.junit.platform.engine.support.hierarchical.NodeTestTask.lambda$executeRecursively$9(NodeTestTask.java:139)
	at org.junit.platform.engine.support.hierarchical.ThrowableCollector.execute(ThrowableCollector.java:73)
	at org.junit.platform.engine.support.hierarchical.NodeTestTask.executeRecursively(NodeTestTask.java:138)
	at org.junit.platform.engine.support.hierarchical.NodeTestTask.execute(NodeTestTask.java:95)
	at org.junit.platform.engine.support.hierarchical.SameThreadHierarchicalTestExecutorService.submit(SameThreadHierarchicalTestExecutorService.java:35)
	at org.junit.platform.engine.support.hierarchical.HierarchicalTestExecutor.execute(HierarchicalTestExecutor.java:57)
	at org.junit.platform.engine.support.hierarchical.HierarchicalTestEngine.execute(HierarchicalTestEngine.java:54)
	at org.junit.platform.launcher.core.EngineExecutionOrchestrator.execute(EngineExecutionOrchestrator.java:198)
	at org.junit.platform.launcher.core.EngineExecutionOrchestrator.execute(EngineExecutionOrchestrator.java:169)
	at org.junit.platform.launcher.core.EngineExecutionOrchestrator.execute(EngineExecutionOrchestrator.java:93)
	at org.junit.platform.launcher.core.EngineExecutionOrchestrator.lambda$execute$0(EngineExecutionOrchestrator.java:58)
	at org.junit.platform.launcher.core.EngineExecutionOrchestrator.withInterceptedStreams(EngineExecutionOrchestrator.java:141)
	at org.junit.platform.launcher.core.EngineExecutionOrchestrator.execute(EngineExecutionOrchestrator.java:57)
	at org.junit.platform.launcher.core.DefaultLauncher.execute(DefaultLauncher.java:103)
	at org.junit.platform.launcher.core.DefaultLauncher.execute(DefaultLauncher.java:85)
	at org.junit.platform.launcher.core.DelegatingLauncher.execute(DelegatingLauncher.java:47)
	at org.apache.maven.surefire.junitplatform.LazyLauncher.execute(LazyLauncher.java:56)
	at org.apache.maven.surefire.junitplatform.JUnitPlatformProvider.execute(JUnitPlatformProvider.java:184)
	at org.apache.maven.surefire.junitplatform.JUnitPlatformProvider.invokeAllTests(JUnitPlatformProvider.java:148)
	at org.apache.maven.surefire.junitplatform.JUnitPlatformProvider.invoke(JUnitPlatformProvider.java:122)
	at org.apache.maven.surefire.booter.ForkedBooter.runSuitesInProcess(ForkedBooter.java:385)
	at org.apache.maven.surefire.booter.ForkedBooter.execute(ForkedBooter.java:162)
	at org.apache.maven.surefire.booter.ForkedBooter.run(ForkedBooter.java:507)
	at org.apache.maven.surefire.booter.ForkedBooter.main(ForkedBooter.java:495)
09:34:39.498 [main] DEBUG org.eclipse.jetty.util.component.ContainerLifeCycle -- ServerConnector@270b6b5e{HTTP/1.1, (http/1.1)}{0.0.0.0:51078} added {sun.nio.ch.ServerSocketChannelImpl[/[0:0:0:0:0:0:0:0]:51078],POJO}
09:34:39.498 [main] DEBUG org.eclipse.jetty.server.handler.AbstractHandler -- starting Server@58a4a74d{STARTING}[11.0.20,sto=0]
09:34:39.498 [main] DEBUG org.eclipse.jetty.util.component.AbstractLifeCycle -- STARTING QueuedThreadPool[JettyServerThreadPool]@540dbda9{STOPPED,8<=0<=250,i=0,r=-1,t=-62126305ms,q=0}[NO_TRY]
09:34:39.506 [main] DEBUG org.eclipse.jetty.util.thread.ReservedThreadExecutor -- ReservedThreadExecutor@3a5c2626{reserved=0/12,pending=0}
09:34:39.506 [main] DEBUG org.eclipse.jetty.util.component.ContainerLifeCycle -- QueuedThreadPool[JettyServerThreadPool]@540dbda9{STARTING,8<=0<=250,i=0,r=-1,t=-62126310ms,q=0}[ReservedThreadExecutor@3a5c2626{reserved=0/12,pending=0}] added {ReservedThreadExecutor@3a5c2626{reserved=0/12,pending=0},AUTO}
09:34:39.506 [main] DEBUG org.eclipse.jetty.util.component.AbstractLifeCycle -- STARTING ReservedThreadExecutor@3a5c2626{reserved=0/12,pending=0}
09:34:39.514 [main] DEBUG org.eclipse.jetty.util.component.AbstractLifeCycle -- STARTED @4160ms ReservedThreadExecutor@3a5c2626{reserved=0/12,pending=0}
09:34:39.514 [main] DEBUG org.eclipse.jetty.util.thread.QueuedThreadPool -- Starting Thread[#35,JettyServerThreadPool-35,5,main]
09:34:39.514 [main] DEBUG org.eclipse.jetty.util.thread.QueuedThreadPool -- Starting Thread[#36,JettyServerThreadPool-36,5,main]
09:34:39.514 [main] DEBUG org.eclipse.jetty.util.thread.QueuedThreadPool -- Starting Thread[#37,JettyServerThreadPool-37,5,main]
09:34:39.514 [main] DEBUG org.eclipse.jetty.util.thread.QueuedThreadPool -- Starting Thread[#38,JettyServerThreadPool-38,5,main]
09:34:39.514 [JettyServerThreadPool-35] DEBUG org.eclipse.jetty.util.thread.QueuedThreadPool -- Runner started for QueuedThreadPool[JettyServerThreadPool]@540dbda9{STARTING,8<=4<=250,i=4,r=-1,t=59999ms,q=0}[ReservedThreadExecutor@3a5c2626{reserved=0/12,pending=0}]
09:34:39.514 [JettyServerThreadPool-36] DEBUG org.eclipse.jetty.util.thread.QueuedThreadPool -- Runner started for QueuedThreadPool[JettyServerThreadPool]@540dbda9{STARTING,8<=5<=250,i=5,r=-1,t=59999ms,q=0}[ReservedThreadExecutor@3a5c2626{reserved=0/12,pending=0}]
09:34:39.514 [main] DEBUG org.eclipse.jetty.util.thread.QueuedThreadPool -- Starting Thread[#39,JettyServerThreadPool-39,5,main]
09:34:39.514 [JettyServerThreadPool-37] DEBUG org.eclipse.jetty.util.thread.QueuedThreadPool -- Runner started for QueuedThreadPool[JettyServerThreadPool]@540dbda9{STARTING,8<=5<=250,i=5,r=-1,t=59999ms,q=0}[ReservedThreadExecutor@3a5c2626{reserved=0/12,pending=0}]
09:34:39.514 [JettyServerThreadPool-38] DEBUG org.eclipse.jetty.util.thread.QueuedThreadPool -- Runner started for QueuedThreadPool[JettyServerThreadPool]@540dbda9{STARTING,8<=5<=250,i=5,r=-1,t=59999ms,q=0}[ReservedThreadExecutor@3a5c2626{reserved=0/12,pending=0}]
09:34:39.514 [main] DEBUG org.eclipse.jetty.util.thread.QueuedThreadPool -- Starting Thread[#40,JettyServerThreadPool-40,5,main]
09:34:39.514 [main] DEBUG org.eclipse.jetty.util.thread.QueuedThreadPool -- Starting Thread[#41,JettyServerThreadPool-41,5,main]
09:34:39.514 [JettyServerThreadPool-39] DEBUG org.eclipse.jetty.util.thread.QueuedThreadPool -- Runner started for QueuedThreadPool[JettyServerThreadPool]@540dbda9{STARTING,8<=7<=250,i=7,r=-1,t=59999ms,q=0}[ReservedThreadExecutor@3a5c2626{reserved=0/12,pending=0}]
09:34:39.514 [main] DEBUG org.eclipse.jetty.util.thread.QueuedThreadPool -- Starting Thread[#42,JettyServerThreadPool-42,5,main]
09:34:39.514 [JettyServerThreadPool-40] DEBUG org.eclipse.jetty.util.thread.QueuedThreadPool -- Runner started for QueuedThreadPool[JettyServerThreadPool]@540dbda9{STARTING,8<=8<=250,i=8,r=-1,t=59999ms,q=0}[ReservedThreadExecutor@3a5c2626{reserved=0/12,pending=0}]
09:34:39.514 [JettyServerThreadPool-41] DEBUG org.eclipse.jetty.util.thread.QueuedThreadPool -- Runner started for QueuedThreadPool[JettyServerThreadPool]@540dbda9{STARTED,8<=8<=250,i=8,r=-1,t=59999ms,q=0}[ReservedThreadExecutor@3a5c2626{reserved=0/12,pending=0}]
09:34:39.514 [main] DEBUG org.eclipse.jetty.util.component.AbstractLifeCycle -- STARTED @4167ms QueuedThreadPool[JettyServerThreadPool]@540dbda9{STARTED,8<=8<=250,i=8,r=-1,t=59999ms,q=0}[ReservedThreadExecutor@3a5c2626{reserved=0/12,pending=0}]
09:34:39.514 [main] DEBUG org.eclipse.jetty.util.component.AbstractLifeCycle -- STARTING AttributeContainerMap@421a4ee1{size=1}
09:34:39.514 [JettyServerThreadPool-42] DEBUG org.eclipse.jetty.util.thread.QueuedThreadPool -- Runner started for QueuedThreadPool[JettyServerThreadPool]@540dbda9{STARTED,8<=8<=250,i=8,r=-1,t=59999ms,q=0}[ReservedThreadExecutor@3a5c2626{reserved=0/12,pending=0}]
09:34:39.514 [main] DEBUG org.eclipse.jetty.util.component.AbstractLifeCycle -- STARTED @4168ms AttributeContainerMap@421a4ee1{size=1}
09:34:39.514 [main] DEBUG org.eclipse.jetty.util.component.AbstractLifeCycle -- STARTING LowResourceMonitor@5b4d25e7{STOPPED}
09:34:39.514 [main] DEBUG org.eclipse.jetty.util.component.AbstractLifeCycle -- STARTING LRMScheduler@36fcf6c0{STOPPED}
09:34:39.514 [main] DEBUG org.eclipse.jetty.util.component.AbstractLifeCycle -- STARTED @4172ms LRMScheduler@36fcf6c0{STARTED}
09:34:39.530 [main] DEBUG org.eclipse.jetty.util.component.AbstractLifeCycle -- STARTED @4180ms LowResourceMonitor@5b4d25e7{STARTED}
09:34:39.530 [main] DEBUG org.eclipse.jetty.util.component.AbstractLifeCycle -- STARTING StatisticsHandler@12958360{STOPPED,r=0,d=0}
09:34:39.530 [main] DEBUG org.eclipse.jetty.server.handler.AbstractHandler -- starting StatisticsHandler@12958360{STARTING,r=0,d=0}
09:34:39.530 [main] DEBUG org.eclipse.jetty.util.component.AbstractLifeCycle -- STARTING o.e.j.s.ServletContextHandler@bb9ab64{/,null,STOPPED}
09:34:39.530 [main] DEBUG org.eclipse.jetty.util.DecoratedObjectFactory -- Adding Decorator: org.eclipse.jetty.util.DeprecationWarning@38320e34
09:34:39.530 [main] DEBUG org.eclipse.jetty.util.component.AbstractLifeCycle -- STARTING ServletContainerInitializerStarter@39e67516{STOPPED}
09:34:39.530 [main] DEBUG org.eclipse.jetty.servlet.ServletContextHandler -- Starting SCIs
09:34:39.530 [main] DEBUG org.eclipse.jetty.util.component.AbstractLifeCycle -- STARTING ContainerInitializer{org.eclipse.jetty.websocket.server.config.JettyWebSocketServletContainerInitializer,interested=[],applicable=[],annotated=[]}
09:34:39.546 [main] DEBUG org.eclipse.jetty.util.component.AbstractLifeCycle -- STARTING InflaterPool@514cd540{STOPPED,size=-1,capacity=250}
09:34:39.546 [main] DEBUG org.eclipse.jetty.util.component.ContainerLifeCycle -- InflaterPool@514cd540{STARTING,size=0,capacity=250} added {Pool@11d4dbd6[inUse=0,size=0,max=250,closed=false],POJO}
09:34:39.546 [main] DEBUG org.eclipse.jetty.util.component.AbstractLifeCycle -- STARTED @4194ms InflaterPool@514cd540{STARTED,size=0,capacity=250}
09:34:39.546 [main] DEBUG org.eclipse.jetty.util.component.ContainerLifeCycle -- Server@58a4a74d{STARTING}[11.0.20,sto=0] added {InflaterPool@514cd540{STARTED,size=0,capacity=250},MANAGED}
09:34:39.546 [main] DEBUG org.eclipse.jetty.util.component.AbstractLifeCycle -- STARTING DeflaterPool@7fc7c4a{STOPPED,size=-1,capacity=250}
09:34:39.546 [main] DEBUG org.eclipse.jetty.util.component.ContainerLifeCycle -- DeflaterPool@7fc7c4a{STARTING,size=0,capacity=250} added {Pool@7aa9e414[inUse=0,size=0,max=250,closed=false],POJO}
09:34:39.546 [main] DEBUG org.eclipse.jetty.util.component.AbstractLifeCycle -- STARTED @4196ms DeflaterPool@7fc7c4a{STARTED,size=0,capacity=250}
09:34:39.546 [main] DEBUG org.eclipse.jetty.util.component.ContainerLifeCycle -- Server@58a4a74d{STARTING}[11.0.20,sto=0] added {DeflaterPool@7fc7c4a{STARTED,size=0,capacity=250},MANAGED}
09:34:39.580 [main] DEBUG org.eclipse.jetty.util.component.ContainerLifeCycle -- WebSocketServerComponents@27a97e08{STOPPED} added {InflaterPool@514cd540{STARTED,size=0,capacity=250},UNMANAGED}
09:34:39.580 [main] DEBUG org.eclipse.jetty.util.component.ContainerLifeCycle -- WebSocketServerComponents@27a97e08{STOPPED} added {DeflaterPool@7fc7c4a{STARTED,size=0,capacity=250},UNMANAGED}
09:34:39.580 [main] DEBUG org.eclipse.jetty.util.component.ContainerLifeCycle -- WebSocketServerComponents@27a97e08{STOPPED} added {LogarithmicArrayByteBufferPool@66153688{minBufferCapacity=0, maxBufferCapacity=65536, maxQueueLength=-1, factor=4096},POJO}
09:34:39.580 [main] DEBUG org.eclipse.jetty.util.component.ContainerLifeCycle -- WebSocketServerComponents@27a97e08{STOPPED} added {org.eclipse.jetty.websocket.core.WebSocketExtensionRegistry@77e7246b,POJO}
09:34:39.580 [main] DEBUG org.eclipse.jetty.util.component.ContainerLifeCycle -- WebSocketServerComponents@27a97e08{STOPPED} added {org.eclipse.jetty.util.DecoratedObjectFactory[decorators=1],POJO}
09:34:39.580 [main] DEBUG org.eclipse.jetty.util.component.ContainerLifeCycle -- WebSocketServerComponents@27a97e08{STOPPED} added {QueuedThreadPool[JettyServerThreadPool]@540dbda9{STARTED,8<=8<=250,i=8,r=-1,t=59940ms,q=0}[ReservedThreadExecutor@3a5c2626{reserved=0/12,pending=0}],UNMANAGED}
09:34:39.580 [main] DEBUG org.eclipse.jetty.util.component.ContainerLifeCycle -- o.e.j.s.ServletContextHandler@bb9ab64{/,null,STARTING} added {WebSocketServerComponents@27a97e08{STOPPED},MANAGED}
09:34:39.580 [main] DEBUG org.eclipse.jetty.util.component.AbstractLifeCycle -- STARTING WebSocketServerComponents@27a97e08{STOPPED}
09:34:39.580 [main] DEBUG org.eclipse.jetty.util.component.AbstractLifeCycle -- STARTED @4227ms WebSocketServerComponents@27a97e08{STARTED}
09:34:39.587 [main] DEBUG org.eclipse.jetty.util.component.ContainerLifeCycle -- o.e.j.s.ServletContextHandler@bb9ab64{/,null,STARTING} added {WebSocketServerComponentsCleanupListener,POJO}
09:34:39.644 [main] DEBUG org.eclipse.jetty.util.component.ContainerLifeCycle -- JettyWebSocketServerContainer@1c6c6f24{STOPPED} added {JettyServerFrameHandlerFactory@2eb917d0{STOPPED},AUTO}
09:34:39.644 [main] DEBUG org.eclipse.jetty.util.component.ContainerLifeCycle -- JettyWebSocketServerContainer@1c6c6f24{STOPPED} added {SessionTracker@c6b2dd9{STOPPED},AUTO}
09:34:39.644 [main] DEBUG org.eclipse.jetty.util.component.ContainerLifeCycle -- o.e.j.s.ServletContextHandler@bb9ab64{/,null,STARTING} added {JettyWebSocketServerContainer@1c6c6f24{STOPPED},MANAGED}
09:34:39.644 [main] DEBUG org.eclipse.jetty.util.component.AbstractLifeCycle -- STARTING JettyWebSocketServerContainer@1c6c6f24{STOPPED}
09:34:39.644 [main] DEBUG org.eclipse.jetty.util.component.AbstractLifeCycle -- STARTING JettyServerFrameHandlerFactory@2eb917d0{STOPPED}
09:34:39.649 [main] DEBUG org.eclipse.jetty.util.component.AbstractLifeCycle -- STARTED @4294ms JettyServerFrameHandlerFactory@2eb917d0{STARTED}
09:34:39.649 [main] DEBUG org.eclipse.jetty.util.component.AbstractLifeCycle -- STARTING SessionTracker@c6b2dd9{STOPPED}
09:34:39.649 [main] DEBUG org.eclipse.jetty.util.component.AbstractLifeCycle -- STARTED @4295ms SessionTracker@c6b2dd9{STARTED}
09:34:39.649 [main] DEBUG org.eclipse.jetty.util.component.AbstractLifeCycle -- STARTED @4295ms JettyWebSocketServerContainer@1c6c6f24{STARTED}
09:34:39.651 [main] DEBUG org.eclipse.jetty.util.component.ContainerLifeCycle -- o.e.j.s.ServletContextHandler@bb9ab64{/,null,STARTING} added {JettyWebSocketServerContainerCleanupListener,POJO}
09:34:39.653 [main] DEBUG org.eclipse.jetty.websocket.server.config.JettyWebSocketServletContainerInitializer -- initialize JettyWebSocketServerContainer@1c6c6f24{STARTED} WebSocketServerComponents@27a97e08{STARTED}
09:34:39.653 [main] DEBUG org.eclipse.jetty.websocket.server.config.JettyWebSocketServletContainerInitializer -- onStartup JettyWebSocketServerContainer@1c6c6f24{STARTED}
09:34:39.653 [main] DEBUG org.eclipse.jetty.servlet.ServletContainerInitializerHolder -- ServletContainerInitializer org.eclipse.jetty.websocket.server.config.JettyWebSocketServletContainerInitializer called in 113ms
09:34:39.653 [main] DEBUG org.eclipse.jetty.util.component.AbstractLifeCycle -- STARTED @4299ms ContainerInitializer{org.eclipse.jetty.websocket.server.config.JettyWebSocketServletContainerInitializer,interested=[],applicable=[],annotated=[]}
09:34:39.653 [main] DEBUG org.eclipse.jetty.util.component.AbstractLifeCycle -- STARTED @4299ms ServletContainerInitializerStarter@39e67516{STARTED}
09:34:39.653 [main] DEBUG org.eclipse.jetty.server.handler.AbstractHandler -- starting o.e.j.s.ServletContextHandler@bb9ab64{/,null,STARTING}
09:34:39.653 [main] DEBUG org.eclipse.jetty.util.component.AbstractLifeCycle -- STARTING org.eclipse.jetty.server.session.SessionHandler1468192631==dftMaxIdleSec=-1
09:34:39.668 [main] DEBUG org.eclipse.jetty.util.component.ContainerLifeCycle -- org.eclipse.jetty.server.session.SessionHandler1468192631==dftMaxIdleSec=-1 added {org.eclipse.jetty.server.session.DefaultSessionCache@71466383[evict=-1,removeUnloadable=false,saveOnCreate=false,saveOnInactiveEvict=false],AUTO}
09:34:39.668 [main] DEBUG org.eclipse.jetty.util.component.ContainerLifeCycle -- org.eclipse.jetty.server.session.DefaultSessionCache@71466383[evict=-1,removeUnloadable=false,saveOnCreate=false,saveOnInactiveEvict=false] added {org.eclipse.jetty.server.session.NullSessionDataStore@11b377c5[passivating=false,graceSec=3600],AUTO}
09:34:39.676 [main] DEBUG org.eclipse.jetty.util.component.AbstractLifeCycle -- STARTING DefaultSessionIdManager@5833f5cd{STOPPED}[worker=null]
09:34:39.676 [main] DEBUG org.eclipse.jetty.util.component.ContainerLifeCycle -- DefaultSessionIdManager@5833f5cd{STARTING}[worker=node0] added {HouseKeeper@760cf594{STOPPED}[interval=600000, ownscheduler=false],MANAGED}
09:34:39.697 [main] INFO org.eclipse.jetty.server.session.DefaultSessionIdManager -- Session workerName=node0
09:34:39.697 [main] DEBUG org.eclipse.jetty.util.component.AbstractLifeCycle -- STARTING HouseKeeper@760cf594{STOPPED}[interval=600000, ownscheduler=false]
09:34:39.697 [main] DEBUG org.eclipse.jetty.util.component.AbstractLifeCycle -- STARTING ScheduledExecutorScheduler@3ed03652{STOPPED}
09:34:39.697 [main] DEBUG org.eclipse.jetty.util.component.AbstractLifeCycle -- STARTED @4343ms ScheduledExecutorScheduler@3ed03652{STARTED}
09:34:39.697 [main] DEBUG org.eclipse.jetty.server.session.HouseKeeper -- node0 using own scheduler for scavenging
09:34:39.700 [main] DEBUG org.eclipse.jetty.server.session.HouseKeeper -- node0 scavenging every 600000ms
09:34:39.701 [main] DEBUG org.eclipse.jetty.util.component.AbstractLifeCycle -- STARTED @4346ms HouseKeeper@760cf594{STARTED}[interval=600000, ownscheduler=true]
09:34:39.701 [main] DEBUG org.eclipse.jetty.util.component.AbstractLifeCycle -- STARTED @4347ms DefaultSessionIdManager@5833f5cd{STARTED}[worker=node0]
09:34:39.701 [main] DEBUG org.eclipse.jetty.util.component.ContainerLifeCycle -- Server@58a4a74d{STARTING}[11.0.20,sto=0] added {DefaultSessionIdManager@5833f5cd{STARTED}[worker=node0],MANAGED}
09:34:39.701 [main] DEBUG org.eclipse.jetty.util.component.ContainerLifeCycle -- org.eclipse.jetty.server.session.SessionHandler1468192631==dftMaxIdleSec=-1 added {DefaultSessionIdManager@5833f5cd{STARTED}[worker=node0],UNMANAGED}
09:34:39.703 [main] DEBUG org.eclipse.jetty.util.component.AbstractLifeCycle -- STARTING ScheduledExecutorScheduler@1dc76fa1{STOPPED}
09:34:39.703 [main] DEBUG org.eclipse.jetty.util.component.AbstractLifeCycle -- STARTED @4349ms ScheduledExecutorScheduler@1dc76fa1{STARTED}
09:34:39.705 [main] DEBUG org.eclipse.jetty.server.handler.AbstractHandler -- starting org.eclipse.jetty.server.session.SessionHandler1468192631==dftMaxIdleSec=-1
09:34:39.705 [main] DEBUG org.eclipse.jetty.util.component.AbstractLifeCycle -- STARTING ServletHandler@507d20bb{STOPPED}
09:34:39.724 [main] DEBUG org.eclipse.jetty.servlet.ServletHandler -- Path=/*[EMBEDDED:null] mapped to servlet=io.javalin.jetty.JavalinJettyServlet-7ae9a33a[EMBEDDED:null]
09:34:39.735 [main] DEBUG org.eclipse.jetty.http.pathmap.ServletPathSpec -- Creating ServletPathSpec[/*] (group: PREFIX_GLOB, prefix: "", suffix: "null")
09:34:39.735 [main] DEBUG org.eclipse.jetty.http.pathmap.PathMappings -- Added MappedResource[pathSpec=ServletPathSpec@9457a78e{/*},resource=MappedServlet5fac521d{/*->io.javalin.jetty.JavalinJettyServlet-7ae9a33a==io.javalin.jetty.JavalinJettyServlet@5cd9fbac{jsp=null,order=-1,inst=false,async=true,src=EMBEDDED:null,STOPPED}}] to PathMappings[size=1]
09:34:39.740 [main] DEBUG org.eclipse.jetty.servlet.ServletHandler -- filterNameMap={} pathFilters=[] servletFilterMap={} servletPathMap=PathMappings[size=1] servletNameMap={io.javalin.jetty.JavalinJettyServlet-7ae9a33a=MappedServlet3abfe845{null->io.javalin.jetty.JavalinJettyServlet-7ae9a33a==io.javalin.jetty.JavalinJettyServlet@5cd9fbac{jsp=null,order=-1,inst=false,async=true,src=EMBEDDED:null,STOPPED}}}
09:34:39.740 [main] DEBUG org.eclipse.jetty.servlet.ServletHandler -- Adding Default404Servlet to ServletHandler@507d20bb{STARTING}
09:34:39.740 [main] DEBUG org.eclipse.jetty.util.component.ContainerLifeCycle -- ServletHandler@507d20bb{STARTING} added {org.eclipse.jetty.servlet.ServletHandler$Default404Servlet-4248b963==org.eclipse.jetty.servlet.ServletHandler$Default404Servlet@27dc072a{jsp=null,order=-1,inst=false,async=true,src=EMBEDDED:null,STOPPED},AUTO}
09:34:39.740 [main] DEBUG org.eclipse.jetty.util.component.ContainerLifeCycle -- ServletHandler@507d20bb{STARTING} added {[/]=>org.eclipse.jetty.servlet.ServletHandler$Default404Servlet-4248b963,POJO}
09:34:39.740 [main] DEBUG org.eclipse.jetty.servlet.ServletHandler -- Path=/*[EMBEDDED:null] mapped to servlet=io.javalin.jetty.JavalinJettyServlet-7ae9a33a[EMBEDDED:null]
09:34:39.740 [main] DEBUG org.eclipse.jetty.http.pathmap.ServletPathSpec -- Creating ServletPathSpec[/*] (group: PREFIX_GLOB, prefix: "", suffix: "null")
09:34:39.740 [main] DEBUG org.eclipse.jetty.http.pathmap.PathMappings -- Added MappedResource[pathSpec=ServletPathSpec@9457a78e{/*},resource=MappedServlet2330e3e0{/*->io.javalin.jetty.JavalinJettyServlet-7ae9a33a==io.javalin.jetty.JavalinJettyServlet@5cd9fbac{jsp=null,order=-1,inst=false,async=true,src=EMBEDDED:null,STOPPED}}] to PathMappings[size=1]
09:34:39.740 [main] DEBUG org.eclipse.jetty.servlet.ServletHandler -- Path=/[EMBEDDED:null] mapped to servlet=org.eclipse.jetty.servlet.ServletHandler$Default404Servlet-4248b963[EMBEDDED:null]
09:34:39.740 [main] DEBUG org.eclipse.jetty.http.pathmap.PathMappings -- Added MappedResource[pathSpec=ServletPathSpec@9457dcb7{/},resource=MappedServlet24b4d544{/->org.eclipse.jetty.servlet.ServletHandler$Default404Servlet-4248b963==org.eclipse.jetty.servlet.ServletHandler$Default404Servlet@27dc072a{jsp=null,order=-1,inst=false,async=true,src=EMBEDDED:null,STOPPED}}] to PathMappings[size=2]
09:34:39.740 [main] DEBUG org.eclipse.jetty.servlet.ServletHandler -- filterNameMap={} pathFilters=[] servletFilterMap={} servletPathMap=PathMappings[size=2] servletNameMap={io.javalin.jetty.JavalinJettyServlet-7ae9a33a=MappedServlet27a2a089{null->io.javalin.jetty.JavalinJettyServlet-7ae9a33a==io.javalin.jetty.JavalinJettyServlet@5cd9fbac{jsp=null,order=-1,inst=false,async=true,src=EMBEDDED:null,STOPPED}}, org.eclipse.jetty.servlet.ServletHandler$Default404Servlet-4248b963=MappedServlet54657dd2{null->org.eclipse.jetty.servlet.ServletHandler$Default404Servlet-4248b963==org.eclipse.jetty.servlet.ServletHandler$Default404Servlet@27dc072a{jsp=null,order=-1,inst=false,async=true,src=EMBEDDED:null,STOPPED}}}
09:34:39.740 [main] DEBUG org.eclipse.jetty.servlet.ServletHandler -- Path=/*[EMBEDDED:null] mapped to servlet=io.javalin.jetty.JavalinJettyServlet-7ae9a33a[EMBEDDED:null]
09:34:39.740 [main] DEBUG org.eclipse.jetty.http.pathmap.ServletPathSpec -- Creating ServletPathSpec[/*] (group: PREFIX_GLOB, prefix: "", suffix: "null")
09:34:39.740 [main] DEBUG org.eclipse.jetty.http.pathmap.PathMappings -- Added MappedResource[pathSpec=ServletPathSpec@9457a78e{/*},resource=MappedServlet706eab5d{/*->io.javalin.jetty.JavalinJettyServlet-7ae9a33a==io.javalin.jetty.JavalinJettyServlet@5cd9fbac{jsp=null,order=-1,inst=false,async=true,src=EMBEDDED:null,STOPPED}}] to PathMappings[size=1]
09:34:39.740 [main] DEBUG org.eclipse.jetty.servlet.ServletHandler -- Path=/[EMBEDDED:null] mapped to servlet=org.eclipse.jetty.servlet.ServletHandler$Default404Servlet-4248b963[EMBEDDED:null]
09:34:39.740 [main] DEBUG org.eclipse.jetty.http.pathmap.PathMappings -- Added MappedResource[pathSpec=ServletPathSpec@9457dcb7{/},resource=MappedServlet72725ee1{/->org.eclipse.jetty.servlet.ServletHandler$Default404Servlet-4248b963==org.eclipse.jetty.servlet.ServletHandler$Default404Servlet@27dc072a{jsp=null,order=-1,inst=false,async=true,src=EMBEDDED:null,STOPPED}}] to PathMappings[size=2]
09:34:39.740 [main] DEBUG org.eclipse.jetty.servlet.ServletHandler -- filterNameMap={} pathFilters=[] servletFilterMap={} servletPathMap=PathMappings[size=2] servletNameMap={io.javalin.jetty.JavalinJettyServlet-7ae9a33a=MappedServlet27a2a089{null->io.javalin.jetty.JavalinJettyServlet-7ae9a33a==io.javalin.jetty.JavalinJettyServlet@5cd9fbac{jsp=null,order=-1,inst=false,async=true,src=EMBEDDED:null,STOPPED}}, org.eclipse.jetty.servlet.ServletHandler$Default404Servlet-4248b963=MappedServlet54657dd2{null->org.eclipse.jetty.servlet.ServletHandler$Default404Servlet-4248b963==org.eclipse.jetty.servlet.ServletHandler$Default404Servlet@27dc072a{jsp=null,order=-1,inst=false,async=true,src=EMBEDDED:null,STOPPED}}}
09:34:39.740 [main] DEBUG org.eclipse.jetty.server.handler.AbstractHandler -- starting ServletHandler@507d20bb{STARTING}
09:34:39.740 [main] DEBUG org.eclipse.jetty.util.component.AbstractLifeCycle -- STARTED @4391ms ServletHandler@507d20bb{STARTED}
09:34:39.740 [main] DEBUG org.eclipse.jetty.util.component.AbstractLifeCycle -- STARTING org.eclipse.jetty.server.session.DefaultSessionCache@71466383[evict=-1,removeUnloadable=false,saveOnCreate=false,saveOnInactiveEvict=false]
09:34:39.740 [main] DEBUG org.eclipse.jetty.util.component.AbstractLifeCycle -- STARTING org.eclipse.jetty.server.session.NullSessionDataStore@11b377c5[passivating=false,graceSec=3600]
09:34:39.740 [main] DEBUG org.eclipse.jetty.util.component.AbstractLifeCycle -- STARTED @4391ms org.eclipse.jetty.server.session.NullSessionDataStore@11b377c5[passivating=false,graceSec=3600]
09:34:39.740 [main] DEBUG org.eclipse.jetty.util.component.AbstractLifeCycle -- STARTED @4391ms org.eclipse.jetty.server.session.DefaultSessionCache@71466383[evict=-1,removeUnloadable=false,saveOnCreate=false,saveOnInactiveEvict=false]
09:34:39.740 [main] DEBUG org.eclipse.jetty.util.component.AbstractLifeCycle -- STARTED @4392ms org.eclipse.jetty.server.session.SessionHandler1468192631==dftMaxIdleSec=-1
09:34:39.748 [main] DEBUG org.eclipse.jetty.util.component.AbstractLifeCycle -- STARTING io.javalin.jetty.JavalinJettyServlet-7ae9a33a==io.javalin.jetty.JavalinJettyServlet@5cd9fbac{jsp=null,order=-1,inst=false,async=true,src=EMBEDDED:null,STOPPED}
09:34:39.748 [main] DEBUG org.eclipse.jetty.util.component.AbstractLifeCycle -- STARTED @4406ms io.javalin.jetty.JavalinJettyServlet-7ae9a33a==io.javalin.jetty.JavalinJettyServlet@5cd9fbac{jsp=null,order=-1,inst=false,async=true,src=EMBEDDED:null,STARTED}
09:34:39.763 [main] DEBUG org.eclipse.jetty.servlet.ServletHolder -- Servlet.init null for io.javalin.jetty.JavalinJettyServlet-7ae9a33a
09:34:39.769 [main] DEBUG org.eclipse.jetty.http.pathmap.PathMappings -- Added MappedResource[pathSpec=ServletPathSpec@9457dcb7{/},resource=CreatorNegotiator@7397c6{org.eclipse.jetty.websocket.server.JettyWebSocketServlet$WrappedJettyCreator@1abfe081,JettyServerFrameHandlerFactory@2eb917d0{STARTED}}] to PathMappings[size=1]
09:34:39.769 [main] DEBUG org.eclipse.jetty.util.component.AbstractLifeCycle -- STARTING org.eclipse.jetty.servlet.ServletHandler$Default404Servlet-4248b963==org.eclipse.jetty.servlet.ServletHandler$Default404Servlet@27dc072a{jsp=null,order=-1,inst=false,async=true,src=EMBEDDED:null,STOPPED}
09:34:39.769 [main] DEBUG org.eclipse.jetty.util.component.AbstractLifeCycle -- STARTED @4419ms org.eclipse.jetty.servlet.ServletHandler$Default404Servlet-4248b963==org.eclipse.jetty.servlet.ServletHandler$Default404Servlet@27dc072a{jsp=null,order=-1,inst=false,async=true,src=EMBEDDED:null,STARTED}
09:34:39.769 [main] INFO org.eclipse.jetty.server.handler.ContextHandler -- Started o.e.j.s.ServletContextHandler@bb9ab64{/,null,AVAILABLE}
09:34:39.769 [main] DEBUG org.eclipse.jetty.util.component.AbstractLifeCycle -- STARTED @4419ms o.e.j.s.ServletContextHandler@bb9ab64{/,null,AVAILABLE}
09:34:39.769 [main] DEBUG org.eclipse.jetty.util.component.AbstractLifeCycle -- STARTED @4420ms StatisticsHandler@12958360{STARTED,r=0,d=0}
09:34:39.769 [main] DEBUG org.eclipse.jetty.util.component.AbstractLifeCycle -- STARTING ErrorHandler@128c502c{STOPPED}
09:34:39.769 [main] DEBUG org.eclipse.jetty.server.handler.AbstractHandler -- starting ErrorHandler@128c502c{STARTING}
09:34:39.769 [main] DEBUG org.eclipse.jetty.util.component.AbstractLifeCycle -- STARTED @4420ms ErrorHandler@128c502c{STARTED}
09:34:39.769 [main] DEBUG org.eclipse.jetty.util.component.AbstractLifeCycle -- STARTING ServerConnector@270b6b5e{HTTP/1.1, (http/1.1)}{0.0.0.0:51078}
09:34:39.779 [main] DEBUG org.eclipse.jetty.util.component.AbstractLifeCycle -- STARTING ScheduledExecutorScheduler@138caeca{STOPPED}
09:34:39.779 [main] DEBUG org.eclipse.jetty.util.component.AbstractLifeCycle -- STARTED @4428ms ScheduledExecutorScheduler@138caeca{STARTED}
09:34:39.783 [main] DEBUG org.eclipse.jetty.util.component.AbstractLifeCycle -- STARTING HttpConnectionFactory@598260a6[HTTP/1.1]
09:34:39.783 [main] DEBUG org.eclipse.jetty.util.component.AbstractLifeCycle -- STARTED @4428ms HttpConnectionFactory@598260a6[HTTP/1.1]
09:34:39.783 [main] DEBUG org.eclipse.jetty.util.component.AbstractLifeCycle -- STARTING SelectorManager@ServerConnector@270b6b5e{HTTP/1.1, (http/1.1)}{0.0.0.0:51078}
09:34:39.783 [main] DEBUG org.eclipse.jetty.util.component.ContainerLifeCycle -- AdaptiveExecutionStrategy@7b7683d4/SelectorProducer@40712ee9/IDLE/p=false/QueuedThreadPool[JettyServerThreadPool]@540dbda9{STARTED,8<=8<=250,i=8,r=-1,t=59730ms,q=0}[ReservedThreadExecutor@3a5c2626{reserved=0/12,pending=0}][pc=0,pic=0,pec=0,epc=0]@2025-09-02T09:34:39.7838827-03:00 added {SelectorProducer@40712ee9,POJO}
09:34:39.783 [main] DEBUG org.eclipse.jetty.util.component.ContainerLifeCycle -- AdaptiveExecutionStrategy@7b7683d4/SelectorProducer@40712ee9/IDLE/p=false/QueuedThreadPool[JettyServerThreadPool]@540dbda9{STARTED,8<=8<=250,i=8,r=-1,t=59729ms,q=0}[ReservedThreadExecutor@3a5c2626{reserved=0/12,pending=0}][pc=0,pic=0,pec=0,epc=0]@2025-09-02T09:34:39.7838827-03:00 added {QueuedThreadPool[JettyServerThreadPool]@540dbda9{STARTED,8<=8<=250,i=8,r=-1,t=59729ms,q=0}[ReservedThreadExecutor@3a5c2626{reserved=0/12,pending=0}],UNMANAGED}
09:34:39.783 [main] DEBUG org.eclipse.jetty.util.thread.strategy.AdaptiveExecutionStrategy -- AdaptiveExecutionStrategy@7b7683d4/SelectorProducer@40712ee9/IDLE/p=false/QueuedThreadPool[JettyServerThreadPool]@540dbda9{STARTED,8<=8<=250,i=8,r=-1,t=59728ms,q=0}[ReservedThreadExecutor@3a5c2626{reserved=0/12,pending=0}][pc=0,pic=0,pec=0,epc=0]@2025-09-02T09:34:39.7838827-03:00 created
09:34:39.783 [main] DEBUG org.eclipse.jetty.util.component.ContainerLifeCycle -- ManagedSelector@2e53b094{STOPPED} id=0 keys=-1 selected=-1 updates=0 added {AdaptiveExecutionStrategy@7b7683d4/SelectorProducer@40712ee9/IDLE/p=false/QueuedThreadPool[JettyServerThreadPool]@540dbda9{STARTED,8<=8<=250,i=8,r=-1,t=59728ms,q=0}[ReservedThreadExecutor@3a5c2626{reserved=0/12,pending=0}][pc=0,pic=0,pec=0,epc=0]@2025-09-02T09:34:39.7838827-03:00,MANAGED}
09:34:39.783 [main] DEBUG org.eclipse.jetty.util.component.ContainerLifeCycle -- SelectorManager@ServerConnector@270b6b5e{HTTP/1.1, (http/1.1)}{0.0.0.0:51078} added {ManagedSelector@2e53b094{STOPPED} id=0 keys=-1 selected=-1 updates=0,AUTO}
09:34:39.783 [main] DEBUG org.eclipse.jetty.util.component.ContainerLifeCycle -- AdaptiveExecutionStrategy@39fa8ad2/SelectorProducer@76ddd61a/IDLE/p=false/QueuedThreadPool[JettyServerThreadPool]@540dbda9{STARTED,8<=8<=250,i=8,r=-1,t=59727ms,q=0}[ReservedThreadExecutor@3a5c2626{reserved=0/12,pending=0}][pc=0,pic=0,pec=0,epc=0]@2025-09-02T09:34:39.7838827-03:00 added {SelectorProducer@76ddd61a,POJO}
09:34:39.795 [main] DEBUG org.eclipse.jetty.util.component.ContainerLifeCycle -- AdaptiveExecutionStrategy@39fa8ad2/SelectorProducer@76ddd61a/IDLE/p=false/QueuedThreadPool[JettyServerThreadPool]@540dbda9{STARTED,8<=8<=250,i=8,r=-1,t=59727ms,q=0}[ReservedThreadExecutor@3a5c2626{reserved=0/12,pending=0}][pc=0,pic=0,pec=0,epc=0]@2025-09-02T09:34:39.7956355-03:00 added {QueuedThreadPool[JettyServerThreadPool]@540dbda9{STARTED,8<=8<=250,i=8,r=-1,t=59727ms,q=0}[ReservedThreadExecutor@3a5c2626{reserved=0/12,pending=0}],UNMANAGED}
09:34:39.795 [main] DEBUG org.eclipse.jetty.util.thread.strategy.AdaptiveExecutionStrategy -- AdaptiveExecutionStrategy@39fa8ad2/SelectorProducer@76ddd61a/IDLE/p=false/QueuedThreadPool[JettyServerThreadPool]@540dbda9{STARTED,8<=8<=250,i=8,r=-1,t=59726ms,q=0}[ReservedThreadExecutor@3a5c2626{reserved=0/12,pending=0}][pc=0,pic=0,pec=0,epc=0]@2025-09-02T09:34:39.7956355-03:00 created
09:34:39.795 [main] DEBUG org.eclipse.jetty.util.component.ContainerLifeCycle -- ManagedSelector@3f92a84e{STOPPED} id=1 keys=-1 selected=-1 updates=0 added {AdaptiveExecutionStrategy@39fa8ad2/SelectorProducer@76ddd61a/IDLE/p=false/QueuedThreadPool[JettyServerThreadPool]@540dbda9{STARTED,8<=8<=250,i=8,r=-1,t=59726ms,q=0}[ReservedThreadExecutor@3a5c2626{reserved=0/12,pending=0}][pc=0,pic=0,pec=0,epc=0]@2025-09-02T09:34:39.7956355-03:00,MANAGED}
09:34:39.795 [main] DEBUG org.eclipse.jetty.util.component.ContainerLifeCycle -- SelectorManager@ServerConnector@270b6b5e{HTTP/1.1, (http/1.1)}{0.0.0.0:51078} added {ManagedSelector@3f92a84e{STOPPED} id=1 keys=-1 selected=-1 updates=0,AUTO}
09:34:39.795 [main] DEBUG org.eclipse.jetty.util.component.ContainerLifeCycle -- AdaptiveExecutionStrategy@cf67838/SelectorProducer@6137cf6e/IDLE/p=false/QueuedThreadPool[JettyServerThreadPool]@540dbda9{STARTED,8<=8<=250,i=8,r=-1,t=59725ms,q=0}[ReservedThreadExecutor@3a5c2626{reserved=0/12,pending=0}][pc=0,pic=0,pec=0,epc=0]@2025-09-02T09:34:39.7956355-03:00 added {SelectorProducer@6137cf6e,POJO}
09:34:39.795 [main] DEBUG org.eclipse.jetty.util.component.ContainerLifeCycle -- AdaptiveExecutionStrategy@cf67838/SelectorProducer@6137cf6e/IDLE/p=false/QueuedThreadPool[JettyServerThreadPool]@540dbda9{STARTED,8<=8<=250,i=8,r=-1,t=59725ms,q=0}[ReservedThreadExecutor@3a5c2626{reserved=0/12,pending=0}][pc=0,pic=0,pec=0,epc=0]@2025-09-02T09:34:39.7956355-03:00 added {QueuedThreadPool[JettyServerThreadPool]@540dbda9{STARTED,8<=8<=250,i=8,r=-1,t=59725ms,q=0}[ReservedThreadExecutor@3a5c2626{reserved=0/12,pending=0}],UNMANAGED}
09:34:39.795 [main] DEBUG org.eclipse.jetty.util.thread.strategy.AdaptiveExecutionStrategy -- AdaptiveExecutionStrategy@cf67838/SelectorProducer@6137cf6e/IDLE/p=false/QueuedThreadPool[JettyServerThreadPool]@540dbda9{STARTED,8<=8<=250,i=8,r=-1,t=59725ms,q=0}[ReservedThreadExecutor@3a5c2626{reserved=0/12,pending=0}][pc=0,pic=0,pec=0,epc=0]@2025-09-02T09:34:39.7956355-03:00 created
09:34:39.795 [main] DEBUG org.eclipse.jetty.util.component.ContainerLifeCycle -- ManagedSelector@7942a854{STOPPED} id=2 keys=-1 selected=-1 updates=0 added {AdaptiveExecutionStrategy@cf67838/SelectorProducer@6137cf6e/IDLE/p=false/QueuedThreadPool[JettyServerThreadPool]@540dbda9{STARTED,8<=8<=250,i=8,r=-1,t=59724ms,q=0}[ReservedThreadExecutor@3a5c2626{reserved=0/12,pending=0}][pc=0,pic=0,pec=0,epc=0]@2025-09-02T09:34:39.7956355-03:00,MANAGED}
09:34:39.795 [main] DEBUG org.eclipse.jetty.util.component.ContainerLifeCycle -- SelectorManager@ServerConnector@270b6b5e{HTTP/1.1, (http/1.1)}{0.0.0.0:51078} added {ManagedSelector@7942a854{STOPPED} id=2 keys=-1 selected=-1 updates=0,AUTO}
09:34:39.795 [main] DEBUG org.eclipse.jetty.util.component.ContainerLifeCycle -- AdaptiveExecutionStrategy@53b8afea/SelectorProducer@6c302a1d/IDLE/p=false/QueuedThreadPool[JettyServerThreadPool]@540dbda9{STARTED,8<=8<=250,i=8,r=-1,t=59724ms,q=0}[ReservedThreadExecutor@3a5c2626{reserved=0/12,pending=0}][pc=0,pic=0,pec=0,epc=0]@2025-09-02T09:34:39.7956355-03:00 added {SelectorProducer@6c302a1d,POJO}
09:34:39.795 [main] DEBUG org.eclipse.jetty.util.component.ContainerLifeCycle -- AdaptiveExecutionStrategy@53b8afea/SelectorProducer@6c302a1d/IDLE/p=false/QueuedThreadPool[JettyServerThreadPool]@540dbda9{STARTED,8<=8<=250,i=8,r=-1,t=59724ms,q=0}[ReservedThreadExecutor@3a5c2626{reserved=0/12,pending=0}][pc=0,pic=0,pec=0,epc=0]@2025-09-02T09:34:39.7956355-03:00 added {QueuedThreadPool[JettyServerThreadPool]@540dbda9{STARTED,8<=8<=250,i=8,r=-1,t=59723ms,q=0}[ReservedThreadExecutor@3a5c2626{reserved=0/12,pending=0}],UNMANAGED}
09:34:39.795 [main] DEBUG org.eclipse.jetty.util.thread.strategy.AdaptiveExecutionStrategy -- AdaptiveExecutionStrategy@53b8afea/SelectorProducer@6c302a1d/IDLE/p=false/QueuedThreadPool[JettyServerThreadPool]@540dbda9{STARTED,8<=8<=250,i=8,r=-1,t=59723ms,q=0}[ReservedThreadExecutor@3a5c2626{reserved=0/12,pending=0}][pc=0,pic=0,pec=0,epc=0]@2025-09-02T09:34:39.7956355-03:00 created
09:34:39.795 [main] DEBUG org.eclipse.jetty.util.component.ContainerLifeCycle -- ManagedSelector@33a3c44a{STOPPED} id=3 keys=-1 selected=-1 updates=0 added {AdaptiveExecutionStrategy@53b8afea/SelectorProducer@6c302a1d/IDLE/p=false/QueuedThreadPool[JettyServerThreadPool]@540dbda9{STARTED,8<=8<=250,i=8,r=-1,t=59723ms,q=0}[ReservedThreadExecutor@3a5c2626{reserved=0/12,pending=0}][pc=0,pic=0,pec=0,epc=0]@2025-09-02T09:34:39.7956355-03:00,MANAGED}
09:34:39.795 [main] DEBUG org.eclipse.jetty.util.component.ContainerLifeCycle -- SelectorManager@ServerConnector@270b6b5e{HTTP/1.1, (http/1.1)}{0.0.0.0:51078} added {ManagedSelector@33a3c44a{STOPPED} id=3 keys=-1 selected=-1 updates=0,AUTO}
09:34:39.795 [main] DEBUG org.eclipse.jetty.util.component.ContainerLifeCycle -- AdaptiveExecutionStrategy@5fcfca62/SelectorProducer@499ef98e/IDLE/p=false/QueuedThreadPool[JettyServerThreadPool]@540dbda9{STARTED,8<=8<=250,i=8,r=-1,t=59722ms,q=0}[ReservedThreadExecutor@3a5c2626{reserved=0/12,pending=0}][pc=0,pic=0,pec=0,epc=0]@2025-09-02T09:34:39.7956355-03:00 added {SelectorProducer@499ef98e,POJO}
09:34:39.795 [main] DEBUG org.eclipse.jetty.util.component.ContainerLifeCycle -- AdaptiveExecutionStrategy@5fcfca62/SelectorProducer@499ef98e/IDLE/p=false/QueuedThreadPool[JettyServerThreadPool]@540dbda9{STARTED,8<=8<=250,i=8,r=-1,t=59722ms,q=0}[ReservedThreadExecutor@3a5c2626{reserved=0/12,pending=0}][pc=0,pic=0,pec=0,epc=0]@2025-09-02T09:34:39.7956355-03:00 added {QueuedThreadPool[JettyServerThreadPool]@540dbda9{STARTED,8<=8<=250,i=8,r=-1,t=59722ms,q=0}[ReservedThreadExecutor@3a5c2626{reserved=0/12,pending=0}],UNMANAGED}
09:34:39.795 [main] DEBUG org.eclipse.jetty.util.thread.strategy.AdaptiveExecutionStrategy -- AdaptiveExecutionStrategy@5fcfca62/SelectorProducer@499ef98e/IDLE/p=false/QueuedThreadPool[JettyServerThreadPool]@540dbda9{STARTED,8<=8<=250,i=8,r=-1,t=59722ms,q=0}[ReservedThreadExecutor@3a5c2626{reserved=0/12,pending=0}][pc=0,pic=0,pec=0,epc=0]@2025-09-02T09:34:39.7956355-03:00 created
09:34:39.795 [main] DEBUG org.eclipse.jetty.util.component.ContainerLifeCycle -- ManagedSelector@24934262{STOPPED} id=4 keys=-1 selected=-1 updates=0 added {AdaptiveExecutionStrategy@5fcfca62/SelectorProducer@499ef98e/IDLE/p=false/QueuedThreadPool[JettyServerThreadPool]@540dbda9{STARTED,8<=8<=250,i=8,r=-1,t=59722ms,q=0}[ReservedThreadExecutor@3a5c2626{reserved=0/12,pending=0}][pc=0,pic=0,pec=0,epc=0]@2025-09-02T09:34:39.7956355-03:00,MANAGED}
09:34:39.795 [main] DEBUG org.eclipse.jetty.util.component.ContainerLifeCycle -- SelectorManager@ServerConnector@270b6b5e{HTTP/1.1, (http/1.1)}{0.0.0.0:51078} added {ManagedSelector@24934262{STOPPED} id=4 keys=-1 selected=-1 updates=0,AUTO}
09:34:39.795 [main] DEBUG org.eclipse.jetty.util.component.ContainerLifeCycle -- AdaptiveExecutionStrategy@93f432e/SelectorProducer@288214b1/IDLE/p=false/QueuedThreadPool[JettyServerThreadPool]@540dbda9{STARTED,8<=8<=250,i=8,r=-1,t=59720ms,q=0}[ReservedThreadExecutor@3a5c2626{reserved=0/12,pending=0}][pc=0,pic=0,pec=0,epc=0]@2025-09-02T09:34:39.7956355-03:00 added {SelectorProducer@288214b1,POJO}
09:34:39.795 [main] DEBUG org.eclipse.jetty.util.component.ContainerLifeCycle -- AdaptiveExecutionStrategy@93f432e/SelectorProducer@288214b1/IDLE/p=false/QueuedThreadPool[JettyServerThreadPool]@540dbda9{STARTED,8<=8<=250,i=8,r=-1,t=59720ms,q=0}[ReservedThreadExecutor@3a5c2626{reserved=0/12,pending=0}][pc=0,pic=0,pec=0,epc=0]@2025-09-02T09:34:39.7956355-03:00 added {QueuedThreadPool[JettyServerThreadPool]@540dbda9{STARTED,8<=8<=250,i=8,r=-1,t=59720ms,q=0}[ReservedThreadExecutor@3a5c2626{reserved=0/12,pending=0}],UNMANAGED}
09:34:39.795 [main] DEBUG org.eclipse.jetty.util.thread.strategy.AdaptiveExecutionStrategy -- AdaptiveExecutionStrategy@93f432e/SelectorProducer@288214b1/IDLE/p=false/QueuedThreadPool[JettyServerThreadPool]@540dbda9{STARTED,8<=8<=250,i=8,r=-1,t=59719ms,q=0}[ReservedThreadExecutor@3a5c2626{reserved=0/12,pending=0}][pc=0,pic=0,pec=0,epc=0]@2025-09-02T09:34:39.7956355-03:00 created
09:34:39.795 [main] DEBUG org.eclipse.jetty.util.component.ContainerLifeCycle -- ManagedSelector@16eedaa6{STOPPED} id=5 keys=-1 selected=-1 updates=0 added {AdaptiveExecutionStrategy@93f432e/SelectorProducer@288214b1/IDLE/p=false/QueuedThreadPool[JettyServerThreadPool]@540dbda9{STARTED,8<=8<=250,i=8,r=-1,t=59719ms,q=0}[ReservedThreadExecutor@3a5c2626{reserved=0/12,pending=0}][pc=0,pic=0,pec=0,epc=0]@2025-09-02T09:34:39.7956355-03:00,MANAGED}
09:34:39.795 [main] DEBUG org.eclipse.jetty.util.component.ContainerLifeCycle -- SelectorManager@ServerConnector@270b6b5e{HTTP/1.1, (http/1.1)}{0.0.0.0:51078} added {ManagedSelector@16eedaa6{STOPPED} id=5 keys=-1 selected=-1 updates=0,AUTO}
09:34:39.795 [main] DEBUG org.eclipse.jetty.util.component.AbstractLifeCycle -- STARTING ManagedSelector@2e53b094{STOPPED} id=0 keys=-1 selected=-1 updates=0
09:34:39.795 [main] DEBUG org.eclipse.jetty.util.component.AbstractLifeCycle -- STARTING AdaptiveExecutionStrategy@7b7683d4/SelectorProducer@40712ee9/IDLE/p=false/QueuedThreadPool[JettyServerThreadPool]@540dbda9{STARTED,8<=8<=250,i=8,r=-1,t=59719ms,q=0}[ReservedThreadExecutor@3a5c2626{reserved=0/12,pending=0}][pc=0,pic=0,pec=0,epc=0]@2025-09-02T09:34:39.7956355-03:00
09:34:39.795 [main] DEBUG org.eclipse.jetty.util.component.AbstractLifeCycle -- STARTED @4448ms AdaptiveExecutionStrategy@7b7683d4/SelectorProducer@40712ee9/IDLE/p=false/QueuedThreadPool[JettyServerThreadPool]@540dbda9{STARTED,8<=8<=250,i=8,r=-1,t=59718ms,q=0}[ReservedThreadExecutor@3a5c2626{reserved=0/12,pending=0}][pc=0,pic=0,pec=0,epc=0]@2025-09-02T09:34:39.7956355-03:00
09:34:39.911 [main] DEBUG org.eclipse.jetty.util.thread.QueuedThreadPool -- queue org.eclipse.jetty.io.ManagedSelector$$Lambda/0x000001cc112fc348@d8d9199 startThread=0
09:34:39.911 [JettyServerThreadPool-35] DEBUG org.eclipse.jetty.util.thread.QueuedThreadPool -- run org.eclipse.jetty.io.ManagedSelector$$Lambda/0x000001cc112fc348@d8d9199 in QueuedThreadPool[JettyServerThreadPool]@540dbda9{STARTED,8<=8<=250,i=7,r=-1,t=59611ms,q=0}[ReservedThreadExecutor@3a5c2626{reserved=0/12,pending=0}]
09:34:39.911 [JettyServerThreadPool-35] DEBUG org.eclipse.jetty.util.thread.strategy.AdaptiveExecutionStrategy -- AdaptiveExecutionStrategy@7b7683d4/SelectorProducer@40712ee9/IDLE/p=false/QueuedThreadPool[JettyServerThreadPool]@540dbda9{STARTED,8<=8<=250,i=7,r=-1,t=59610ms,q=0}[ReservedThreadExecutor@3a5c2626{reserved=0/12,pending=0}][pc=0,pic=0,pec=0,epc=0]@2025-09-02T09:34:39.9110549-03:00 tryProduce false
09:34:39.913 [JettyServerThreadPool-35] DEBUG org.eclipse.jetty.io.ManagedSelector -- updateable 0
09:34:39.913 [JettyServerThreadPool-35] DEBUG org.eclipse.jetty.io.ManagedSelector -- updates 0
09:34:39.913 [JettyServerThreadPool-35] DEBUG org.eclipse.jetty.io.ManagedSelector -- Selector sun.nio.ch.WEPollSelectorImpl@53b29e2f waiting with 0 keys
09:34:39.913 [main] DEBUG org.eclipse.jetty.io.ManagedSelector -- Queued change lazy=false org.eclipse.jetty.io.ManagedSelector$Start@47af099e on ManagedSelector@2e53b094{STARTING} id=0 keys=0 selected=0 updates=0
09:34:39.915 [main] DEBUG org.eclipse.jetty.io.ManagedSelector -- Wakeup on submit ManagedSelector@2e53b094{STARTING} id=0 keys=0 selected=0 updates=1
09:34:39.915 [JettyServerThreadPool-35] DEBUG org.eclipse.jetty.io.ManagedSelector -- Selector sun.nio.ch.WEPollSelectorImpl@53b29e2f woken with none selected
09:34:39.915 [JettyServerThreadPool-35] DEBUG org.eclipse.jetty.io.ManagedSelector -- Selector sun.nio.ch.WEPollSelectorImpl@53b29e2f woken up from select, 0/0/0 selected
09:34:39.915 [JettyServerThreadPool-35] DEBUG org.eclipse.jetty.io.ManagedSelector -- Selector sun.nio.ch.WEPollSelectorImpl@53b29e2f processing 0 keys, 1 updates
09:34:39.915 [JettyServerThreadPool-35] DEBUG org.eclipse.jetty.io.ManagedSelector -- updateable 1
09:34:39.915 [JettyServerThreadPool-35] DEBUG org.eclipse.jetty.io.ManagedSelector -- update org.eclipse.jetty.io.ManagedSelector$Start@47af099e
09:34:39.915 [JettyServerThreadPool-35] DEBUG org.eclipse.jetty.io.ManagedSelector -- updates 0
09:34:39.915 [JettyServerThreadPool-35] DEBUG org.eclipse.jetty.io.ManagedSelector -- Selector sun.nio.ch.WEPollSelectorImpl@53b29e2f waiting with 0 keys
09:34:39.915 [main] DEBUG org.eclipse.jetty.util.component.AbstractLifeCycle -- STARTED @4562ms ManagedSelector@2e53b094{STARTED} id=0 keys=0 selected=0 updates=0
09:34:39.915 [main] DEBUG org.eclipse.jetty.util.component.AbstractLifeCycle -- STARTING ManagedSelector@3f92a84e{STOPPED} id=1 keys=-1 selected=-1 updates=0
09:34:39.917 [main] DEBUG org.eclipse.jetty.util.component.AbstractLifeCycle -- STARTING AdaptiveExecutionStrategy@39fa8ad2/SelectorProducer@76ddd61a/IDLE/p=false/QueuedThreadPool[JettyServerThreadPool]@540dbda9{STARTED,8<=8<=250,i=7,r=-1,t=59605ms,q=0}[ReservedThreadExecutor@3a5c2626{reserved=0/12,pending=0}][pc=0,pic=0,pec=0,epc=0]@2025-09-02T09:34:39.9179208-03:00
09:34:39.917 [main] DEBUG org.eclipse.jetty.util.component.AbstractLifeCycle -- STARTED @4562ms AdaptiveExecutionStrategy@39fa8ad2/SelectorProducer@76ddd61a/IDLE/p=false/QueuedThreadPool[JettyServerThreadPool]@540dbda9{STARTED,8<=8<=250,i=7,r=-1,t=59604ms,q=0}[ReservedThreadExecutor@3a5c2626{reserved=0/12,pending=0}][pc=0,pic=0,pec=0,epc=0]@2025-09-02T09:34:39.9179208-03:00
09:34:39.919 [main] DEBUG org.eclipse.jetty.util.thread.QueuedThreadPool -- queue org.eclipse.jetty.io.ManagedSelector$$Lambda/0x000001cc112fc348@b835727 startThread=0
09:34:39.919 [JettyServerThreadPool-36] DEBUG org.eclipse.jetty.util.thread.QueuedThreadPool -- run org.eclipse.jetty.io.ManagedSelector$$Lambda/0x000001cc112fc348@b835727 in QueuedThreadPool[JettyServerThreadPool]@540dbda9{STARTED,8<=8<=250,i=6,r=-1,t=59601ms,q=0}[ReservedThreadExecutor@3a5c2626{reserved=0/12,pending=0}]
09:34:39.921 [main] DEBUG org.eclipse.jetty.io.ManagedSelector -- Queued change lazy=false org.eclipse.jetty.io.ManagedSelector$Start@13da7ab0 on ManagedSelector@3f92a84e{STARTING} id=1 keys=0 selected=0 updates=0
09:34:39.921 [JettyServerThreadPool-36] DEBUG org.eclipse.jetty.util.thread.strategy.AdaptiveExecutionStrategy -- AdaptiveExecutionStrategy@39fa8ad2/SelectorProducer@76ddd61a/IDLE/p=false/QueuedThreadPool[JettyServerThreadPool]@540dbda9{STARTED,8<=8<=250,i=6,r=-1,t=59600ms,q=0}[ReservedThreadExecutor@3a5c2626{reserved=0/12,pending=0}][pc=0,pic=0,pec=0,epc=0]@2025-09-02T09:34:39.9219647-03:00 tryProduce false
09:34:39.921 [JettyServerThreadPool-36] DEBUG org.eclipse.jetty.io.ManagedSelector -- updateable 1
09:34:39.922 [JettyServerThreadPool-36] DEBUG org.eclipse.jetty.io.ManagedSelector -- update org.eclipse.jetty.io.ManagedSelector$Start@13da7ab0
09:34:39.922 [JettyServerThreadPool-36] DEBUG org.eclipse.jetty.io.ManagedSelector -- updates 0
09:34:39.922 [JettyServerThreadPool-36] DEBUG org.eclipse.jetty.io.ManagedSelector -- Selector sun.nio.ch.WEPollSelectorImpl@431ba989 waiting with 0 keys
09:34:39.922 [main] DEBUG org.eclipse.jetty.util.component.AbstractLifeCycle -- STARTED @4567ms ManagedSelector@3f92a84e{STARTED} id=1 keys=0 selected=0 updates=0
09:34:39.922 [main] DEBUG org.eclipse.jetty.util.component.AbstractLifeCycle -- STARTING ManagedSelector@7942a854{STOPPED} id=2 keys=-1 selected=-1 updates=0
09:34:39.922 [main] DEBUG org.eclipse.jetty.util.component.AbstractLifeCycle -- STARTING AdaptiveExecutionStrategy@cf67838/SelectorProducer@6137cf6e/IDLE/p=false/QueuedThreadPool[JettyServerThreadPool]@540dbda9{STARTED,8<=8<=250,i=6,r=-1,t=59598ms,q=0}[ReservedThreadExecutor@3a5c2626{reserved=0/12,pending=0}][pc=0,pic=0,pec=0,epc=0]@2025-09-02T09:34:39.9229812-03:00
09:34:39.922 [main] DEBUG org.eclipse.jetty.util.component.AbstractLifeCycle -- STARTED @4569ms AdaptiveExecutionStrategy@cf67838/SelectorProducer@6137cf6e/IDLE/p=false/QueuedThreadPool[JettyServerThreadPool]@540dbda9{STARTED,8<=8<=250,i=6,r=-1,t=59598ms,q=0}[ReservedThreadExecutor@3a5c2626{reserved=0/12,pending=0}][pc=0,pic=0,pec=0,epc=0]@2025-09-02T09:34:39.9229812-03:00
09:34:39.929 [main] DEBUG org.eclipse.jetty.util.thread.QueuedThreadPool -- queue org.eclipse.jetty.io.ManagedSelector$$Lambda/0x000001cc112fc348@2c8662ac startThread=0
09:34:39.929 [JettyServerThreadPool-37] DEBUG org.eclipse.jetty.util.thread.QueuedThreadPool -- run org.eclipse.jetty.io.ManagedSelector$$Lambda/0x000001cc112fc348@2c8662ac in QueuedThreadPool[JettyServerThreadPool]@540dbda9{STARTED,8<=8<=250,i=5,r=-1,t=59592ms,q=0}[ReservedThreadExecutor@3a5c2626{reserved=0/12,pending=0}]
09:34:39.929 [main] DEBUG org.eclipse.jetty.io.ManagedSelector -- Queued change lazy=false org.eclipse.jetty.io.ManagedSelector$Start@260ff5b7 on ManagedSelector@7942a854{STARTING} id=2 keys=0 selected=0 updates=0
09:34:39.929 [JettyServerThreadPool-37] DEBUG org.eclipse.jetty.util.thread.strategy.AdaptiveExecutionStrategy -- AdaptiveExecutionStrategy@cf67838/SelectorProducer@6137cf6e/IDLE/p=false/QueuedThreadPool[JettyServerThreadPool]@540dbda9{STARTED,8<=8<=250,i=5,r=-1,t=59591ms,q=0}[ReservedThreadExecutor@3a5c2626{reserved=0/12,pending=0}][pc=0,pic=0,pec=0,epc=0]@2025-09-02T09:34:39.9313138-03:00 tryProduce false
09:34:39.931 [JettyServerThreadPool-37] DEBUG org.eclipse.jetty.io.ManagedSelector -- updateable 1
09:34:39.931 [JettyServerThreadPool-37] DEBUG org.eclipse.jetty.io.ManagedSelector -- update org.eclipse.jetty.io.ManagedSelector$Start@260ff5b7
09:34:39.931 [JettyServerThreadPool-37] DEBUG org.eclipse.jetty.io.ManagedSelector -- updates 0
09:34:39.931 [JettyServerThreadPool-37] DEBUG org.eclipse.jetty.io.ManagedSelector -- Selector sun.nio.ch.WEPollSelectorImpl@3f95f7b3 waiting with 0 keys
09:34:39.931 [main] DEBUG org.eclipse.jetty.util.component.AbstractLifeCycle -- STARTED @4577ms ManagedSelector@7942a854{STARTED} id=2 keys=0 selected=0 updates=0
09:34:39.932 [main] DEBUG org.eclipse.jetty.util.component.AbstractLifeCycle -- STARTING ManagedSelector@33a3c44a{STOPPED} id=3 keys=-1 selected=-1 updates=0
09:34:39.932 [main] DEBUG org.eclipse.jetty.util.component.AbstractLifeCycle -- STARTING AdaptiveExecutionStrategy@53b8afea/SelectorProducer@6c302a1d/IDLE/p=false/QueuedThreadPool[JettyServerThreadPool]@540dbda9{STARTED,8<=8<=250,i=5,r=-1,t=59589ms,q=0}[ReservedThreadExecutor@3a5c2626{reserved=0/12,pending=0}][pc=0,pic=0,pec=0,epc=0]@2025-09-02T09:34:39.93277-03:00
09:34:39.935 [main] DEBUG org.eclipse.jetty.util.component.AbstractLifeCycle -- STARTED @4580ms AdaptiveExecutionStrategy@53b8afea/SelectorProducer@6c302a1d/IDLE/p=false/QueuedThreadPool[JettyServerThreadPool]@540dbda9{STARTED,8<=8<=250,i=5,r=-1,t=59587ms,q=0}[ReservedThreadExecutor@3a5c2626{reserved=0/12,pending=0}][pc=0,pic=0,pec=0,epc=0]@2025-09-02T09:34:39.9356863-03:00
09:34:39.943 [main] DEBUG org.eclipse.jetty.util.thread.QueuedThreadPool -- queue org.eclipse.jetty.io.ManagedSelector$$Lambda/0x000001cc112fc348@3724b43e startThread=0
09:34:39.943 [JettyServerThreadPool-38] DEBUG org.eclipse.jetty.util.thread.QueuedThreadPool -- run org.eclipse.jetty.io.ManagedSelector$$Lambda/0x000001cc112fc348@3724b43e in QueuedThreadPool[JettyServerThreadPool]@540dbda9{STARTED,8<=8<=250,i=4,r=-1,t=59579ms,q=0}[ReservedThreadExecutor@3a5c2626{reserved=0/12,pending=0}]
09:34:39.943 [main] DEBUG org.eclipse.jetty.io.ManagedSelector -- Queued change lazy=false org.eclipse.jetty.io.ManagedSelector$Start@77eb5790 on ManagedSelector@33a3c44a{STARTING} id=3 keys=0 selected=0 updates=0
09:34:39.943 [JettyServerThreadPool-38] DEBUG org.eclipse.jetty.util.thread.strategy.AdaptiveExecutionStrategy -- AdaptiveExecutionStrategy@53b8afea/SelectorProducer@6c302a1d/IDLE/p=false/QueuedThreadPool[JettyServerThreadPool]@540dbda9{STARTED,8<=8<=250,i=4,r=-1,t=59578ms,q=0}[ReservedThreadExecutor@3a5c2626{reserved=0/12,pending=0}][pc=0,pic=0,pec=0,epc=0]@2025-09-02T09:34:39.9432919-03:00 tryProduce false
09:34:39.943 [JettyServerThreadPool-38] DEBUG org.eclipse.jetty.io.ManagedSelector -- updateable 1
09:34:39.943 [JettyServerThreadPool-38] DEBUG org.eclipse.jetty.io.ManagedSelector -- update org.eclipse.jetty.io.ManagedSelector$Start@77eb5790
09:34:39.943 [JettyServerThreadPool-38] DEBUG org.eclipse.jetty.io.ManagedSelector -- updates 0
09:34:39.943 [main] DEBUG org.eclipse.jetty.util.component.AbstractLifeCycle -- STARTED @4589ms ManagedSelector@33a3c44a{STARTED} id=3 keys=0 selected=0 updates=0
09:34:39.943 [JettyServerThreadPool-38] DEBUG org.eclipse.jetty.io.ManagedSelector -- Selector sun.nio.ch.WEPollSelectorImpl@4b1be36e waiting with 0 keys
09:34:39.943 [main] DEBUG org.eclipse.jetty.util.component.AbstractLifeCycle -- STARTING ManagedSelector@24934262{STOPPED} id=4 keys=-1 selected=-1 updates=0
09:34:39.945 [main] DEBUG org.eclipse.jetty.util.component.AbstractLifeCycle -- STARTING AdaptiveExecutionStrategy@5fcfca62/SelectorProducer@499ef98e/IDLE/p=false/QueuedThreadPool[JettyServerThreadPool]@540dbda9{STARTED,8<=8<=250,i=4,r=-1,t=59577ms,q=0}[ReservedThreadExecutor@3a5c2626{reserved=0/12,pending=0}][pc=0,pic=0,pec=0,epc=0]@2025-09-02T09:34:39.9457171-03:00
09:34:39.945 [main] DEBUG org.eclipse.jetty.util.component.AbstractLifeCycle -- STARTED @4591ms AdaptiveExecutionStrategy@5fcfca62/SelectorProducer@499ef98e/IDLE/p=false/QueuedThreadPool[JettyServerThreadPool]@540dbda9{STARTED,8<=8<=250,i=4,r=-1,t=59575ms,q=0}[ReservedThreadExecutor@3a5c2626{reserved=0/12,pending=0}][pc=0,pic=0,pec=0,epc=0]@2025-09-02T09:34:39.9457171-03:00
09:34:39.951 [main] DEBUG org.eclipse.jetty.util.thread.QueuedThreadPool -- queue org.eclipse.jetty.io.ManagedSelector$$Lambda/0x000001cc112fc348@68e7c8c3 startThread=0
09:34:39.953 [JettyServerThreadPool-39] DEBUG org.eclipse.jetty.util.thread.QueuedThreadPool -- run org.eclipse.jetty.io.ManagedSelector$$Lambda/0x000001cc112fc348@68e7c8c3 in QueuedThreadPool[JettyServerThreadPool]@540dbda9{STARTED,8<=8<=250,i=3,r=-1,t=59569ms,q=0}[ReservedThreadExecutor@3a5c2626{reserved=0/12,pending=0}]
09:34:39.953 [main] DEBUG org.eclipse.jetty.io.ManagedSelector -- Queued change lazy=false org.eclipse.jetty.io.ManagedSelector$Start@319c3a25 on ManagedSelector@24934262{STARTING} id=4 keys=0 selected=0 updates=0
09:34:39.953 [JettyServerThreadPool-39] DEBUG org.eclipse.jetty.util.thread.strategy.AdaptiveExecutionStrategy -- AdaptiveExecutionStrategy@5fcfca62/SelectorProducer@499ef98e/IDLE/p=false/QueuedThreadPool[JettyServerThreadPool]@540dbda9{STARTED,8<=8<=250,i=3,r=-1,t=59568ms,q=0}[ReservedThreadExecutor@3a5c2626{reserved=0/12,pending=0}][pc=0,pic=0,pec=0,epc=0]@2025-09-02T09:34:39.9535131-03:00 tryProduce false
09:34:39.953 [JettyServerThreadPool-39] DEBUG org.eclipse.jetty.io.ManagedSelector -- updateable 1
09:34:39.953 [JettyServerThreadPool-39] DEBUG org.eclipse.jetty.io.ManagedSelector -- update org.eclipse.jetty.io.ManagedSelector$Start@319c3a25
09:34:39.953 [JettyServerThreadPool-39] DEBUG org.eclipse.jetty.io.ManagedSelector -- updates 0
09:34:39.953 [JettyServerThreadPool-39] DEBUG org.eclipse.jetty.io.ManagedSelector -- Selector sun.nio.ch.WEPollSelectorImpl@1928ddaa waiting with 0 keys
09:34:39.953 [main] DEBUG org.eclipse.jetty.util.component.AbstractLifeCycle -- STARTED @4600ms ManagedSelector@24934262{STARTED} id=4 keys=0 selected=0 updates=0
09:34:39.953 [main] DEBUG org.eclipse.jetty.util.component.AbstractLifeCycle -- STARTING ManagedSelector@16eedaa6{STOPPED} id=5 keys=-1 selected=-1 updates=0
09:34:39.953 [main] DEBUG org.eclipse.jetty.util.component.AbstractLifeCycle -- STARTING AdaptiveExecutionStrategy@93f432e/SelectorProducer@288214b1/IDLE/p=false/QueuedThreadPool[JettyServerThreadPool]@540dbda9{STARTED,8<=8<=250,i=3,r=-1,t=59566ms,q=0}[ReservedThreadExecutor@3a5c2626{reserved=0/12,pending=0}][pc=0,pic=0,pec=0,epc=0]@2025-09-02T09:34:39.9535131-03:00
09:34:39.953 [main] DEBUG org.eclipse.jetty.util.component.AbstractLifeCycle -- STARTED @4601ms AdaptiveExecutionStrategy@93f432e/SelectorProducer@288214b1/IDLE/p=false/QueuedThreadPool[JettyServerThreadPool]@540dbda9{STARTED,8<=8<=250,i=3,r=-1,t=59566ms,q=0}[ReservedThreadExecutor@3a5c2626{reserved=0/12,pending=0}][pc=0,pic=0,pec=0,epc=0]@2025-09-02T09:34:39.9535131-03:00
09:34:39.960 [main] DEBUG org.eclipse.jetty.util.thread.QueuedThreadPool -- queue org.eclipse.jetty.io.ManagedSelector$$Lambda/0x000001cc112fc348@238bfd6c startThread=0
09:34:39.960 [JettyServerThreadPool-40] DEBUG org.eclipse.jetty.util.thread.QueuedThreadPool -- run org.eclipse.jetty.io.ManagedSelector$$Lambda/0x000001cc112fc348@238bfd6c in QueuedThreadPool[JettyServerThreadPool]@540dbda9{STARTED,8<=8<=250,i=2,r=-1,t=59561ms,q=0}[ReservedThreadExecutor@3a5c2626{reserved=0/12,pending=0}]
09:34:39.962 [main] DEBUG org.eclipse.jetty.io.ManagedSelector -- Queued change lazy=false org.eclipse.jetty.io.ManagedSelector$Start@ef1695a on ManagedSelector@16eedaa6{STARTING} id=5 keys=0 selected=0 updates=0
09:34:39.962 [JettyServerThreadPool-40] DEBUG org.eclipse.jetty.util.thread.strategy.AdaptiveExecutionStrategy -- AdaptiveExecutionStrategy@93f432e/SelectorProducer@288214b1/IDLE/p=false/QueuedThreadPool[JettyServerThreadPool]@540dbda9{STARTED,8<=8<=250,i=2,r=-1,t=59560ms,q=0}[ReservedThreadExecutor@3a5c2626{reserved=0/12,pending=0}][pc=0,pic=0,pec=0,epc=0]@2025-09-02T09:34:39.9624132-03:00 tryProduce false
09:34:39.962 [JettyServerThreadPool-40] DEBUG org.eclipse.jetty.io.ManagedSelector -- updateable 1
09:34:39.962 [JettyServerThreadPool-40] DEBUG org.eclipse.jetty.io.ManagedSelector -- update org.eclipse.jetty.io.ManagedSelector$Start@ef1695a
09:34:39.962 [JettyServerThreadPool-40] DEBUG org.eclipse.jetty.io.ManagedSelector -- updates 0
09:34:39.962 [JettyServerThreadPool-40] DEBUG org.eclipse.jetty.io.ManagedSelector -- Selector sun.nio.ch.WEPollSelectorImpl@1f50552d waiting with 0 keys
09:34:39.964 [main] DEBUG org.eclipse.jetty.util.component.AbstractLifeCycle -- STARTED @4608ms ManagedSelector@16eedaa6{STARTED} id=5 keys=0 selected=0 updates=0
09:34:39.964 [main] DEBUG org.eclipse.jetty.util.component.AbstractLifeCycle -- STARTED @4609ms SelectorManager@ServerConnector@270b6b5e{HTTP/1.1, (http/1.1)}{0.0.0.0:51078}
09:34:39.964 [main] DEBUG org.eclipse.jetty.util.component.ContainerLifeCycle -- ServerConnector@270b6b5e{HTTP/1.1, (http/1.1)}{0.0.0.0:51078} added {acceptor-0@7139bd31,POJO}
09:34:39.964 [main] DEBUG org.eclipse.jetty.util.thread.QueuedThreadPool -- queue acceptor-0@7139bd31 startThread=0
09:34:39.964 [main] INFO org.eclipse.jetty.server.AbstractConnector -- Started ServerConnector@270b6b5e{HTTP/1.1, (http/1.1)}{0.0.0.0:51078}
09:34:39.964 [JettyServerThreadPool-41] DEBUG org.eclipse.jetty.util.thread.QueuedThreadPool -- run acceptor-0@7139bd31 in QueuedThreadPool[JettyServerThreadPool]@540dbda9{STARTED,8<=8<=250,i=1,r=-1,t=59556ms,q=0}[ReservedThreadExecutor@3a5c2626{reserved=0/12,pending=0}]
09:34:39.964 [main] DEBUG org.eclipse.jetty.util.component.AbstractLifeCycle -- STARTED @4611ms ServerConnector@270b6b5e{HTTP/1.1, (http/1.1)}{0.0.0.0:51078}
09:34:39.964 [main] INFO org.eclipse.jetty.server.Server -- Started Server@58a4a74d{STARTING}[11.0.20,sto=0] @4611ms
09:34:39.964 [main] DEBUG org.eclipse.jetty.util.component.AbstractLifeCycle -- STARTED @4611ms Server@58a4a74d{STARTED}[11.0.20,sto=0]
09:34:39.964 [main] INFO io.javalin.Javalin -- 
       __                  ___           _____
      / /___ __   ______ _/ (_)___      / ___/
 __  / / __ `/ | / / __ `/ / / __ \    / __ \
/ /_/ / /_/ /| |/ / /_/ / / / / / /   / /_/ /
\____/\__,_/ |___/\__,_/_/_/_/ /_/    \____/

       https://javalin.io/documentation

09:34:39.964 [main] INFO io.javalin.Javalin -- Javalin started in 758ms \o/
09:34:39.981 [main] INFO io.javalin.Javalin -- Listening on http://localhost:51078/
09:34:40.011 [main] INFO io.javalin.Javalin -- You are running Javalin 6.1.3 (released March 2, 2024. Your Javalin version is 548 days old. Consider checking for a newer version.).
09:34:40.518 [JettyServerThreadPool-41-acceptor-0@7139bd31-ServerConnector@270b6b5e{HTTP/1.1, (http/1.1)}{0.0.0.0:51078}] DEBUG org.eclipse.jetty.io.ManagedSelector -- Queued change lazy=false Accept@588a4b20[java.nio.channels.SocketChannel[connected local=/127.0.0.1:51078 remote=/127.0.0.1:51079]] on ManagedSelector@3f92a84e{STARTED} id=1 keys=0 selected=0 updates=0
09:34:40.518 [JettyServerThreadPool-41-acceptor-0@7139bd31-ServerConnector@270b6b5e{HTTP/1.1, (http/1.1)}{0.0.0.0:51078}] DEBUG org.eclipse.jetty.io.ManagedSelector -- Wakeup on submit ManagedSelector@3f92a84e{STARTED} id=1 keys=0 selected=0 updates=1
09:34:40.518 [JettyServerThreadPool-36] DEBUG org.eclipse.jetty.io.ManagedSelector -- Selector sun.nio.ch.WEPollSelectorImpl@431ba989 woken with none selected
09:34:40.518 [JettyServerThreadPool-36] DEBUG org.eclipse.jetty.io.ManagedSelector -- Selector sun.nio.ch.WEPollSelectorImpl@431ba989 woken up from select, 0/0/0 selected
09:34:40.518 [JettyServerThreadPool-36] DEBUG org.eclipse.jetty.io.ManagedSelector -- Selector sun.nio.ch.WEPollSelectorImpl@431ba989 processing 0 keys, 1 updates
09:34:40.518 [JettyServerThreadPool-36] DEBUG org.eclipse.jetty.io.ManagedSelector -- updateable 1
09:34:40.518 [JettyServerThreadPool-36] DEBUG org.eclipse.jetty.io.ManagedSelector -- update Accept@588a4b20[java.nio.channels.SocketChannel[connected local=/127.0.0.1:51078 remote=/127.0.0.1:51079]]
09:34:40.518 [JettyServerThreadPool-36] DEBUG org.eclipse.jetty.util.thread.QueuedThreadPool -- queue Accept@588a4b20[java.nio.channels.SocketChannel[connected local=/127.0.0.1:51078 remote=/127.0.0.1:51079]] startThread=0
09:34:40.518 [JettyServerThreadPool-36] DEBUG org.eclipse.jetty.io.ManagedSelector -- updates 0
09:34:40.518 [JettyServerThreadPool-36] DEBUG org.eclipse.jetty.io.ManagedSelector -- Selector sun.nio.ch.WEPollSelectorImpl@431ba989 waiting with 1 keys
09:34:40.518 [JettyServerThreadPool-42] DEBUG org.eclipse.jetty.util.thread.QueuedThreadPool -- run Accept@588a4b20[java.nio.channels.SocketChannel[connected local=/127.0.0.1:51078 remote=/127.0.0.1:51079]] in QueuedThreadPool[JettyServerThreadPool]@540dbda9{STARTED,8<=8<=250,i=0,r=-1,t=58998ms,q=0}[ReservedThreadExecutor@3a5c2626{reserved=0/12,pending=0}]
09:34:40.545 [JettyServerThreadPool-42] DEBUG org.eclipse.jetty.io.IdleTimeout -- Setting idle timeout 0 -> 30000 on SocketChannelEndPoint@7346e442[{l=/127.0.0.1:51078,r=/127.0.0.1:51079,OPEN,fill=-,flush=-,to=10/30000}{io=0/0,kio=0,kro=0}]->[<null>]
09:34:40.545 [JettyServerThreadPool-42] DEBUG org.eclipse.jetty.io.IdleTimeout -- SocketChannelEndPoint@7346e442[{l=/127.0.0.1:51078,r=/127.0.0.1:51079,OPEN,fill=-,flush=-,to=10/30000}{io=0/0,kio=0,kro=0}]->[<null>] idle timeout check, elapsed: 10 ms, remaining: 29990 ms
09:34:40.627 [JettyServerThreadPool-42] DEBUG org.eclipse.jetty.server.HttpChannel -- new HttpChannelOverHttp@6492dae5{s=HttpChannelState@3ca76bd7{s=IDLE rs=BLOCKING os=OPEN is=IDLE awp=false se=false i=true al=0},r=0,c=false/false,a=IDLE,uri=null,age=0} -> SocketChannelEndPoint@7346e442[{l=/127.0.0.1:51078,r=/127.0.0.1:51079,OPEN,fill=-,flush=-,to=91/30000}{io=0/0,kio=0,kro=0}]->[<null>],null,HttpChannelState@3ca76bd7{s=IDLE rs=BLOCKING os=OPEN is=IDLE awp=false se=false i=true al=0}
09:34:40.647 [JettyServerThreadPool-42] DEBUG org.eclipse.jetty.server.HttpConnection -- New HTTP Connection HttpConnection@345a8ae1::SocketChannelEndPoint@7346e442[{l=/127.0.0.1:51078,r=/127.0.0.1:51079,OPEN,fill=-,flush=-,to=110/30000}{io=0/0,kio=0,kro=0}]->[<null>]
09:34:40.649 [JettyServerThreadPool-42] DEBUG org.eclipse.jetty.io.ManagedSelector -- Queued change lazy=true org.eclipse.jetty.io.ManagedSelector$$Lambda/0x000001cc113ba608@caf417b on ManagedSelector@3f92a84e{STARTED} id=1 keys=1 selected=0 updates=0
09:34:40.649 [JettyServerThreadPool-42] DEBUG org.eclipse.jetty.io.AbstractEndPoint -- onOpen SocketChannelEndPoint@7346e442[{l=/127.0.0.1:51078,r=/127.0.0.1:51079,OPEN,fill=-,flush=-,to=111/30000}{io=0/0,kio=0,kro=0}]->[HttpConnection@345a8ae1[p=HttpParser{s=START,0 of -1},g=HttpGenerator@6f2481eb{s=START}]=>HttpChannelOverHttp@6492dae5{s=HttpChannelState@3ca76bd7{s=IDLE rs=BLOCKING os=OPEN is=IDLE awp=false se=false i=true al=0},r=0,c=false/false,a=IDLE,uri=null,age=0}]
09:34:40.649 [JettyServerThreadPool-42] DEBUG org.eclipse.jetty.io.AbstractConnection -- onOpen HttpConnection@345a8ae1::SocketChannelEndPoint@7346e442[{l=/127.0.0.1:51078,r=/127.0.0.1:51079,OPEN,fill=-,flush=-,to=112/30000}{io=0/0,kio=0,kro=0}]->[HttpConnection@345a8ae1[p=HttpParser{s=START,0 of -1},g=HttpGenerator@6f2481eb{s=START}]=>HttpChannelOverHttp@6492dae5{s=HttpChannelState@3ca76bd7{s=IDLE rs=BLOCKING os=OPEN is=IDLE awp=false se=false i=true al=0},r=0,c=false/false,a=IDLE,uri=null,age=0}]
09:34:40.649 [JettyServerThreadPool-42] DEBUG org.eclipse.jetty.io.AbstractConnection -- fillInterested HttpConnection@345a8ae1::SocketChannelEndPoint@7346e442[{l=/127.0.0.1:51078,r=/127.0.0.1:51079,OPEN,fill=-,flush=-,to=112/30000}{io=0/0,kio=0,kro=0}]->[HttpConnection@345a8ae1[p=HttpParser{s=START,0 of -1},g=HttpGenerator@6f2481eb{s=START}]=>HttpChannelOverHttp@6492dae5{s=HttpChannelState@3ca76bd7{s=IDLE rs=BLOCKING os=OPEN is=IDLE awp=false se=false i=true al=0},r=0,c=false/false,a=IDLE,uri=null,age=0}]
09:34:40.649 [JettyServerThreadPool-42] DEBUG org.eclipse.jetty.io.FillInterest -- interested FillInterest@78a863{ReadCallback@2d4b12b{HttpConnection@345a8ae1::SocketChannelEndPoint@7346e442[{l=/127.0.0.1:51078,r=/127.0.0.1:51079,OPEN,fill=FI,flush=-,to=0/30000}{io=0/0,kio=0,kro=0}]->[HttpConnection@345a8ae1[p=HttpParser{s=START,0 of -1},g=HttpGenerator@6f2481eb{s=START}]=>HttpChannelOverHttp@6492dae5{s=HttpChannelState@3ca76bd7{s=IDLE rs=BLOCKING os=OPEN is=IDLE awp=false se=false i=true al=0},r=0,c=false/false,a=IDLE,uri=null,age=0}]}}
09:34:40.649 [JettyServerThreadPool-42] DEBUG org.eclipse.jetty.io.SelectableChannelEndPoint -- changeInterests p=false 0->1 for SocketChannelEndPoint@7346e442[{l=/127.0.0.1:51078,r=/127.0.0.1:51079,OPEN,fill=FI,flush=-,to=0/30000}{io=0/1,kio=0,kro=0}]->[HttpConnection@345a8ae1[p=HttpParser{s=START,0 of -1},g=HttpGenerator@6f2481eb{s=START}]=>HttpChannelOverHttp@6492dae5{s=HttpChannelState@3ca76bd7{s=IDLE rs=BLOCKING os=OPEN is=IDLE awp=false se=false i=true al=0},r=0,c=false/false,a=IDLE,uri=null,age=0}]
[...]
09:34:41.188 [main] DEBUG org.eclipse.jetty.util.component.AbstractLifeCycle -- STOPPED DeflaterPool@3c87fdf2{STOPPED,size=-1,capacity=250}
09:34:41.188 [main] DEBUG org.eclipse.jetty.util.component.AbstractLifeCycle -- STOPPING InflaterPool@4f5b08d{STARTED,size=0,capacity=250}
09:34:41.188 [main] DEBUG org.eclipse.jetty.util.Pool -- Closing Pool@529c2a9a[inUse=0,size=0,max=250,closed=false]
09:34:41.188 [main] DEBUG org.eclipse.jetty.util.component.AbstractLifeCycle -- STOPPED InflaterPool@4f5b08d{STOPPED,size=-1,capacity=250}
09:34:41.188 [main] DEBUG org.eclipse.jetty.util.component.AbstractLifeCycle -- STOPPING ErrorHandler@1d1cbd0f{STARTED}
09:34:41.188 [main] DEBUG org.eclipse.jetty.server.handler.AbstractHandler -- stopping ErrorHandler@1d1cbd0f{STOPPING}
09:34:41.188 [main] DEBUG org.eclipse.jetty.util.component.AbstractLifeCycle -- STOPPED ErrorHandler@1d1cbd0f{STOPPED}
09:34:41.188 [main] DEBUG org.eclipse.jetty.util.component.AbstractLifeCycle -- STOPPING StatisticsHandler@4c2af006{STARTED,r=0,d=0}
09:34:41.188 [main] DEBUG org.eclipse.jetty.server.handler.AbstractHandler -- stopping StatisticsHandler@4c2af006{STOPPING,r=0,d=0}
09:34:41.188 [main] DEBUG org.eclipse.jetty.util.component.AbstractLifeCycle -- STOPPING o.e.j.s.ServletContextHandler@44032fde{/,null,AVAILABLE}
09:34:41.188 [main] DEBUG org.eclipse.jetty.util.component.AbstractLifeCycle -- STOPPING WebSocketServerComponents@2c8c16c0{STARTED}
09:34:41.188 [main] DEBUG org.eclipse.jetty.util.component.AbstractLifeCycle -- STOPPED WebSocketServerComponents@2c8c16c0{STOPPED}
09:34:41.188 [main] DEBUG org.eclipse.jetty.util.component.AbstractLifeCycle -- STOPPING JettyWebSocketServerContainer@4b039c6d{STARTED}
09:34:41.188 [main] DEBUG org.eclipse.jetty.util.component.AbstractLifeCycle -- STOPPING SessionTracker@507d64aa{STARTED}
09:34:41.188 [main] DEBUG org.eclipse.jetty.util.component.AbstractLifeCycle -- STOPPED SessionTracker@507d64aa{STOPPED}
09:34:41.188 [main] DEBUG org.eclipse.jetty.util.component.AbstractLifeCycle -- STOPPING JettyServerFrameHandlerFactory@7f5b9db{STARTED}
09:34:41.188 [main] DEBUG org.eclipse.jetty.util.component.AbstractLifeCycle -- STOPPED JettyServerFrameHandlerFactory@7f5b9db{STOPPED}
09:34:41.188 [main] DEBUG org.eclipse.jetty.util.component.AbstractLifeCycle -- STOPPED JettyWebSocketServerContainer@4b039c6d{STOPPED}
09:34:41.188 [main] DEBUG org.eclipse.jetty.server.handler.AbstractHandler -- stopping o.e.j.s.ServletContextHandler@44032fde{/,null,STOPPED}
09:34:41.188 [main] DEBUG org.eclipse.jetty.util.component.AbstractLifeCycle -- STOPPING org.eclipse.jetty.server.session.SessionHandler1130153977==dftMaxIdleSec=-1
09:34:41.188 [main] DEBUG org.eclipse.jetty.server.session.DefaultSessionCache -- Shutdown sessions, invalidating = false
09:34:41.188 [main] DEBUG org.eclipse.jetty.util.component.AbstractLifeCycle -- STOPPING org.eclipse.jetty.server.session.DefaultSessionCache@60b34931[evict=-1,removeUnloadable=false,saveOnCreate=false,saveOnInactiveEvict=false]
09:34:41.188 [main] DEBUG org.eclipse.jetty.util.component.AbstractLifeCycle -- STOPPING org.eclipse.jetty.server.session.NullSessionDataStore@4aa21f9d[passivating=false,graceSec=3600]
09:34:41.188 [main] DEBUG org.eclipse.jetty.util.component.AbstractLifeCycle -- STOPPED org.eclipse.jetty.server.session.NullSessionDataStore@4aa21f9d[passivating=false,graceSec=3600]
09:34:41.188 [main] DEBUG org.eclipse.jetty.util.component.AbstractLifeCycle -- STOPPED org.eclipse.jetty.server.session.DefaultSessionCache@60b34931[evict=-1,removeUnloadable=false,saveOnCreate=false,saveOnInactiveEvict=false]
09:34:41.188 [main] DEBUG org.eclipse.jetty.util.component.AbstractLifeCycle -- STOPPING ScheduledExecutorScheduler@4527f70a{STARTED}
09:34:41.188 [main] DEBUG org.eclipse.jetty.util.component.AbstractLifeCycle -- STOPPED ScheduledExecutorScheduler@4527f70a{STOPPED}
09:34:41.188 [main] DEBUG org.eclipse.jetty.server.handler.AbstractHandler -- stopping org.eclipse.jetty.server.session.SessionHandler1130153977==dftMaxIdleSec=-1
09:34:41.188 [main] DEBUG org.eclipse.jetty.util.component.AbstractLifeCycle -- STOPPING ServletHandler@5578be42{STARTED}
09:34:41.188 [main] DEBUG org.eclipse.jetty.server.handler.AbstractHandler -- stopping ServletHandler@5578be42{STOPPING}
09:34:41.188 [main] DEBUG org.eclipse.jetty.util.component.AbstractLifeCycle -- STOPPING org.eclipse.jetty.servlet.ServletHandler$Default404Servlet-527fc8e==org.eclipse.jetty.servlet.ServletHandler$Default404Servlet@80c12cd0{jsp=null,order=-1,inst=false,async=true,src=EMBEDDED:null,STARTED}
09:34:41.188 [main] DEBUG org.eclipse.jetty.util.component.AbstractLifeCycle -- STOPPED org.eclipse.jetty.servlet.ServletHandler$Default404Servlet-527fc8e==org.eclipse.jetty.servlet.ServletHandler$Default404Servlet@80c12cd0{jsp=null,order=-1,inst=false,async=true,src=EMBEDDED:null,STOPPED}
09:34:41.188 [main] DEBUG org.eclipse.jetty.util.component.AbstractLifeCycle -- STOPPING io.javalin.jetty.JavalinJettyServlet-4364712f==io.javalin.jetty.JavalinJettyServlet@534a7579{jsp=null,order=-1,inst=true,async=true,src=EMBEDDED:null,STARTED}
09:34:41.188 [main] DEBUG org.eclipse.jetty.util.component.AbstractLifeCycle -- STOPPED io.javalin.jetty.JavalinJettyServlet-4364712f==io.javalin.jetty.JavalinJettyServlet@534a7579{jsp=null,order=-1,inst=false,async=true,src=EMBEDDED:null,STOPPED}
09:34:41.190 [main] DEBUG org.eclipse.jetty.servlet.ServletHandler -- Path=/*[EMBEDDED:null] mapped to servlet=io.javalin.jetty.JavalinJettyServlet-4364712f[EMBEDDED:null]
09:34:41.190 [main] DEBUG org.eclipse.jetty.http.pathmap.ServletPathSpec -- Creating ServletPathSpec[/*] (group: PREFIX_GLOB, prefix: "", suffix: "null")
09:34:41.190 [main] DEBUG org.eclipse.jetty.http.pathmap.PathMappings -- Added MappedResource[pathSpec=ServletPathSpec@9457a78e{/*},resource=MappedServlet40e32762{/*->io.javalin.jetty.JavalinJettyServlet-4364712f==io.javalin.jetty.JavalinJettyServlet@534a7579{jsp=null,order=-1,inst=false,async=true,src=EMBEDDED:null,STOPPED}}] to PathMappings[size=1]
09:34:41.190 [main] DEBUG org.eclipse.jetty.servlet.ServletHandler -- filterNameMap={} pathFilters=[] servletFilterMap={} servletPathMap=PathMappings[size=1] servletNameMap={io.javalin.jetty.JavalinJettyServlet-4364712f=MappedServlet5a8ab2{null->io.javalin.jetty.JavalinJettyServlet-4364712f==io.javalin.jetty.JavalinJettyServlet@534a7579{jsp=null,order=-1,inst=false,async=true,src=EMBEDDED:null,STOPPED}}}
09:34:41.190 [main] DEBUG org.eclipse.jetty.util.component.AbstractLifeCycle -- STOPPED ServletHandler@5578be42{STOPPED}
09:34:41.190 [main] DEBUG org.eclipse.jetty.util.component.AbstractLifeCycle -- STOPPED org.eclipse.jetty.server.session.SessionHandler1130153977==dftMaxIdleSec=-1
09:34:41.190 [main] DEBUG org.eclipse.jetty.util.component.AbstractLifeCycle -- STOPPING ServletContainerInitializerStarter@4e49ce2b{STARTED}
09:34:41.190 [main] DEBUG org.eclipse.jetty.util.component.AbstractLifeCycle -- STOPPING ContainerInitializer{org.eclipse.jetty.websocket.server.config.JettyWebSocketServletContainerInitializer,interested=[],applicable=[],annotated=[]}
09:34:41.190 [main] DEBUG org.eclipse.jetty.util.component.AbstractLifeCycle -- STOPPED ContainerInitializer{org.eclipse.jetty.websocket.server.config.JettyWebSocketServletContainerInitializer,interested=[],applicable=[],annotated=[]}
09:34:41.190 [main] DEBUG org.eclipse.jetty.util.component.AbstractLifeCycle -- STOPPED ServletContainerInitializerStarter@4e49ce2b{STOPPED}
09:34:41.190 [main] INFO org.eclipse.jetty.server.handler.ContextHandler -- Stopped o.e.j.s.ServletContextHandler@44032fde{/,null,STOPPED}
09:34:41.190 [main] DEBUG org.eclipse.jetty.util.component.AbstractLifeCycle -- STOPPED o.e.j.s.ServletContextHandler@44032fde{/,null,STOPPED}
09:34:41.190 [main] DEBUG org.eclipse.jetty.util.component.AbstractLifeCycle -- STOPPED StatisticsHandler@4c2af006{STOPPED,r=0,d=0}
09:34:41.190 [main] DEBUG org.eclipse.jetty.util.component.AbstractLifeCycle -- STOPPING LowResourceMonitor@52ff99cd{STARTED}
09:34:41.190 [main] DEBUG org.eclipse.jetty.util.component.AbstractLifeCycle -- STOPPING LRMScheduler@cda6019{STARTED}
09:34:41.190 [main] DEBUG org.eclipse.jetty.util.component.AbstractLifeCycle -- STOPPED LRMScheduler@cda6019{STOPPED}
09:34:41.190 [main] DEBUG org.eclipse.jetty.util.component.AbstractLifeCycle -- STOPPED LowResourceMonitor@52ff99cd{STOPPED}
09:34:41.190 [main] DEBUG org.eclipse.jetty.util.component.AbstractLifeCycle -- STOPPING AttributeContainerMap@177515d1{size=1}
09:34:41.190 [main] DEBUG org.eclipse.jetty.util.component.AbstractLifeCycle -- STOPPED AttributeContainerMap@177515d1{size=1}
09:34:41.190 [main] DEBUG org.eclipse.jetty.util.component.AbstractLifeCycle -- STOPPING QueuedThreadPool[JettyServerThreadPool]@77865933{STARTED,8<=9<=250,i=8,r=-1,t=59952ms,q=0}[ReservedThreadExecutor@3af7d855{reserved=1/12,pending=0}]
09:34:41.190 [main] DEBUG org.eclipse.jetty.util.thread.QueuedThreadPool -- Stopping QueuedThreadPool[JettyServerThreadPool]@77865933{STOPPING,8<=9<=250,i=8,r=-1,t=59952ms,q=0}[ReservedThreadExecutor@3af7d855{reserved=1/12,pending=0}]
09:34:41.190 [main] DEBUG org.eclipse.jetty.util.component.AbstractLifeCycle -- STOPPING ReservedThreadExecutor@3af7d855{reserved=1/12,pending=0}
09:34:41.190 [main] DEBUG org.eclipse.jetty.util.component.AbstractLifeCycle -- STOPPED ReservedThreadExecutor@3af7d855{reserved=-1/12,pending=0}
09:34:41.190 [JettyServerThreadPool-59] DEBUG org.eclipse.jetty.util.thread.ReservedThreadExecutor -- ReservedThread@6c8acc61{RESERVED,thread=Thread[#59,JettyServerThreadPool-59,5,main]} task=STOP ReservedThreadExecutor@3af7d855{reserved=-1/12,pending=0}
09:34:41.190 [JettyServerThreadPool-60] DEBUG org.eclipse.jetty.util.thread.QueuedThreadPool -- run org.eclipse.jetty.util.thread.QueuedThreadPool$$Lambda/0x000001cc112a7130@32fc3a5b in QueuedThreadPool[JettyServerThreadPool]@77865933{STOPPING,8<=0<=250,i=8,r=-1,t=59952ms,q=0}[NO_TRY]
09:34:41.190 [JettyServerThreadPool-60] DEBUG org.eclipse.jetty.util.thread.QueuedThreadPool -- ran org.eclipse.jetty.util.thread.QueuedThreadPool$$Lambda/0x000001cc112a7130@32fc3a5b in QueuedThreadPool[JettyServerThreadPool]@77865933{STOPPING,8<=0<=250,i=8,r=-1,t=59952ms,q=0}[NO_TRY]
09:34:41.190 [JettyServerThreadPool-60] DEBUG org.eclipse.jetty.util.thread.QueuedThreadPool -- Evict skipped, no excess threads QueuedThreadPool[JettyServerThreadPool]@77865933{STOPPING,8<=0<=250,i=9,r=-1,t=59951ms,q=0}[NO_TRY]
09:34:41.190 [JettyServerThreadPool-57] DEBUG org.eclipse.jetty.util.thread.QueuedThreadPool -- run org.eclipse.jetty.util.thread.QueuedThreadPool$$Lambda/0x000001cc112a7130@32fc3a5b in QueuedThreadPool[JettyServerThreadPool]@77865933{STOPPING,8<=0<=250,i=9,r=-1,t=59951ms,q=0}[NO_TRY]
09:34:41.190 [JettyServerThreadPool-55] DEBUG org.eclipse.jetty.util.thread.QueuedThreadPool -- run org.eclipse.jetty.util.thread.QueuedThreadPool$$Lambda/0x000001cc112a7130@32fc3a5b in QueuedThreadPool[JettyServerThreadPool]@77865933{STOPPING,8<=0<=250,i=9,r=-1,t=59951ms,q=0}[NO_TRY]
09:34:41.190 [main] DEBUG org.eclipse.jetty.util.thread.QueuedThreadPool -- Waiting for Thread[#53,JettyServerThreadPool-53,5,main] for 2499
09:34:41.192 [JettyServerThreadPool-55] DEBUG org.eclipse.jetty.util.thread.QueuedThreadPool -- ran org.eclipse.jetty.util.thread.QueuedThreadPool$$Lambda/0x000001cc112a7130@32fc3a5b in QueuedThreadPool[JettyServerThreadPool]@77865933{STOPPING,8<=0<=250,i=9,r=-1,t=59951ms,q=0}[NO_TRY]
09:34:41.190 [JettyServerThreadPool-59] DEBUG org.eclipse.jetty.util.thread.ReservedThreadExecutor -- ReservedThread@6c8acc61{RESERVED,thread=Thread[#59,JettyServerThreadPool-59,5,main]} exited ReservedThreadExecutor@3af7d855{reserved=-1/12,pending=0}
09:34:41.190 [JettyServerThreadPool-58] DEBUG org.eclipse.jetty.util.thread.QueuedThreadPool -- run org.eclipse.jetty.util.thread.QueuedThreadPool$$Lambda/0x000001cc112a7130@32fc3a5b in QueuedThreadPool[JettyServerThreadPool]@77865933{STOPPING,8<=0<=250,i=8,r=-1,t=59952ms,q=0}[NO_TRY]
09:34:41.190 [JettyServerThreadPool-60] DEBUG org.eclipse.jetty.util.thread.QueuedThreadPool -- Thread[#60,JettyServerThreadPool-60,5,main] exited for QueuedThreadPool[JettyServerThreadPool]@77865933{STOPPING,8<=0<=250,i=9,r=-1,t=59951ms,q=0}[NO_TRY]
09:34:41.193 [JettyServerThreadPool-58] DEBUG org.eclipse.jetty.util.thread.QueuedThreadPool -- ran org.eclipse.jetty.util.thread.QueuedThreadPool$$Lambda/0x000001cc112a7130@32fc3a5b in QueuedThreadPool[JettyServerThreadPool]@77865933{STOPPING,8<=0<=250,i=10,r=-1,t=59951ms,q=0}[NO_TRY]
09:34:41.190 [JettyServerThreadPool-56] DEBUG org.eclipse.jetty.util.thread.QueuedThreadPool -- run org.eclipse.jetty.util.thread.QueuedThreadPool$$Lambda/0x000001cc112a7130@32fc3a5b in QueuedThreadPool[JettyServerThreadPool]@77865933{STOPPING,8<=0<=250,i=9,r=-1,t=59951ms,q=0}[NO_TRY]
09:34:41.193 [JettyServerThreadPool-58] DEBUG org.eclipse.jetty.util.thread.QueuedThreadPool -- Evict skipped, no excess threads QueuedThreadPool[JettyServerThreadPool]@77865933{STOPPING,8<=0<=250,i=11,r=-1,t=59951ms,q=0}[NO_TRY]
09:34:41.190 [JettyServerThreadPool-57] DEBUG org.eclipse.jetty.util.thread.QueuedThreadPool -- ran org.eclipse.jetty.util.thread.QueuedThreadPool$$Lambda/0x000001cc112a7130@32fc3a5b in QueuedThreadPool[JettyServerThreadPool]@77865933{STOPPING,8<=0<=250,i=9,r=-1,t=59951ms,q=0}[NO_TRY]
09:34:41.193 [JettyServerThreadPool-58] DEBUG org.eclipse.jetty.util.thread.QueuedThreadPool -- Thread[#58,JettyServerThreadPool-58,5,main] exited for QueuedThreadPool[JettyServerThreadPool]@77865933{STOPPING,8<=0<=250,i=11,r=-1,t=59951ms,q=0}[NO_TRY]
09:34:41.193 [JettyServerThreadPool-57] DEBUG org.eclipse.jetty.util.thread.QueuedThreadPool -- Evict skipped, no excess threads QueuedThreadPool[JettyServerThreadPool]@77865933{STOPPING,8<=0<=250,i=12,r=-1,t=59951ms,q=0}[NO_TRY]
09:34:41.193 [JettyServerThreadPool-56] DEBUG org.eclipse.jetty.util.thread.QueuedThreadPool -- ran org.eclipse.jetty.util.thread.QueuedThreadPool$$Lambda/0x000001cc112a7130@32fc3a5b in QueuedThreadPool[JettyServerThreadPool]@77865933{STOPPING,8<=0<=250,i=11,r=-1,t=59951ms,q=0}[NO_TRY]
09:34:41.192 [JettyServerThreadPool-67] DEBUG org.eclipse.jetty.util.thread.QueuedThreadPool -- run org.eclipse.jetty.util.thread.QueuedThreadPool$$Lambda/0x000001cc112a7130@32fc3a5b in QueuedThreadPool[JettyServerThreadPool]@77865933{STOPPING,8<=0<=250,i=9,r=-1,t=59951ms,q=0}[NO_TRY]
09:34:41.192 [JettyServerThreadPool-54] DEBUG org.eclipse.jetty.util.thread.QueuedThreadPool -- run org.eclipse.jetty.util.thread.QueuedThreadPool$$Lambda/0x000001cc112a7130@32fc3a5b in QueuedThreadPool[JettyServerThreadPool]@77865933{STOPPING,8<=0<=250,i=9,r=-1,t=59951ms,q=0}[NO_TRY]
09:34:41.192 [JettyServerThreadPool-53] DEBUG org.eclipse.jetty.util.thread.QueuedThreadPool -- run org.eclipse.jetty.util.thread.QueuedThreadPool$$Lambda/0x000001cc112a7130@32fc3a5b in QueuedThreadPool[JettyServerThreadPool]@77865933{STOPPING,8<=0<=250,i=10,r=-1,t=59951ms,q=0}[NO_TRY]
09:34:41.193 [JettyServerThreadPool-56] DEBUG org.eclipse.jetty.util.thread.QueuedThreadPool -- Evict skipped, no excess threads QueuedThreadPool[JettyServerThreadPool]@77865933{STOPPING,8<=0<=250,i=13,r=-1,t=59950ms,q=0}[NO_TRY]
09:34:41.192 [JettyServerThreadPool-59] DEBUG org.eclipse.jetty.util.thread.QueuedThreadPool -- ran ReservedThread@6c8acc61{RESERVED,thread=null} in QueuedThreadPool[JettyServerThreadPool]@77865933{STOPPING,8<=0<=250,i=11,r=-1,t=59951ms,q=0}[NO_TRY]
09:34:41.192 [JettyServerThreadPool-55] DEBUG org.eclipse.jetty.util.thread.QueuedThreadPool -- Evict skipped, no excess threads QueuedThreadPool[JettyServerThreadPool]@77865933{STOPPING,8<=0<=250,i=10,r=-1,t=59951ms,q=0}[NO_TRY]
09:34:41.193 [JettyServerThreadPool-56] DEBUG org.eclipse.jetty.util.thread.QueuedThreadPool -- Thread[#56,JettyServerThreadPool-56,5,main] exited for QueuedThreadPool[JettyServerThreadPool]@77865933{STOPPING,8<=0<=250,i=13,r=-1,t=59939ms,q=0}[NO_TRY]
09:34:41.193 [JettyServerThreadPool-57] DEBUG org.eclipse.jetty.util.thread.QueuedThreadPool -- Thread[#57,JettyServerThreadPool-57,5,main] exited for QueuedThreadPool[JettyServerThreadPool]@77865933{STOPPING,8<=0<=250,i=12,r=-1,t=59950ms,q=0}[NO_TRY]
09:34:41.204 [JettyServerThreadPool-55] DEBUG org.eclipse.jetty.util.thread.QueuedThreadPool -- Thread[#55,JettyServerThreadPool-55,5,main] exited for QueuedThreadPool[JettyServerThreadPool]@77865933{STOPPING,8<=0<=250,i=14,r=-1,t=59939ms,q=0}[NO_TRY]
09:34:41.204 [JettyServerThreadPool-59] DEBUG org.eclipse.jetty.util.thread.QueuedThreadPool -- Evict skipped, no excess threads QueuedThreadPool[JettyServerThreadPool]@77865933{STOPPING,8<=0<=250,i=14,r=-1,t=59939ms,q=0}[NO_TRY]
09:34:41.193 [JettyServerThreadPool-54] DEBUG org.eclipse.jetty.util.thread.QueuedThreadPool -- ran org.eclipse.jetty.util.thread.QueuedThreadPool$$Lambda/0x000001cc112a7130@32fc3a5b in QueuedThreadPool[JettyServerThreadPool]@77865933{STOPPING,8<=0<=250,i=13,r=-1,t=59950ms,q=0}[NO_TRY]
09:34:41.205 [JettyServerThreadPool-54] DEBUG org.eclipse.jetty.util.thread.QueuedThreadPool -- Evict skipped, no excess threads QueuedThreadPool[JettyServerThreadPool]@77865933{STOPPING,8<=0<=250,i=15,r=-1,t=59939ms,q=0}[NO_TRY]
09:34:41.205 [JettyServerThreadPool-59] DEBUG org.eclipse.jetty.util.thread.QueuedThreadPool -- Thread[#59,JettyServerThreadPool-59,5,main] exited for QueuedThreadPool[JettyServerThreadPool]@77865933{STOPPING,8<=0<=250,i=14,r=-1,t=59939ms,q=0}[NO_TRY]
09:34:41.205 [JettyServerThreadPool-54] DEBUG org.eclipse.jetty.util.thread.QueuedThreadPool -- Thread[#54,JettyServerThreadPool-54,5,main] exited for QueuedThreadPool[JettyServerThreadPool]@77865933{STOPPING,8<=0<=250,i=15,r=-1,t=59938ms,q=0}[NO_TRY]
09:34:41.193 [JettyServerThreadPool-53] DEBUG org.eclipse.jetty.util.thread.QueuedThreadPool -- ran org.eclipse.jetty.util.thread.QueuedThreadPool$$Lambda/0x000001cc112a7130@32fc3a5b in QueuedThreadPool[JettyServerThreadPool]@77865933{STOPPING,8<=0<=250,i=13,r=-1,t=59950ms,q=0}[NO_TRY]
09:34:41.207 [JettyServerThreadPool-53] DEBUG org.eclipse.jetty.util.thread.QueuedThreadPool -- Evict skipped, no excess threads QueuedThreadPool[JettyServerThreadPool]@77865933{STOPPING,8<=0<=250,i=16,r=-1,t=59937ms,q=0}[NO_TRY]
09:34:41.207 [JettyServerThreadPool-53] DEBUG org.eclipse.jetty.util.thread.QueuedThreadPool -- Thread[#53,JettyServerThreadPool-53,5,main] exited for QueuedThreadPool[JettyServerThreadPool]@77865933{STOPPING,8<=0<=250,i=16,r=-1,t=59936ms,q=0}[NO_TRY]
09:34:41.208 [main] DEBUG org.eclipse.jetty.util.thread.QueuedThreadPool -- Waiting for Thread[#55,JettyServerThreadPool-55,5,] for 2484
09:34:41.208 [main] DEBUG org.eclipse.jetty.util.thread.QueuedThreadPool -- Waiting for Thread[#67,JettyServerThreadPool-67,5,main] for 2483
09:34:41.193 [JettyServerThreadPool-67] DEBUG org.eclipse.jetty.util.thread.QueuedThreadPool -- ran org.eclipse.jetty.util.thread.QueuedThreadPool$$Lambda/0x000001cc112a7130@32fc3a5b in QueuedThreadPool[JettyServerThreadPool]@77865933{STOPPING,8<=0<=250,i=13,r=-1,t=59950ms,q=0}[NO_TRY]
09:34:41.208 [JettyServerThreadPool-67] DEBUG org.eclipse.jetty.util.thread.QueuedThreadPool -- Evict skipped, no excess threads QueuedThreadPool[JettyServerThreadPool]@77865933{STOPPING,8<=0<=250,i=17,r=-1,t=59935ms,q=0}[NO_TRY]
09:34:41.209 [JettyServerThreadPool-67] DEBUG org.eclipse.jetty.util.thread.QueuedThreadPool -- Thread[#67,JettyServerThreadPool-67,5,main] exited for QueuedThreadPool[JettyServerThreadPool]@77865933{STOPPING,8<=0<=250,i=17,r=-1,t=59934ms,q=0}[NO_TRY]
09:34:41.211 [main] DEBUG org.eclipse.jetty.util.component.AbstractLifeCycle -- STOPPED QueuedThreadPool[JettyServerThreadPool]@77865933{STOPPED,8<=0<=250,i=17,r=-1,t=59933ms,q=0}[NO_TRY]
09:34:41.211 [main] DEBUG org.eclipse.jetty.util.component.AbstractLifeCycle -- STOPPED Server@4d18b73a{STOPPED}[11.0.20,sto=0]
09:34:41.211 [main] INFO io.javalin.Javalin -- Javalin has stopped
]]></system-out>
  </testcase>
</testsuite>