<?xml version="1.0" encoding="UTF-8"?>
<testsuite xmlns:xsi="http://www.w3.org/2001/XMLSchema-instance" xsi:noNamespaceSchemaLocation="https://maven.apache.org/surefire/maven-surefire-plugin/xsd/surefire-test-report-3.0.xsd" version="3.0" name="controller.PrintControllerIntegrationTest" time="2.876" tests="1" errors="0" skipped="0" failures="0">
  <properties>
[...]
</properties>
  <testcase name="postToPrint_withValidRequest_shouldReturn200" classname="controller.PrintControllerIntegrationTest" time="2.797">
    <system-err><![CDATA[WARNING: A Java agent has been loaded dynamically (C:\Users\vista\.m2\repository\net\bytebuddy\byte-buddy-agent\1.14.15\byte-buddy-agent-1.14.15.jar)
WARNING: If a serviceability tool is in use, please run with -XX:+EnableDynamicAgentLoading to hide this warning
WARNING: If a serviceability tool is not in use, please run with -Djdk.instrument.traceUsage for more information
WARNING: Dynamic loading of agents will be disallowed by default in a future release
[main] INFO io.javalin.Javalin - Starting Javalin ...
[main] INFO org.eclipse.jetty.server.Server - jetty-11.0.20; built: 2024-01-29T21:04:22.394Z; git: 922f8dc188f7011e60d0361de585fd4ac4d63064; jvm 21.0.7+8-LTS-245
[main] INFO org.eclipse.jetty.server.session.DefaultSessionIdManager - Session workerName=node0
[main] INFO org.eclipse.jetty.server.handler.ContextHandler - Started o.e.j.s.ServletContextHandler@4417af13{/,null,AVAILABLE}
[main] INFO org.eclipse.jetty.server.AbstractConnector - Started ServerConnector@540a903b{HTTP/1.1, (http/1.1)}{0.0.0.0:59900}
[main] INFO org.eclipse.jetty.server.Server - Started Server@616b241a{STARTING}[11.0.20,sto=0] @2586ms
[main] INFO io.javalin.Javalin - 
       __                  ___           _____
      / /___ __   ______ _/ (_)___      / ___/
 __  / / __ `/ | / / __ `/ / / __ \    / __ \
/ /_/ / /_/ /| |/ / /_/ / / / / / /   / /_/ /
\____/\__,_/ |___/\__,_/_/_/_/ /_/    \____/

       https://javalin.io/documentation

[main] INFO io.javalin.Javalin - Javalin started in 533ms \o/
[main] INFO io.javalin.Javalin - Listening on http://localhost:59900/
[main] INFO io.javalin.Javalin - You are running Javalin 6.1.3 (released March 2, 2024. Your Javalin version is 497 days old. Consider checking for a newer version.).
[main] INFO io.javalin.Javalin - Stopping Javalin ...
[main] INFO org.eclipse.jetty.server.Server - Stopped Server@616b241a{STOPPING}[11.0.20,sto=0]
[main] INFO org.eclipse.jetty.server.AbstractConnector - Stopped ServerConnector@540a903b{HTTP/1.1, (http/1.1)}{0.0.0.0:0}
[main] INFO org.eclipse.jetty.server.handler.ContextHandler - Stopped o.e.j.s.ServletContextHandler@4417af13{/,null,STOPPED}
[main] INFO io.javalin.Javalin - Javalin has stopped
]]></system-err>
  </testcase>
</testsuite>